<?xml version="1.0" encoding="UTF-8"?>
<coverage generated="1786761945400" clover="3.2.0">
  <project timestamp="1786761945400" name="All files">
    <metrics statements="1658" coveredstatements="863" conditionals="1011" coveredconditionals="417" methods="318" coveredmethods="145" elements="2987" coveredelements="1425" complexity="0" loc="1658" ncloc="1658" packages="27" files="89" classes="89"/>
    <package name="agent">
      <metrics statements="247" coveredstatements="188" conditionals="137" coveredconditionals="100" methods="53" coveredmethods="32"/>
      <file name="cli.ts" path="/Users/kdanmobile/Documents/private/motife/.claude/worktrees/next-phase-planning-8fadee/src/agent/cli.ts">
        <metrics statements="28" coveredstatements="0" conditionals="13" coveredconditionals="0" methods="15" coveredmethods="0"/>
        <line num="19" count="0" type="stmt"/>
        <line num="22" count="0" type="stmt"/>
        <line num="26" count="0" type="stmt"/>
        <line num="30" count="0" type="stmt"/>
        <line num="34" count="0" type="stmt"/>
        <line num="38" count="0" type="stmt"/>
        <line num="42" count="0" type="stmt"/>
        <line num="46" count="0" type="stmt"/>
        <line num="50" count="0" type="stmt"/>
        <line num="54" count="0" type="stmt"/>
        <line num="59" count="0" type="stmt"/>
        <line num="60" count="0" type="stmt"/>
        <line num="61" count="0" type="stmt"/>
        <line num="63" count="0" type="stmt"/>
        <line num="74" count="0" type="stmt"/>
        <line num="75" count="0" type="cond" truecount="0" falsecount="5"/>
        <line num="76" count="0" type="stmt"/>
        <line num="77" count="0" type="cond" truecount="0" falsecount="2"/>
        <line num="79" count="0" type="stmt"/>
        <line num="80" count="0" type="cond" truecount="0" falsecount="2"/>
        <line num="81" count="0" type="stmt"/>
        <line num="82" count="0" type="stmt"/>
        <line num="84" count="0" type="stmt"/>
        <line num="85" count="0" type="stmt"/>
        <line num="88" count="0" type="stmt"/>
        <line num="90" count="0" type="stmt"/>
        <line num="93" count="0" type="cond" truecount="0" falsecount="4"/>
        <line num="94" count="0" type="stmt"/>
      </file>
      <file name="docJson.ts" path="/Users/kdanmobile/Documents/private/motife/.claude/worktrees/next-phase-planning-8fadee/src/agent/docJson.ts">
        <metrics statements="13" coveredstatements="12" conditionals="17" coveredconditionals="13" methods="3" coveredmethods="3"/>
        <line num="10" count="35" type="stmt"/>
        <line num="11" count="35" type="stmt"/>
        <line num="12" count="35" type="cond" truecount="2" falsecount="0"/>
        <line num="13" count="35" type="cond" truecount="2" falsecount="0"/>
        <line num="14" count="15" type="stmt"/>
        <line num="15" count="15" type="stmt"/>
        <line num="16" count="15" type="cond" truecount="2" falsecount="2"/>
        <line num="18" count="35" type="stmt"/>
        <line num="22" count="1" type="cond" truecount="4" falsecount="1"/>
        <line num="23" count="1" type="stmt"/>
        <line num="24" count="1" type="cond" truecount="3" falsecount="1"/>
        <line num="26" count="0" type="stmt"/>
        <line num="33" count="11" type="stmt"/>
      </file>
      <file name="evalConcepts.ts" path="/Users/kdanmobile/Documents/private/motife/.claude/worktrees/next-phase-planning-8fadee/src/agent/evalConcepts.ts">
        <metrics statements="1" coveredstatements="0" conditionals="0" coveredconditionals="0" methods="0" coveredmethods="0"/>
        <line num="13" count="0" type="stmt"/>
      </file>
      <file name="fakeLlm.ts" path="/Users/kdanmobile/Documents/private/motife/.claude/worktrees/next-phase-planning-8fadee/src/agent/fakeLlm.ts">
        <metrics statements="8" coveredstatements="7" conditionals="2" coveredconditionals="1" methods="2" coveredmethods="2"/>
        <line num="8" count="23" type="stmt"/>
        <line num="12" count="23" type="stmt"/>
        <line num="16" count="31" type="stmt"/>
        <line num="17" count="31" type="stmt"/>
        <line num="18" count="31" type="stmt"/>
        <line num="19" count="31" type="cond" truecount="1" falsecount="1"/>
        <line num="20" count="0" type="stmt"/>
        <line num="24" count="31" type="stmt"/>
      </file>
      <file name="generate.ts" path="/Users/kdanmobile/Documents/private/motife/.claude/worktrees/next-phase-planning-8fadee/src/agent/generate.ts">
        <metrics statements="26" coveredstatements="26" conditionals="14" coveredconditionals="12" methods="1" coveredmethods="1"/>
        <line num="12" count="2" type="stmt"/>
        <line num="52" count="17" type="cond" truecount="2" falsecount="0"/>
        <line num="53" count="17" type="stmt"/>
        <line num="57" count="17" type="stmt"/>
        <line num="59" count="17" type="stmt"/>
        <line num="60" count="26" type="stmt"/>
        <line num="61" count="26" type="stmt"/>
        <line num="63" count="26" type="stmt"/>
        <line num="64" count="26" type="stmt"/>
        <line num="67" count="26" type="stmt"/>
        <line num="68" count="26" type="stmt"/>
        <line num="70" count="11" type="stmt"/>
        <line num="71" count="11" type="stmt"/>
        <line num="74" count="26" type="cond" truecount="2" falsecount="0"/>
        <line num="75" count="15" type="stmt"/>
        <line num="76" count="15" type="cond" truecount="2" falsecount="0"/>
        <line num="77" count="14" type="stmt"/>
        <line num="83" count="1" type="cond" truecount="1" falsecount="1"/>
        <line num="87" count="26" type="stmt"/>
        <line num="88" count="26" type="stmt"/>
        <line num="89" count="26" type="stmt"/>
        <line num="91" count="26" type="cond" truecount="2" falsecount="0"/>
        <line num="92" count="14" type="stmt"/>
        <line num="97" count="12" type="stmt"/>
        <line num="98" count="12" type="stmt"/>
        <line num="107" count="3" type="stmt"/>
      </file>
      <file name="llm.ts" path="/Users/kdanmobile/Documents/private/motife/.claude/worktrees/next-phase-planning-8fadee/src/agent/llm.ts">
        <metrics statements="21" coveredstatements="8" conditionals="15" coveredconditionals="6" methods="5" coveredmethods="2"/>
        <line num="38" count="1" type="stmt"/>
        <line num="41" count="0" type="stmt"/>
        <line num="42" count="0" type="cond" truecount="0" falsecount="2"/>
        <line num="43" count="0" type="stmt"/>
        <line num="48" count="0" type="stmt"/>
        <line num="49" count="0" type="stmt"/>
        <line num="51" count="0" type="stmt"/>
        <line num="56" count="0" type="stmt"/>
        <line num="62" count="0" type="cond" truecount="0" falsecount="5"/>
        <line num="64" count="0" type="stmt"/>
        <line num="66" count="0" type="stmt"/>
        <line num="68" count="0" type="stmt"/>
        <line num="70" count="0" type="stmt"/>
        <line num="72" count="0" type="stmt"/>
        <line num="78" count="5" type="cond" truecount="2" falsecount="0"/>
        <line num="81" count="3" type="stmt"/>
        <line num="83" count="2" type="cond" truecount="2" falsecount="0"/>
        <line num="84" count="1" type="stmt"/>
        <line num="86" count="1" type="stmt"/>
        <line num="87" count="2" type="cond" truecount="2" falsecount="0"/>
        <line num="91" count="1" type="stmt"/>
      </file>
      <file name="pipeline.ts" path="/Users/kdanmobile/Documents/private/motife/.claude/worktrees/next-phase-planning-8fadee/src/agent/pipeline.ts">
        <metrics statements="79" coveredstatements="78" conditionals="31" coveredconditionals="29" methods="6" coveredmethods="6"/>
        <line num="58" count="1" type="stmt"/>
        <line num="87" count="7" type="stmt"/>
        <line num="88" count="7" type="cond" truecount="2" falsecount="0"/>
        <line num="89" count="7" type="cond" truecount="2" falsecount="0"/>
        <line num="90" count="7" type="stmt"/>
        <line num="91" count="7" type="stmt"/>
        <line num="97" count="7" type="stmt"/>
        <line num="98" count="7" type="stmt"/>
        <line num="104" count="10" type="stmt"/>
        <line num="105" count="10" type="stmt"/>
        <line num="106" count="10" type="cond" truecount="2" falsecount="0"/>
        <line num="107" count="4" type="stmt"/>
        <line num="108" count="4" type="stmt"/>
        <line num="112" count="7" type="cond" truecount="2" falsecount="0"/>
        <line num="113" count="1" type="stmt"/>
        <line num="114" count="1" type="stmt"/>
        <line num="123" count="6" type="stmt"/>
        <line num="124" count="6" type="stmt"/>
        <line num="128" count="6" type="stmt"/>
        <line num="129" count="6" type="stmt"/>
        <line num="130" count="6" type="stmt"/>
        <line num="132" count="6" type="stmt"/>
        <line num="133" count="9" type="stmt"/>
        <line num="134" count="9" type="stmt"/>
        <line num="135" count="9" type="stmt"/>
        <line num="136" count="9" type="stmt"/>
        <line num="139" count="9" type="stmt"/>
        <line num="141" count="9" type="cond" truecount="2" falsecount="0"/>
        <line num="142" count="1" type="stmt"/>
        <line num="143" count="1" type="stmt"/>
        <line num="151" count="1" type="stmt"/>
        <line num="152" count="1" type="stmt"/>
        <line num="156" count="1" type="stmt"/>
        <line num="157" count="1" type="stmt"/>
        <line num="160" count="9" type="stmt"/>
        <line num="161" count="9" type="stmt"/>
        <line num="167" count="9" type="stmt"/>
        <line num="168" count="9" type="stmt"/>
        <line num="169" count="9" type="stmt"/>
        <line num="171" count="9" type="stmt"/>
        <line num="172" count="9" type="stmt"/>
        <line num="178" count="9" type="stmt"/>
        <line num="179" count="9" type="stmt"/>
        <line num="180" count="9" type="stmt"/>
        <line num="181" count="108" type="stmt"/>
        <line num="188" count="9" type="stmt"/>
        <line num="193" count="9" type="stmt"/>
        <line num="194" count="9" type="stmt"/>
        <line num="195" count="9" type="stmt"/>
        <line num="197" count="9" type="stmt"/>
        <line num="198" count="9" type="stmt"/>
        <line num="199" count="9" type="stmt"/>
        <line num="201" count="9" type="cond" truecount="2" falsecount="0"/>
        <line num="202" count="4" type="stmt"/>
        <line num="203" count="4" type="stmt"/>
        <line num="205" count="5" type="cond" truecount="2" falsecount="0"/>
        <line num="207" count="4" type="stmt"/>
        <line num="208" count="4" type="stmt"/>
        <line num="214" count="7" type="stmt"/>
        <line num="215" count="7" type="stmt"/>
        <line num="216" count="7" type="cond" truecount="2" falsecount="0"/>
        <line num="217" count="4" type="stmt"/>
        <line num="221" count="4" type="cond" truecount="2" falsecount="0"/>
        <line num="223" count="1" type="stmt"/>
        <line num="224" count="1" type="stmt"/>
        <line num="226" count="3" type="stmt"/>
        <line num="227" count="3" type="stmt"/>
        <line num="230" count="9" type="cond" truecount="2" falsecount="0"/>
        <line num="231" count="6" type="stmt"/>
        <line num="239" count="6" type="stmt"/>
        <line num="249" count="19" type="stmt"/>
        <line num="250" count="19" type="cond" truecount="1" falsecount="1"/>
        <line num="251" count="0" type="stmt"/>
        <line num="253" count="19" type="stmt"/>
        <line num="264" count="7" type="stmt"/>
        <line num="271" count="7" type="stmt"/>
        <line num="272" count="9" type="stmt"/>
        <line num="277" count="7" type="stmt"/>
        <line num="285" count="7" type="stmt"/>
      </file>
      <file name="prompt.ts" path="/Users/kdanmobile/Documents/private/motife/.claude/worktrees/next-phase-planning-8fadee/src/agent/prompt.ts">
        <metrics statements="8" coveredstatements="8" conditionals="7" coveredconditionals="7" methods="2" coveredmethods="2"/>
        <line num="13" count="2" type="stmt"/>
        <line num="25" count="2" type="cond" truecount="2" falsecount="0"/>
        <line num="26" count="2" type="cond" truecount="2" falsecount="0"/>
        <line num="28" count="2" type="stmt"/>
        <line num="29" count="2" type="stmt"/>
        <line num="31" count="2" type="stmt"/>
        <line num="34" count="3" type="stmt"/>
        <line num="38" count="2" type="stmt"/>
      </file>
      <file name="providers.ts" path="/Users/kdanmobile/Documents/private/motife/.claude/worktrees/next-phase-planning-8fadee/src/agent/providers.ts">
        <metrics statements="17" coveredstatements="17" conditionals="20" coveredconditionals="20" methods="6" coveredmethods="6"/>
        <line num="11" count="2" type="stmt"/>
        <line num="13" count="2" type="stmt"/>
        <line num="22" count="2" type="stmt"/>
        <line num="32" count="2" type="stmt"/>
        <line num="35" count="15" type="stmt"/>
        <line num="42" count="9" type="stmt"/>
        <line num="43" count="9" type="cond" truecount="4" falsecount="0"/>
        <line num="47" count="5" type="cond" truecount="3" falsecount="0"/>
        <line num="48" count="5" type="cond" truecount="2" falsecount="0"/>
        <line num="49" count="2" type="stmt"/>
        <line num="53" count="3" type="stmt"/>
        <line num="57" count="3" type="cond" truecount="3" falsecount="0"/>
        <line num="61" count="4" type="cond" truecount="3" falsecount="0"/>
        <line num="62" count="4" type="cond" truecount="2" falsecount="0"/>
        <line num="63" count="1" type="stmt"/>
        <line num="67" count="3" type="stmt"/>
        <line num="71" count="2" type="cond" truecount="3" falsecount="0"/>
      </file>
      <file name="render.ts" path="/Users/kdanmobile/Documents/private/motife/.claude/worktrees/next-phase-planning-8fadee/src/agent/render.ts">
        <metrics statements="17" coveredstatements="3" conditionals="6" coveredconditionals="0" methods="4" coveredmethods="1"/>
        <line num="27" count="1" type="stmt"/>
        <line num="44" count="0" type="stmt"/>
        <line num="46" count="0" type="cond" truecount="0" falsecount="2"/>
        <line num="55" count="0" type="stmt"/>
        <line num="60" count="0" type="stmt"/>
        <line num="61" count="0" type="stmt"/>
        <line num="65" count="0" type="stmt"/>
        <line num="66" count="0" type="stmt"/>
        <line num="83" count="1" type="stmt"/>
        <line num="88" count="108" type="stmt"/>
        <line num="96" count="0" type="stmt"/>
        <line num="97" count="0" type="stmt"/>
        <line num="98" count="0" type="stmt"/>
        <line num="99" count="0" type="stmt"/>
        <line num="100" count="0" type="stmt"/>
        <line num="109" count="0" type="stmt"/>
        <line num="111" count="0" type="stmt"/>
      </file>
      <file name="revise.ts" path="/Users/kdanmobile/Documents/private/motife/.claude/worktrees/next-phase-planning-8fadee/src/agent/revise.ts">
        <metrics statements="2" coveredstatements="2" conditionals="0" coveredconditionals="0" methods="2" coveredmethods="2"/>
        <line num="10" count="4" type="stmt"/>
        <line num="34" count="4" type="stmt"/>
      </file>
      <file name="runInputs.ts" path="/Users/kdanmobile/Documents/private/motife/.claude/worktrees/next-phase-planning-8fadee/src/agent/runInputs.ts">
        <metrics statements="11" coveredstatements="11" conditionals="6" coveredconditionals="6" methods="2" coveredmethods="2"/>
        <line num="16" count="6" type="stmt"/>
        <line num="18" count="6" type="cond" truecount="4" falsecount="0"/>
        <line num="19" count="6" type="stmt"/>
        <line num="22" count="6" type="stmt"/>
        <line num="23" count="6" type="stmt"/>
        <line num="26" count="3" type="cond" truecount="2" falsecount="0"/>
        <line num="28" count="4" type="stmt"/>
        <line num="30" count="6" type="stmt"/>
        <line num="34" count="5" type="stmt"/>
        <line num="35" count="5" type="stmt"/>
        <line num="37" count="4" type="stmt"/>
      </file>
      <file name="rundir.ts" path="/Users/kdanmobile/Documents/private/motife/.claude/worktrees/next-phase-planning-8fadee/src/agent/rundir.ts">
        <metrics statements="16" coveredstatements="16" conditionals="6" coveredconditionals="6" methods="5" coveredmethods="5"/>
        <line num="26" count="17" type="stmt"/>
        <line num="50" count="10" type="stmt"/>
        <line num="51" count="10" type="stmt"/>
        <line num="63" count="7" type="stmt"/>
        <line num="72" count="3" type="stmt"/>
        <line num="77" count="3" type="stmt"/>
        <line num="82" count="3" type="stmt"/>
        <line num="83" count="3" type="cond" truecount="2" falsecount="0"/>
        <line num="84" count="3" type="stmt"/>
        <line num="88" count="10" type="stmt"/>
        <line num="89" count="10" type="stmt"/>
        <line num="90" count="10" type="stmt"/>
        <line num="91" count="10" type="stmt"/>
        <line num="92" count="10" type="cond" truecount="2" falsecount="0"/>
        <line num="93" count="9" type="stmt"/>
        <line num="95" count="10" type="stmt"/>
      </file>
    </package>
    <package name="agent.commands">
      <metrics statements="313" coveredstatements="0" conditionals="134" coveredconditionals="0" methods="21" coveredmethods="0"/>
      <file name="critique.ts" path="/Users/kdanmobile/Documents/private/motife/.claude/worktrees/next-phase-planning-8fadee/src/agent/commands/critique.ts">
        <metrics statements="38" coveredstatements="0" conditionals="8" coveredconditionals="0" methods="1" coveredmethods="0"/>
        <line num="18" count="0" type="stmt"/>
        <line num="31" count="0" type="stmt"/>
        <line num="32" count="0" type="stmt"/>
        <line num="43" count="0" type="stmt"/>
        <line num="44" count="0" type="stmt"/>
        <line num="46" count="0" type="cond" truecount="0" falsecount="2"/>
        <line num="47" count="0" type="stmt"/>
        <line num="48" count="0" type="stmt"/>
        <line num="50" count="0" type="stmt"/>
        <line num="51" count="0" type="cond" truecount="0" falsecount="2"/>
        <line num="52" count="0" type="stmt"/>
        <line num="53" count="0" type="stmt"/>
        <line num="55" count="0" type="cond" truecount="0" falsecount="2"/>
        <line num="56" count="0" type="stmt"/>
        <line num="58" count="0" type="stmt"/>
        <line num="59" count="0" type="stmt"/>
        <line num="60" count="0" type="cond" truecount="0" falsecount="2"/>
        <line num="61" count="0" type="stmt"/>
        <line num="62" count="0" type="stmt"/>
        <line num="67" count="0" type="stmt"/>
        <line num="68" count="0" type="stmt"/>
        <line num="69" count="0" type="stmt"/>
        <line num="70" count="0" type="stmt"/>
        <line num="71" count="0" type="stmt"/>
        <line num="78" count="0" type="stmt"/>
        <line num="82" count="0" type="stmt"/>
        <line num="86" count="0" type="stmt"/>
        <line num="87" count="0" type="stmt"/>
        <line num="88" count="0" type="stmt"/>
        <line num="89" count="0" type="stmt"/>
        <line num="91" count="0" type="stmt"/>
        <line num="92" count="0" type="stmt"/>
        <line num="94" count="0" type="stmt"/>
        <line num="95" count="0" type="stmt"/>
        <line num="97" count="0" type="stmt"/>
        <line num="98" count="0" type="stmt"/>
        <line num="99" count="0" type="stmt"/>
        <line num="100" count="0" type="stmt"/>
      </file>
      <file name="eval.ts" path="/Users/kdanmobile/Documents/private/motife/.claude/worktrees/next-phase-planning-8fadee/src/agent/commands/eval.ts">
        <metrics statements="57" coveredstatements="0" conditionals="24" coveredconditionals="0" methods="8" coveredmethods="0"/>
        <line num="23" count="0" type="stmt"/>
        <line num="40" count="0" type="stmt"/>
        <line num="41" count="0" type="stmt"/>
        <line num="58" count="0" type="stmt"/>
        <line num="59" count="0" type="stmt"/>
        <line num="61" count="0" type="cond" truecount="0" falsecount="2"/>
        <line num="62" count="0" type="stmt"/>
        <line num="63" count="0" type="stmt"/>
        <line num="66" count="0" type="stmt"/>
        <line num="67" count="0" type="cond" truecount="0" falsecount="2"/>
        <line num="68" count="0" type="stmt"/>
        <line num="70" count="0" type="cond" truecount="0" falsecount="2"/>
        <line num="71" count="0" type="stmt"/>
        <line num="72" count="0" type="stmt"/>
        <line num="74" count="0" type="stmt"/>
        <line num="77" count="0" type="stmt"/>
        <line num="78" count="0" type="stmt"/>
        <line num="79" count="0" type="stmt"/>
        <line num="80" count="0" type="stmt"/>
        <line num="82" count="0" type="stmt"/>
        <line num="83" count="0" type="stmt"/>
        <line num="84" count="0" type="stmt"/>
        <line num="92" count="0" type="stmt"/>
        <line num="94" count="0" type="stmt"/>
        <line num="95" count="0" type="stmt"/>
        <line num="97" count="0" type="stmt"/>
        <line num="98" count="0" type="cond" truecount="0" falsecount="2"/>
        <line num="99" count="0" type="stmt"/>
        <line num="100" count="0" type="stmt"/>
        <line num="106" count="0" type="stmt"/>
        <line num="107" count="0" type="stmt"/>
        <line num="108" count="0" type="stmt"/>
        <line num="119" count="0" type="stmt"/>
        <line num="121" count="0" type="stmt"/>
        <line num="130" count="0" type="stmt"/>
        <line num="131" count="0" type="stmt"/>
        <line num="141" count="0" type="stmt"/>
        <line num="142" count="0" type="stmt"/>
        <line num="143" count="0" type="stmt"/>
        <line num="145" count="0" type="stmt"/>
        <line num="146" count="0" type="cond" truecount="0" falsecount="2"/>
        <line num="147" count="0" type="stmt"/>
        <line num="148" count="0" type="stmt"/>
        <line num="150" count="0" type="stmt"/>
        <line num="151" count="0" type="stmt"/>
        <line num="166" count="0" type="stmt"/>
        <line num="173" count="0" type="stmt"/>
        <line num="174" count="0" type="stmt"/>
        <line num="175" count="0" type="cond" truecount="0" falsecount="4"/>
        <line num="176" count="0" type="stmt"/>
        <line num="177" count="0" type="stmt"/>
        <line num="179" count="0" type="stmt"/>
        <line num="180" count="0" type="stmt"/>
        <line num="185" count="0" type="stmt"/>
        <line num="194" count="0" type="stmt"/>
        <line num="199" count="0" type="stmt"/>
        <line num="203" count="0" type="stmt"/>
      </file>
      <file name="generate.ts" path="/Users/kdanmobile/Documents/private/motife/.claude/worktrees/next-phase-planning-8fadee/src/agent/commands/generate.ts">
        <metrics statements="36" coveredstatements="0" conditionals="16" coveredconditionals="0" methods="2" coveredmethods="0"/>
        <line num="13" count="0" type="stmt"/>
        <line num="26" count="0" type="stmt"/>
        <line num="27" count="0" type="stmt"/>
        <line num="41" count="0" type="stmt"/>
        <line num="42" count="0" type="stmt"/>
        <line num="44" count="0" type="cond" truecount="0" falsecount="2"/>
        <line num="45" count="0" type="stmt"/>
        <line num="46" count="0" type="stmt"/>
        <line num="48" count="0" type="stmt"/>
        <line num="49" count="0" type="cond" truecount="0" falsecount="2"/>
        <line num="50" count="0" type="stmt"/>
        <line num="51" count="0" type="stmt"/>
        <line num="54" count="0" type="stmt"/>
        <line num="55" count="0" type="stmt"/>
        <line num="56" count="0" type="stmt"/>
        <line num="58" count="0" type="stmt"/>
        <line num="63" count="0" type="cond" truecount="0" falsecount="2"/>
        <line num="64" count="0" type="stmt"/>
        <line num="65" count="0" type="stmt"/>
        <line num="66" count="0" type="stmt"/>
        <line num="68" count="0" type="stmt"/>
        <line num="75" count="0" type="stmt"/>
        <line num="76" count="0" type="stmt"/>
        <line num="77" count="0" type="cond" truecount="0" falsecount="2"/>
        <line num="78" count="0" type="stmt"/>
        <line num="79" count="0" type="stmt"/>
        <line num="81" count="0" type="stmt"/>
        <line num="86" count="0" type="cond" truecount="0" falsecount="2"/>
        <line num="87" count="0" type="stmt"/>
        <line num="91" count="0" type="stmt"/>
        <line num="94" count="0" type="stmt"/>
        <line num="95" count="0" type="cond" truecount="0" falsecount="2"/>
        <line num="96" count="0" type="stmt"/>
        <line num="98" count="0" type="stmt"/>
        <line num="99" count="0" type="stmt"/>
        <line num="100" count="0" type="stmt"/>
      </file>
      <file name="render.ts" path="/Users/kdanmobile/Documents/private/motife/.claude/worktrees/next-phase-planning-8fadee/src/agent/commands/render.ts">
        <metrics statements="20" coveredstatements="0" conditionals="8" coveredconditionals="0" methods="1" coveredmethods="0"/>
        <line num="9" count="0" type="stmt"/>
        <line num="21" count="0" type="stmt"/>
        <line num="22" count="0" type="stmt"/>
        <line num="32" count="0" type="stmt"/>
        <line num="33" count="0" type="stmt"/>
        <line num="35" count="0" type="cond" truecount="0" falsecount="2"/>
        <line num="36" count="0" type="stmt"/>
        <line num="37" count="0" type="stmt"/>
        <line num="39" count="0" type="stmt"/>
        <line num="40" count="0" type="cond" truecount="0" falsecount="2"/>
        <line num="41" count="0" type="stmt"/>
        <line num="42" count="0" type="stmt"/>
        <line num="45" count="0" type="stmt"/>
        <line num="46" count="0" type="stmt"/>
        <line num="47" count="0" type="cond" truecount="0" falsecount="2"/>
        <line num="49" count="0" type="cond" truecount="0" falsecount="2"/>
        <line num="50" count="0" type="stmt"/>
        <line num="55" count="0" type="stmt"/>
        <line num="56" count="0" type="stmt"/>
        <line num="57" count="0" type="stmt"/>
      </file>
      <file name="revise.ts" path="/Users/kdanmobile/Documents/private/motife/.claude/worktrees/next-phase-planning-8fadee/src/agent/commands/revise.ts">
        <metrics statements="41" coveredstatements="0" conditionals="12" coveredconditionals="0" methods="2" coveredmethods="0"/>
        <line num="15" count="0" type="stmt"/>
        <line num="30" count="0" type="stmt"/>
        <line num="31" count="0" type="stmt"/>
        <line num="43" count="0" type="stmt"/>
        <line num="44" count="0" type="stmt"/>
        <line num="46" count="0" type="cond" truecount="0" falsecount="2"/>
        <line num="47" count="0" type="stmt"/>
        <line num="48" count="0" type="stmt"/>
        <line num="50" count="0" type="stmt"/>
        <line num="51" count="0" type="cond" truecount="0" falsecount="2"/>
        <line num="52" count="0" type="stmt"/>
        <line num="53" count="0" type="stmt"/>
        <line num="55" count="0" type="cond" truecount="0" falsecount="2"/>
        <line num="56" count="0" type="stmt"/>
        <line num="57" count="0" type="stmt"/>
        <line num="60" count="0" type="stmt"/>
        <line num="61" count="0" type="stmt"/>
        <line num="63" count="0" type="stmt"/>
        <line num="67" count="0" type="stmt"/>
        <line num="69" count="0" type="stmt"/>
        <line num="71" count="0" type="stmt"/>
        <line num="72" count="0" type="stmt"/>
        <line num="73" count="0" type="stmt"/>
        <line num="74" count="0" type="stmt"/>
        <line num="75" count="0" type="stmt"/>
        <line num="77" count="0" type="stmt"/>
        <line num="83" count="0" type="stmt"/>
        <line num="84" count="0" type="stmt"/>
        <line num="85" count="0" type="cond" truecount="0" falsecount="2"/>
        <line num="86" count="0" type="stmt"/>
        <line num="87" count="0" type="stmt"/>
        <line num="89" count="0" type="stmt"/>
        <line num="94" count="0" type="cond" truecount="0" falsecount="2"/>
        <line num="95" count="0" type="stmt"/>
        <line num="98" count="0" type="stmt"/>
        <line num="101" count="0" type="stmt"/>
        <line num="102" count="0" type="stmt"/>
        <line num="103" count="0" type="cond" truecount="0" falsecount="2"/>
        <line num="104" count="0" type="stmt"/>
        <line num="105" count="0" type="stmt"/>
        <line num="106" count="0" type="stmt"/>
      </file>
      <file name="run.ts" path="/Users/kdanmobile/Documents/private/motife/.claude/worktrees/next-phase-planning-8fadee/src/agent/commands/run.ts">
        <metrics statements="31" coveredstatements="0" conditionals="20" coveredconditionals="0" methods="2" coveredmethods="0"/>
        <line num="19" count="0" type="stmt"/>
        <line num="36" count="0" type="stmt"/>
        <line num="37" count="0" type="stmt"/>
        <line num="55" count="0" type="stmt"/>
        <line num="56" count="0" type="stmt"/>
        <line num="58" count="0" type="cond" truecount="0" falsecount="2"/>
        <line num="59" count="0" type="stmt"/>
        <line num="60" count="0" type="stmt"/>
        <line num="62" count="0" type="stmt"/>
        <line num="63" count="0" type="cond" truecount="0" falsecount="2"/>
        <line num="64" count="0" type="stmt"/>
        <line num="65" count="0" type="stmt"/>
        <line num="68" count="0" type="stmt"/>
        <line num="69" count="0" type="stmt"/>
        <line num="70" count="0" type="stmt"/>
        <line num="71" count="0" type="stmt"/>
        <line num="73" count="0" type="stmt"/>
        <line num="74" count="0" type="cond" truecount="0" falsecount="2"/>
        <line num="75" count="0" type="stmt"/>
        <line num="76" count="0" type="stmt"/>
        <line num="82" count="0" type="cond" truecount="0" falsecount="2"/>
        <line num="83" count="0" type="stmt"/>
        <line num="84" count="0" type="stmt"/>
        <line num="85" count="0" type="cond" truecount="0" falsecount="2"/>
        <line num="87" count="0" type="stmt"/>
        <line num="98" count="0" type="stmt"/>
        <line num="101" count="0" type="cond" truecount="0" falsecount="2"/>
        <line num="102" count="0" type="cond" truecount="0" falsecount="2"/>
        <line num="103" count="0" type="stmt"/>
        <line num="105" count="0" type="stmt"/>
        <line num="109" count="0" type="stmt"/>
      </file>
      <file name="stills.ts" path="/Users/kdanmobile/Documents/private/motife/.claude/worktrees/next-phase-planning-8fadee/src/agent/commands/stills.ts">
        <metrics statements="26" coveredstatements="0" conditionals="8" coveredconditionals="0" methods="1" coveredmethods="0"/>
        <line num="12" count="0" type="stmt"/>
        <line num="24" count="0" type="stmt"/>
        <line num="25" count="0" type="stmt"/>
        <line num="35" count="0" type="stmt"/>
        <line num="36" count="0" type="stmt"/>
        <line num="38" count="0" type="cond" truecount="0" falsecount="2"/>
        <line num="39" count="0" type="stmt"/>
        <line num="40" count="0" type="stmt"/>
        <line num="42" count="0" type="stmt"/>
        <line num="43" count="0" type="cond" truecount="0" falsecount="2"/>
        <line num="44" count="0" type="stmt"/>
        <line num="45" count="0" type="stmt"/>
        <line num="47" count="0" type="cond" truecount="0" falsecount="2"/>
        <line num="49" count="0" type="stmt"/>
        <line num="50" count="0" type="stmt"/>
        <line num="52" count="0" type="stmt"/>
        <line num="53" count="0" type="cond" truecount="0" falsecount="2"/>
        <line num="54" count="0" type="stmt"/>
        <line num="55" count="0" type="stmt"/>
        <line num="58" count="0" type="stmt"/>
        <line num="59" count="0" type="stmt"/>
        <line num="64" count="0" type="stmt"/>
        <line num="70" count="0" type="stmt"/>
        <line num="71" count="0" type="stmt"/>
        <line num="73" count="0" type="stmt"/>
        <line num="74" count="0" type="stmt"/>
      </file>
      <file name="tts.ts" path="/Users/kdanmobile/Documents/private/motife/.claude/worktrees/next-phase-planning-8fadee/src/agent/commands/tts.ts">
        <metrics statements="41" coveredstatements="0" conditionals="20" coveredconditionals="0" methods="2" coveredmethods="0"/>
        <line num="16" count="0" type="stmt"/>
        <line num="32" count="0" type="stmt"/>
        <line num="33" count="0" type="stmt"/>
        <line num="47" count="0" type="stmt"/>
        <line num="48" count="0" type="stmt"/>
        <line num="50" count="0" type="cond" truecount="0" falsecount="2"/>
        <line num="51" count="0" type="stmt"/>
        <line num="52" count="0" type="stmt"/>
        <line num="54" count="0" type="stmt"/>
        <line num="55" count="0" type="cond" truecount="0" falsecount="2"/>
        <line num="56" count="0" type="stmt"/>
        <line num="57" count="0" type="stmt"/>
        <line num="59" count="0" type="stmt"/>
        <line num="60" count="0" type="cond" truecount="0" falsecount="2"/>
        <line num="63" count="0" type="stmt"/>
        <line num="64" count="0" type="stmt"/>
        <line num="66" count="0" type="stmt"/>
        <line num="67" count="0" type="stmt"/>
        <line num="69" count="0" type="stmt"/>
        <line num="70" count="0" type="stmt"/>
        <line num="71" count="0" type="cond" truecount="0" falsecount="2"/>
        <line num="72" count="0" type="stmt"/>
        <line num="73" count="0" type="stmt"/>
        <line num="76" count="0" type="stmt"/>
        <line num="78" count="0" type="cond" truecount="0" falsecount="2"/>
        <line num="82" count="0" type="cond" truecount="0" falsecount="2"/>
        <line num="83" count="0" type="cond" truecount="0" falsecount="2"/>
        <line num="85" count="0" type="stmt"/>
        <line num="92" count="0" type="stmt"/>
        <line num="94" count="0" type="stmt"/>
        <line num="98" count="0" type="stmt"/>
        <line num="99" count="0" type="stmt"/>
        <line num="100" count="0" type="cond" truecount="0" falsecount="2"/>
        <line num="102" count="0" type="stmt"/>
        <line num="103" count="0" type="stmt"/>
        <line num="105" count="0" type="cond" truecount="0" falsecount="2"/>
        <line num="106" count="0" type="stmt"/>
        <line num="109" count="0" type="stmt"/>
        <line num="110" count="0" type="stmt"/>
        <line num="111" count="0" type="stmt"/>
        <line num="112" count="0" type="stmt"/>
      </file>
      <file name="validate.ts" path="/Users/kdanmobile/Documents/private/motife/.claude/worktrees/next-phase-planning-8fadee/src/agent/commands/validate.ts">
        <metrics statements="23" coveredstatements="0" conditionals="18" coveredconditionals="0" methods="2" coveredmethods="0"/>
        <line num="12" count="0" type="stmt"/>
        <line num="13" count="0" type="cond" truecount="0" falsecount="5"/>
        <line num="14" count="0" type="stmt"/>
        <line num="15" count="0" type="stmt"/>
        <line num="19" count="0" type="stmt"/>
        <line num="20" count="0" type="stmt"/>
        <line num="22" count="0" type="stmt"/>
        <line num="23" count="0" type="stmt"/>
        <line num="29" count="0" type="stmt"/>
        <line num="30" count="0" type="stmt"/>
        <line num="32" count="0" type="stmt"/>
        <line num="37" count="0" type="stmt"/>
        <line num="40" count="0" type="stmt"/>
        <line num="41" count="0" type="cond" truecount="0" falsecount="2"/>
        <line num="42" count="0" type="stmt"/>
        <line num="43" count="0" type="stmt"/>
        <line num="46" count="0" type="cond" truecount="0" falsecount="2"/>
        <line num="47" count="0" type="stmt"/>
        <line num="48" count="0" type="stmt"/>
        <line num="52" count="0" type="cond" truecount="0" falsecount="5"/>
        <line num="53" count="0" type="stmt"/>
        <line num="54" count="0" type="cond" truecount="0" falsecount="4"/>
        <line num="56" count="0" type="stmt"/>
      </file>
    </package>
    <package name="compiler">
      <metrics statements="353" coveredstatements="333" conditionals="259" coveredconditionals="212" methods="75" coveredmethods="70"/>
      <file name="errors.ts" path="/Users/kdanmobile/Documents/private/motife/.claude/worktrees/next-phase-planning-8fadee/src/compiler/errors.ts">
        <metrics statements="14" coveredstatements="14" conditionals="10" coveredconditionals="10" methods="5" coveredmethods="4"/>
        <line num="56" count="2" type="stmt"/>
        <line num="57" count="2" type="stmt"/>
        <line num="58" count="2" type="stmt"/>
        <line num="62" count="9" type="stmt"/>
        <line num="74" count="16" type="cond" truecount="2" falsecount="0"/>
        <line num="76" count="51" type="stmt"/>
        <line num="77" count="15" type="stmt"/>
        <line num="78" count="15" type="stmt"/>
        <line num="85" count="16" type="stmt"/>
        <line num="87" count="51" type="stmt"/>
        <line num="88" count="51" type="stmt"/>
        <line num="89" count="51" type="stmt"/>
        <line num="92" count="51" type="stmt"/>
        <line num="96" count="16" type="stmt"/>
      </file>
      <file name="index.ts" path="/Users/kdanmobile/Documents/private/motife/.claude/worktrees/next-phase-planning-8fadee/src/compiler/index.ts">
        <metrics statements="0" coveredstatements="0" conditionals="0" coveredconditionals="0" methods="0" coveredmethods="0"/>
      </file>
      <file name="parse.ts" path="/Users/kdanmobile/Documents/private/motife/.claude/worktrees/next-phase-planning-8fadee/src/compiler/parse.ts">
        <metrics statements="14" coveredstatements="13" conditionals="14" coveredconditionals="13" methods="4" coveredmethods="4"/>
        <line num="26" count="79" type="stmt"/>
        <line num="27" count="79" type="cond" truecount="2" falsecount="0"/>
        <line num="28" count="2" type="stmt"/>
        <line num="31" count="77" type="stmt"/>
        <line num="32" count="151" type="stmt"/>
        <line num="33" count="77" type="cond" truecount="2" falsecount="0"/>
        <line num="34" count="24" type="stmt"/>
        <line num="37" count="53" type="stmt"/>
        <line num="41" count="1" type="cond" truecount="5" falsecount="1"/>
        <line num="42" count="1" type="stmt"/>
        <line num="44" count="0" type="stmt"/>
        <line num="51" count="14" type="stmt"/>
        <line num="52" count="14" type="cond" truecount="4" falsecount="0"/>
        <line num="53" count="12" type="stmt"/>
      </file>
      <file name="path.ts" path="/Users/kdanmobile/Documents/private/motife/.claude/worktrees/next-phase-planning-8fadee/src/compiler/path.ts">
        <metrics statements="9" coveredstatements="9" conditionals="8" coveredconditionals="7" methods="3" coveredmethods="3"/>
        <line num="8" count="10" type="cond" truecount="2" falsecount="0"/>
        <line num="9" count="9" type="stmt"/>
        <line num="10" count="9" type="stmt"/>
        <line num="11" count="14" type="cond" truecount="2" falsecount="0"/>
        <line num="12" count="2" type="stmt"/>
        <line num="14" count="12" type="cond" truecount="2" falsecount="0"/>
        <line num="17" count="9" type="stmt"/>
        <line num="24" count="20" type="stmt"/>
        <line num="25" count="18" type="cond" truecount="1" falsecount="1"/>
      </file>
      <file name="timeline.ts" path="/Users/kdanmobile/Documents/private/motife/.claude/worktrees/next-phase-planning-8fadee/src/compiler/timeline.ts">
        <metrics statements="2" coveredstatements="2" conditionals="0" coveredconditionals="0" methods="2" coveredmethods="2"/>
        <line num="15" count="22" type="stmt"/>
        <line num="19" count="5" type="stmt"/>
      </file>
      <file name="validate.ts" path="/Users/kdanmobile/Documents/private/motife/.claude/worktrees/next-phase-planning-8fadee/src/compiler/validate.ts">
        <metrics statements="251" coveredstatements="238" conditionals="173" coveredconditionals="144" methods="47" coveredmethods="44"/>
        <line num="30" count="9" type="stmt"/>
        <line num="32" count="9" type="stmt"/>
        <line num="38" count="9" type="stmt"/>
        <line num="39" count="9" type="stmt"/>
        <line num="40" count="9" type="stmt"/>
        <line num="49" count="151" type="stmt"/>
        <line num="53" count="77" type="stmt"/>
        <line num="55" count="77" type="stmt"/>
        <line num="56" count="77" type="stmt"/>
        <line num="57" count="77" type="stmt"/>
        <line num="59" count="77" type="stmt"/>
        <line num="60" count="306" type="stmt"/>
        <line num="63" count="77" type="stmt"/>
        <line num="67" count="77" type="stmt"/>
        <line num="68" count="77" type="stmt"/>
        <line num="69" count="77" type="stmt"/>
        <line num="70" count="306" type="cond" truecount="2" falsecount="0"/>
        <line num="71" count="4" type="stmt"/>
        <line num="81" count="306" type="stmt"/>
        <line num="83" count="77" type="stmt"/>
        <line num="87" count="77" type="stmt"/>
        <line num="88" count="306" type="stmt"/>
        <line num="90" count="306" type="stmt"/>
        <line num="91" count="77" type="cond" truecount="4" falsecount="0"/>
        <line num="92" count="3" type="stmt"/>
        <line num="105" count="306" type="stmt"/>
        <line num="106" count="77" type="stmt"/>
        <line num="107" count="77" type="cond" truecount="3" falsecount="1"/>
        <line num="108" count="0" type="stmt"/>
        <line num="121" count="77" type="cond" truecount="2" falsecount="0"/>
        <line num="122" count="2" type="stmt"/>
        <line num="132" count="77" type="cond" truecount="2" falsecount="0"/>
        <line num="133" count="2" type="stmt"/>
        <line num="144" count="77" type="stmt"/>
        <line num="145" count="77" type="stmt"/>
        <line num="146" count="306" type="stmt"/>
        <line num="147" count="306" type="cond" truecount="1" falsecount="1"/>
        <line num="148" count="0" type="stmt"/>
        <line num="160" count="306" type="stmt"/>
        <line num="163" count="77" type="stmt"/>
        <line num="167" count="77" type="stmt"/>
        <line num="168" count="77" type="stmt"/>
        <line num="169" count="306" type="stmt"/>
        <line num="170" count="306" type="cond" truecount="4" falsecount="0"/>
        <line num="171" count="306" type="cond" truecount="2" falsecount="0"/>
        <line num="173" count="29" type="stmt"/>
        <line num="174" count="29" type="stmt"/>
        <line num="175" count="29" type="stmt"/>
        <line num="176" count="29" type="cond" truecount="4" falsecount="0"/>
        <line num="177" count="1" type="stmt"/>
        <line num="178" count="1" type="stmt"/>
        <line num="189" count="77" type="stmt"/>
        <line num="193" count="306" type="stmt"/>
        <line num="194" count="306" type="stmt"/>
        <line num="195" count="306" type="cond" truecount="2" falsecount="0"/>
        <line num="196" count="107" type="stmt"/>
        <line num="197" count="107" type="stmt"/>
        <line num="207" count="199" type="cond" truecount="2" falsecount="0"/>
        <line num="208" count="2" type="stmt"/>
        <line num="209" count="2" type="stmt"/>
        <line num="219" count="197" type="stmt"/>
        <line num="223" count="306" type="stmt"/>
        <line num="224" count="306" type="stmt"/>
        <line num="226" count="306" type="stmt"/>
        <line num="228" count="306" type="stmt"/>
        <line num="229" count="306" type="stmt"/>
        <line num="230" count="306" type="stmt"/>
        <line num="232" count="306" type="stmt"/>
        <line num="236" count="306" type="cond" truecount="2" falsecount="0"/>
        <line num="237" count="66" type="cond" truecount="2" falsecount="0"/>
        <line num="238" count="2" type="stmt"/>
        <line num="250" count="306" type="stmt"/>
        <line num="258" count="306" type="stmt"/>
        <line num="259" count="306" type="stmt"/>
        <line num="260" count="306" type="cond" truecount="2" falsecount="0"/>
        <line num="262" count="306" type="stmt"/>
        <line num="263" count="66" type="stmt"/>
        <line num="265" count="66" type="cond" truecount="2" falsecount="0"/>
        <line num="266" count="1" type="stmt"/>
        <line num="275" count="65" type="cond" truecount="2" falsecount="0"/>
        <line num="276" count="31" type="stmt"/>
        <line num="277" count="31" type="cond" truecount="1" falsecount="1"/>
        <line num="278" count="0" type="stmt"/>
        <line num="287" count="31" type="cond" truecount="2" falsecount="0"/>
        <line num="288" count="1" type="stmt"/>
        <line num="305" count="30" type="stmt"/>
        <line num="311" count="34" type="stmt"/>
        <line num="314" count="66" type="stmt"/>
        <line num="317" count="306" type="stmt"/>
        <line num="325" count="360" type="cond" truecount="2" falsecount="0"/>
        <line num="326" count="296" type="cond" truecount="2" falsecount="0"/>
        <line num="327" count="2" type="stmt"/>
        <line num="337" count="294" type="stmt"/>
        <line num="340" count="64" type="stmt"/>
        <line num="341" count="64" type="stmt"/>
        <line num="342" count="64" type="stmt"/>
        <line num="343" count="64" type="stmt"/>
        <line num="345" count="3" type="cond" truecount="2" falsecount="0"/>
        <line num="346" count="1" type="stmt"/>
        <line num="358" count="2" type="cond" truecount="1" falsecount="1"/>
        <line num="359" count="2" type="stmt"/>
        <line num="369" count="0" type="cond" truecount="0" falsecount="2"/>
        <line num="370" count="0" type="stmt"/>
        <line num="380" count="0" type="stmt"/>
        <line num="395" count="883" type="stmt"/>
        <line num="396" count="883" type="stmt"/>
        <line num="397" count="647" type="cond" truecount="2" falsecount="0"/>
        <line num="398" count="883" type="stmt"/>
        <line num="399" count="436" type="stmt"/>
        <line num="401" count="883" type="cond" truecount="14" falsecount="0"/>
        <line num="403" count="96" type="stmt"/>
        <line num="404" count="316" type="cond" truecount="1" falsecount="1"/>
        <line num="405" count="96" type="stmt"/>
        <line num="408" count="211" type="stmt"/>
        <line num="409" count="211" type="stmt"/>
        <line num="412" count="8" type="stmt"/>
        <line num="413" count="8" type="stmt"/>
        <line num="416" count="19" type="stmt"/>
        <line num="420" count="202" type="stmt"/>
        <line num="421" count="202" type="stmt"/>
        <line num="424" count="33" type="stmt"/>
        <line num="425" count="90" type="stmt"/>
        <line num="426" count="33" type="stmt"/>
        <line num="429" count="73" type="stmt"/>
        <line num="430" count="73" type="stmt"/>
        <line num="433" count="48" type="stmt"/>
        <line num="434" count="48" type="stmt"/>
        <line num="437" count="31" type="stmt"/>
        <line num="438" count="31" type="stmt"/>
        <line num="441" count="30" type="stmt"/>
        <line num="442" count="30" type="stmt"/>
        <line num="445" count="30" type="stmt"/>
        <line num="446" count="30" type="stmt"/>
        <line num="449" count="66" type="cond" truecount="2" falsecount="0"/>
        <line num="450" count="2" type="stmt"/>
        <line num="462" count="64" type="stmt"/>
        <line num="464" count="66" type="stmt"/>
        <line num="465" count="66" type="stmt"/>
        <line num="468" count="36" type="stmt"/>
        <line num="469" count="36" type="stmt"/>
        <line num="472" count="883" type="stmt"/>
        <line num="481" count="73" type="stmt"/>
        <line num="482" count="73" type="stmt"/>
        <line num="483" count="164" type="cond" truecount="2" falsecount="0"/>
        <line num="485" count="73" type="stmt"/>
        <line num="486" count="73" type="stmt"/>
        <line num="487" count="138" type="cond" truecount="2" falsecount="0"/>
        <line num="488" count="1" type="stmt"/>
        <line num="498" count="138" type="stmt"/>
        <line num="501" count="73" type="stmt"/>
        <line num="502" count="73" type="stmt"/>
        <line num="503" count="66" type="cond" truecount="2" falsecount="0"/>
        <line num="504" count="66" type="cond" truecount="2" falsecount="0"/>
        <line num="505" count="1" type="stmt"/>
        <line num="515" count="66" type="stmt"/>
        <line num="517" count="66" type="cond" truecount="1" falsecount="1"/>
        <line num="518" count="0" type="stmt"/>
        <line num="528" count="66" type="cond" truecount="2" falsecount="0"/>
        <line num="529" count="2" type="stmt"/>
        <line num="541" count="73" type="cond" truecount="2" falsecount="0"/>
        <line num="542" count="84" type="cond" truecount="2" falsecount="0"/>
        <line num="543" count="42" type="cond" truecount="1" falsecount="1"/>
        <line num="544" count="0" type="stmt"/>
        <line num="554" count="42" type="stmt"/>
        <line num="556" count="42" type="cond" truecount="2" falsecount="0"/>
        <line num="557" count="1" type="stmt"/>
        <line num="567" count="42" type="stmt"/>
        <line num="570" count="73" type="stmt"/>
        <line num="572" count="73" type="cond" truecount="2" falsecount="0"/>
        <line num="573" count="49" type="cond" truecount="2" falsecount="0"/>
        <line num="574" count="3" type="stmt"/>
        <line num="584" count="49" type="stmt"/>
        <line num="587" count="73" type="stmt"/>
        <line num="596" count="48" type="stmt"/>
        <line num="597" count="48" type="stmt"/>
        <line num="598" count="77" type="cond" truecount="2" falsecount="0"/>
        <line num="600" count="48" type="stmt"/>
        <line num="602" count="48" type="cond" truecount="2" falsecount="0"/>
        <line num="603" count="29" type="stmt"/>
        <line num="604" count="29" type="stmt"/>
        <line num="605" count="29" type="cond" truecount="3" falsecount="1"/>
        <line num="606" count="0" type="stmt"/>
        <line num="616" count="29" type="stmt"/>
        <line num="619" count="48" type="stmt"/>
        <line num="634" count="30" type="stmt"/>
        <line num="635" count="30" type="stmt"/>
        <line num="636" count="92" type="cond" truecount="1" falsecount="1"/>
        <line num="638" count="30" type="stmt"/>
        <line num="639" count="30" type="stmt"/>
        <line num="641" count="30" type="stmt"/>
        <line num="642" count="90" type="cond" truecount="1" falsecount="1"/>
        <line num="643" count="90" type="cond" truecount="2" falsecount="0"/>
        <line num="644" count="30" type="stmt"/>
        <line num="645" count="35" type="cond" truecount="1" falsecount="1"/>
        <line num="648" count="90" type="cond" truecount="2" falsecount="0"/>
        <line num="649" count="30" type="cond" truecount="2" falsecount="0"/>
        <line num="650" count="1" type="stmt"/>
        <line num="659" count="29" type="cond" truecount="2" falsecount="0"/>
        <line num="660" count="1" type="stmt"/>
        <line num="670" count="30" type="stmt"/>
        <line num="671" count="30" type="stmt"/>
        <line num="672" count="30" type="stmt"/>
        <line num="674" count="60" type="stmt"/>
        <line num="677" count="60" type="stmt"/>
        <line num="679" count="30" type="stmt"/>
        <line num="680" count="92" type="stmt"/>
        <line num="681" count="92" type="cond" truecount="2" falsecount="0"/>
        <line num="682" count="62" type="cond" truecount="2" falsecount="0"/>
        <line num="683" count="33" type="cond" truecount="2" falsecount="0"/>
        <line num="684" count="1" type="stmt"/>
        <line num="696" count="29" type="cond" truecount="2" falsecount="0"/>
        <line num="697" count="1" type="stmt"/>
        <line num="711" count="60" type="stmt"/>
        <line num="713" count="30" type="stmt"/>
        <line num="722" count="60" type="cond" truecount="1" falsecount="3"/>
        <line num="724" count="0" type="cond" truecount="0" falsecount="2"/>
        <line num="726" count="0" type="stmt"/>
        <line num="728" count="0" type="stmt"/>
        <line num="730" count="60" type="stmt"/>
        <line num="740" count="36" type="stmt"/>
        <line num="742" count="36" type="stmt"/>
        <line num="743" count="36" type="cond" truecount="1" falsecount="1"/>
        <line num="744" count="0" type="stmt"/>
        <line num="756" count="36" type="stmt"/>
        <line num="759" count="36" type="cond" truecount="1" falsecount="1"/>
        <line num="760" count="36" type="stmt"/>
        <line num="762" count="36" type="stmt"/>
        <line num="763" count="81" type="stmt"/>
        <line num="764" count="81" type="stmt"/>
        <line num="765" count="81" type="cond" truecount="2" falsecount="0"/>
        <line num="766" count="1" type="stmt"/>
        <line num="775" count="80" type="cond" truecount="5" falsecount="0"/>
        <line num="776" count="1" type="stmt"/>
        <line num="786" count="79" type="stmt"/>
        <line num="789" count="81" type="stmt"/>
        <line num="792" count="43" type="stmt"/>
        <line num="793" count="36" type="stmt"/>
        <line num="794" count="79" type="stmt"/>
        <line num="795" count="79" type="cond" truecount="2" falsecount="0"/>
        <line num="796" count="43" type="cond" truecount="2" falsecount="0"/>
        <line num="797" count="1" type="stmt"/>
        <line num="806" count="42" type="cond" truecount="2" falsecount="0"/>
        <line num="807" count="1" type="stmt"/>
        <line num="822" count="36" type="cond" truecount="1" falsecount="1"/>
        <line num="823" count="36" type="stmt"/>
        <line num="824" count="36" type="cond" truecount="2" falsecount="0"/>
        <line num="825" count="1" type="stmt"/>
        <line num="835" count="36" type="stmt"/>
        <line num="836" count="36" type="cond" truecount="4" falsecount="0"/>
        <line num="837" count="2" type="stmt"/>
        <line num="849" count="36" type="stmt"/>
      </file>
      <file name="windows.ts" path="/Users/kdanmobile/Documents/private/motife/.claude/worktrees/next-phase-planning-8fadee/src/compiler/windows.ts">
        <metrics statements="29" coveredstatements="26" conditionals="17" coveredconditionals="15" methods="6" coveredmethods="5"/>
        <line num="12" count="10" type="stmt"/>
        <line num="19" count="8" type="cond" truecount="2" falsecount="0"/>
        <line num="23" count="2" type="stmt"/>
        <line num="24" count="2" type="stmt"/>
        <line num="25" count="2" type="stmt"/>
        <line num="31" count="4" type="stmt"/>
        <line num="32" count="4" type="stmt"/>
        <line num="33" count="4" type="stmt"/>
        <line num="35" count="4" type="stmt"/>
        <line num="36" count="4" type="stmt"/>
        <line num="41" count="0" type="stmt"/>
        <line num="42" count="0" type="stmt"/>
        <line num="43" count="0" type="stmt"/>
        <line num="63" count="149" type="cond" truecount="2" falsecount="0"/>
        <line num="64" count="76" type="cond" truecount="1" falsecount="1"/>
        <line num="66" count="76" type="stmt"/>
        <line num="67" count="76" type="cond" truecount="2" falsecount="0"/>
        <line num="69" count="74" type="stmt"/>
        <line num="70" count="74" type="stmt"/>
        <line num="72" count="74" type="cond" truecount="2" falsecount="0"/>
        <line num="73" count="71" type="stmt"/>
        <line num="74" count="71" type="cond" truecount="2" falsecount="0"/>
        <line num="75" count="68" type="stmt"/>
        <line num="78" count="2" type="stmt"/>
        <line num="79" count="2" type="stmt"/>
        <line num="80" count="2" type="stmt"/>
        <line num="81" count="2" type="cond" truecount="1" falsecount="1"/>
        <line num="82" count="2" type="cond" truecount="2" falsecount="0"/>
        <line num="83" count="1" type="stmt"/>
      </file>
      <file name="zodIssues.ts" path="/Users/kdanmobile/Documents/private/motife/.claude/worktrees/next-phase-planning-8fadee/src/compiler/zodIssues.ts">
        <metrics statements="34" coveredstatements="31" conditionals="37" coveredconditionals="23" methods="8" coveredmethods="8"/>
        <line num="18" count="14" type="stmt"/>
        <line num="26" count="1" type="stmt"/>
        <line num="27" count="1" type="stmt"/>
        <line num="28" count="1" type="cond" truecount="3" falsecount="1"/>
        <line num="29" count="1" type="stmt"/>
        <line num="31" count="1" type="stmt"/>
        <line num="35" count="10" type="stmt"/>
        <line num="41" count="10" type="cond" truecount="2" falsecount="0"/>
        <line num="42" count="2" type="stmt"/>
        <line num="43" count="2" type="stmt"/>
        <line num="44" count="2" type="cond" truecount="1" falsecount="1"/>
        <line num="45" count="2" type="cond" truecount="5" falsecount="0"/>
        <line num="46" count="14" type="stmt"/>
        <line num="47" count="1" type="stmt"/>
        <line num="48" count="1" type="cond" truecount="1" falsecount="1"/>
        <line num="49" count="1" type="stmt"/>
        <line num="59" count="1" type="stmt"/>
        <line num="68" count="8" type="cond" truecount="2" falsecount="0"/>
        <line num="69" count="1" type="cond" truecount="1" falsecount="1"/>
        <line num="70" count="1" type="stmt"/>
        <line num="74" count="1" type="cond" truecount="1" falsecount="1"/>
        <line num="79" count="7" type="cond" truecount="2" falsecount="0"/>
        <line num="80" count="1" type="stmt"/>
        <line num="81" count="1" type="cond" truecount="3" falsecount="1"/>
        <line num="82" count="1" type="stmt"/>
        <line num="83" count="1" type="stmt"/>
        <line num="93" count="6" type="cond" truecount="1" falsecount="1"/>
        <line num="94" count="6" type="stmt"/>
        <line num="95" count="6" type="stmt"/>
        <line num="104" count="0" type="cond" truecount="0" falsecount="4"/>
        <line num="105" count="0" type="stmt"/>
        <line num="119" count="0" type="stmt"/>
        <line num="128" count="10" type="stmt"/>
        <line num="134" count="10" type="stmt"/>
      </file>
    </package>
    <package name="compiler.render">
      <metrics statements="75" coveredstatements="6" conditionals="30" coveredconditionals="4" methods="31" coveredmethods="1"/>
      <file name="DslSceneView.tsx" path="/Users/kdanmobile/Documents/private/motife/.claude/worktrees/next-phase-planning-8fadee/src/compiler/render/DslSceneView.tsx">
        <metrics statements="4" coveredstatements="0" conditionals="4" coveredconditionals="0" methods="1" coveredmethods="0"/>
        <line num="15" count="0" type="stmt"/>
        <line num="16" count="0" type="stmt"/>
        <line num="20" count="0" type="cond" truecount="0" falsecount="4"/>
        <line num="22" count="0" type="stmt"/>
      </file>
      <file name="DslVideo.tsx" path="/Users/kdanmobile/Documents/private/motife/.claude/worktrees/next-phase-planning-8fadee/src/compiler/render/DslVideo.tsx">
        <metrics statements="16" coveredstatements="0" conditionals="6" coveredconditionals="0" methods="4" coveredmethods="0"/>
        <line num="35" count="0" type="stmt"/>
        <line num="36" count="0" type="stmt"/>
        <line num="37" count="0" type="cond" truecount="0" falsecount="2"/>
        <line num="38" count="0" type="cond" truecount="0" falsecount="2"/>
        <line num="39" count="0" type="stmt"/>
        <line num="46" count="0" type="stmt"/>
        <line num="54" count="0" type="stmt"/>
        <line num="59" count="0" type="stmt"/>
        <line num="60" count="0" type="stmt"/>
        <line num="61" count="0" type="stmt"/>
        <line num="62" count="0" type="stmt"/>
        <line num="63" count="0" type="stmt"/>
        <line num="68" count="0" type="stmt"/>
        <line num="69" count="0" type="stmt"/>
        <line num="71" count="0" type="stmt"/>
        <line num="74" count="0" type="stmt"/>
      </file>
      <file name="audioManifest.ts" path="/Users/kdanmobile/Documents/private/motife/.claude/worktrees/next-phase-planning-8fadee/src/compiler/render/audioManifest.ts">
        <metrics statements="2" coveredstatements="2" conditionals="0" coveredconditionals="0" methods="0" coveredmethods="0"/>
        <line num="11" count="1" type="stmt"/>
        <line num="21" count="1" type="stmt"/>
      </file>
      <file name="index.ts" path="/Users/kdanmobile/Documents/private/motife/.claude/worktrees/next-phase-planning-8fadee/src/compiler/render/index.ts">
        <metrics statements="0" coveredstatements="0" conditionals="0" coveredconditionals="0" methods="0" coveredmethods="0"/>
      </file>
      <file name="nodes.tsx" path="/Users/kdanmobile/Documents/private/motife/.claude/worktrees/next-phase-planning-8fadee/src/compiler/render/nodes.tsx">
        <metrics statements="49" coveredstatements="0" conditionals="16" coveredconditionals="0" methods="25" coveredmethods="0"/>
        <line num="40" count="0" type="cond" truecount="0" falsecount="2"/>
        <line num="46" count="0" type="stmt"/>
        <line num="47" count="0" type="stmt"/>
        <line num="48" count="0" type="stmt"/>
        <line num="51" count="0" type="stmt"/>
        <line num="52" count="0" type="stmt"/>
        <line num="62" count="0" type="stmt"/>
        <line num="67" count="0" type="stmt"/>
        <line num="68" count="0" type="stmt"/>
        <line num="77" count="0" type="stmt"/>
        <line num="78" count="0" type="stmt"/>
        <line num="88" count="0" type="stmt"/>
        <line num="89" count="0" type="stmt"/>
        <line num="92" count="0" type="stmt"/>
        <line num="93" count="0" type="stmt"/>
        <line num="102" count="0" type="stmt"/>
        <line num="103" count="0" type="stmt"/>
        <line num="113" count="0" type="stmt"/>
        <line num="114" count="0" type="stmt"/>
        <line num="124" count="0" type="stmt"/>
        <line num="129" count="0" type="stmt"/>
        <line num="130" count="0" type="stmt"/>
        <line num="136" count="0" type="cond" truecount="0" falsecount="2"/>
        <line num="145" count="0" type="stmt"/>
        <line num="155" count="0" type="stmt"/>
        <line num="156" count="0" type="stmt"/>
        <line num="168" count="0" type="stmt"/>
        <line num="175" count="0" type="stmt"/>
        <line num="176" count="0" type="stmt"/>
        <line num="181" count="0" type="stmt"/>
        <line num="190" count="0" type="stmt"/>
        <line num="191" count="0" type="stmt"/>
        <line num="192" count="0" type="stmt"/>
        <line num="199" count="0" type="stmt"/>
        <line num="204" count="0" type="stmt"/>
        <line num="205" count="0" type="stmt"/>
        <line num="215" count="0" type="stmt"/>
        <line num="216" count="0" type="stmt"/>
        <line num="217" count="0" type="cond" truecount="0" falsecount="2"/>
        <line num="218" count="0" type="cond" truecount="0" falsecount="2"/>
        <line num="221" count="0" type="stmt"/>
        <line num="224" count="0" type="stmt"/>
        <line num="225" count="0" type="stmt"/>
        <line num="226" count="0" type="cond" truecount="0" falsecount="2"/>
        <line num="227" count="0" type="stmt"/>
        <line num="228" count="0" type="stmt"/>
        <line num="229" count="0" type="stmt"/>
        <line num="233" count="0" type="stmt"/>
        <line num="241" count="0" type="stmt"/>
      </file>
      <file name="previewMetadata.ts" path="/Users/kdanmobile/Documents/private/motife/.claude/worktrees/next-phase-planning-8fadee/src/compiler/render/previewMetadata.ts">
        <metrics statements="4" coveredstatements="4" conditionals="4" coveredconditionals="4" methods="1" coveredmethods="1"/>
        <line num="17" count="1" type="stmt"/>
        <line num="20" count="4" type="stmt"/>
        <line num="24" count="4" type="cond" truecount="2" falsecount="0"/>
        <line num="25" count="4" type="stmt"/>
      </file>
    </package>
    <package name="components">
      <metrics statements="0" coveredstatements="0" conditionals="0" coveredconditionals="0" methods="0" coveredmethods="0"/>
      <file name="index.ts" path="/Users/kdanmobile/Documents/private/motife/.claude/worktrees/next-phase-planning-8fadee/src/components/index.ts">
        <metrics statements="0" coveredstatements="0" conditionals="0" coveredconditionals="0" methods="0" coveredmethods="0"/>
      </file>
    </package>
    <package name="components.Callout">
      <metrics statements="15" coveredstatements="2" conditionals="23" coveredconditionals="0" methods="2" coveredmethods="0"/>
      <file name="Callout.tsx" path="/Users/kdanmobile/Documents/private/motife/.claude/worktrees/next-phase-planning-8fadee/src/components/Callout/Callout.tsx">
        <metrics statements="15" coveredstatements="2" conditionals="23" coveredconditionals="0" methods="2" coveredmethods="0"/>
        <line num="33" count="13" type="stmt"/>
        <line num="40" count="0" type="cond" truecount="0" falsecount="2"/>
        <line num="41" count="0" type="cond" truecount="0" falsecount="2"/>
        <line num="42" count="0" type="stmt"/>
        <line num="49" count="13" type="stmt"/>
        <line num="50" count="0" type="cond" truecount="0" falsecount="1"/>
        <line num="51" count="0" type="stmt"/>
        <line num="52" count="0" type="stmt"/>
        <line num="54" count="0" type="cond" truecount="0" falsecount="2"/>
        <line num="55" count="0" type="stmt"/>
        <line num="79" count="0" type="cond" truecount="0" falsecount="2"/>
        <line num="80" count="0" type="stmt"/>
        <line num="123" count="0" type="cond" truecount="0" falsecount="2"/>
        <line num="124" count="0" type="cond" truecount="0" falsecount="2"/>
        <line num="125" count="0" type="stmt"/>
      </file>
    </package>
    <package name="components.Camera">
      <metrics statements="65" coveredstatements="5" conditionals="39" coveredconditionals="0" methods="18" coveredmethods="0"/>
      <file name="Camera.tsx" path="/Users/kdanmobile/Documents/private/motife/.claude/worktrees/next-phase-planning-8fadee/src/components/Camera/Camera.tsx">
        <metrics statements="63" coveredstatements="3" conditionals="39" coveredconditionals="0" methods="18" coveredmethods="0"/>
        <line num="36" count="13" type="stmt"/>
        <line num="43" count="0" type="stmt"/>
        <line num="47" count="0" type="stmt"/>
        <line num="89" count="13" type="stmt"/>
        <line num="90" count="0" type="stmt"/>
        <line num="91" count="0" type="stmt"/>
        <line num="93" count="0" type="stmt"/>
        <line num="94" count="0" type="stmt"/>
        <line num="95" count="0" type="stmt"/>
        <line num="96" count="0" type="cond" truecount="0" falsecount="2"/>
        <line num="97" count="0" type="stmt"/>
        <line num="98" count="0" type="stmt"/>
        <line num="103" count="0" type="stmt"/>
        <line num="104" count="0" type="stmt"/>
        <line num="105" count="0" type="stmt"/>
        <line num="107" count="0" type="cond" truecount="0" falsecount="2"/>
        <line num="108" count="0" type="stmt"/>
        <line num="109" count="0" type="cond" truecount="0" falsecount="4"/>
        <line num="110" count="0" type="stmt"/>
        <line num="117" count="0" type="stmt"/>
        <line num="119" count="0" type="stmt"/>
        <line num="120" count="0" type="stmt"/>
        <line num="121" count="0" type="stmt"/>
        <line num="127" count="0" type="stmt"/>
        <line num="134" count="0" type="stmt"/>
        <line num="146" count="0" type="cond" truecount="0" falsecount="2"/>
        <line num="147" count="0" type="cond" truecount="0" falsecount="2"/>
        <line num="149" count="0" type="cond" truecount="0" falsecount="4"/>
        <line num="150" count="0" type="cond" truecount="0" falsecount="2"/>
        <line num="162" count="0" type="stmt"/>
        <line num="163" count="0" type="stmt"/>
        <line num="164" count="0" type="cond" truecount="0" falsecount="2"/>
        <line num="165" count="0" type="cond" truecount="0" falsecount="2"/>
        <line num="166" count="0" type="cond" truecount="0" falsecount="2"/>
        <line num="167" count="0" type="cond" truecount="0" falsecount="2"/>
        <line num="169" count="0" type="cond" truecount="0" falsecount="2"/>
        <line num="170" count="0" type="stmt"/>
        <line num="173" count="0" type="cond" truecount="0" falsecount="2"/>
        <line num="174" count="0" type="stmt"/>
        <line num="176" count="0" type="stmt"/>
        <line num="178" count="0" type="stmt"/>
        <line num="192" count="13" type="stmt"/>
        <line num="193" count="0" type="stmt"/>
        <line num="194" count="0" type="stmt"/>
        <line num="195" count="0" type="stmt"/>
        <line num="197" count="0" type="stmt"/>
        <line num="198" count="0" type="stmt"/>
        <line num="199" count="0" type="stmt"/>
        <line num="200" count="0" type="stmt"/>
        <line num="201" count="0" type="cond" truecount="0" falsecount="2"/>
        <line num="208" count="0" type="stmt"/>
        <line num="210" count="0" type="stmt"/>
        <line num="213" count="0" type="stmt"/>
        <line num="215" count="0" type="stmt"/>
        <line num="216" count="0" type="stmt"/>
        <line num="221" count="0" type="stmt"/>
        <line num="223" count="0" type="cond" truecount="0" falsecount="2"/>
        <line num="225" count="0" type="stmt"/>
        <line num="226" count="0" type="stmt"/>
        <line num="227" count="0" type="stmt"/>
        <line num="228" count="0" type="stmt"/>
        <line num="229" count="0" type="stmt"/>
        <line num="236" count="0" type="stmt"/>
      </file>
      <file name="CameraRegistryContext.ts" path="/Users/kdanmobile/Documents/private/motife/.claude/worktrees/next-phase-planning-8fadee/src/components/Camera/CameraRegistryContext.ts">
        <metrics statements="2" coveredstatements="2" conditionals="0" coveredconditionals="0" methods="0" coveredmethods="0"/>
        <line num="23" count="13" type="stmt"/>
        <line num="27" count="13" type="stmt"/>
      </file>
    </package>
    <package name="components.CodeBlock">
      <metrics statements="19" coveredstatements="4" conditionals="45" coveredconditionals="0" methods="4" coveredmethods="0"/>
      <file name="CodeBlock.tsx" path="/Users/kdanmobile/Documents/private/motife/.claude/worktrees/next-phase-planning-8fadee/src/components/CodeBlock/CodeBlock.tsx">
        <metrics statements="19" coveredstatements="4" conditionals="45" coveredconditionals="0" methods="4" coveredmethods="0"/>
        <line num="47" count="13" type="stmt"/>
        <line num="52" count="13" type="stmt"/>
        <line num="54" count="13" type="stmt"/>
        <line num="56" count="13" type="stmt"/>
        <line num="66" count="0" type="stmt"/>
        <line num="67" count="0" type="stmt"/>
        <line num="68" count="0" type="cond" truecount="0" falsecount="2"/>
        <line num="69" count="0" type="cond" truecount="0" falsecount="2"/>
        <line num="70" count="0" type="stmt"/>
        <line num="72" count="0" type="stmt"/>
        <line num="73" count="0" type="stmt"/>
        <line num="74" count="0" type="cond" truecount="0" falsecount="2"/>
        <line num="77" count="0" type="stmt"/>
        <line num="111" count="0" type="cond" truecount="0" falsecount="2"/>
        <line num="115" count="0" type="cond" truecount="0" falsecount="2"/>
        <line num="116" count="0" type="stmt"/>
        <line num="118" count="0" type="cond" truecount="0" falsecount="2"/>
        <line num="124" count="0" type="stmt"/>
        <line num="139" count="0" type="cond" truecount="0" falsecount="2"/>
      </file>
    </package>
    <package name="components.Diagram">
      <metrics statements="62" coveredstatements="4" conditionals="48" coveredconditionals="0" methods="18" coveredmethods="0"/>
      <file name="Diagram.tsx" path="/Users/kdanmobile/Documents/private/motife/.claude/worktrees/next-phase-planning-8fadee/src/components/Diagram/Diagram.tsx">
        <metrics statements="52" coveredstatements="2" conditionals="35" coveredconditionals="0" methods="16" coveredmethods="0"/>
        <line num="50" count="13" type="stmt"/>
        <line num="59" count="0" type="stmt"/>
        <line num="60" count="0" type="cond" truecount="0" falsecount="2"/>
        <line num="61" count="0" type="stmt"/>
        <line num="62" count="0" type="stmt"/>
        <line num="64" count="0" type="cond" truecount="0" falsecount="2"/>
        <line num="65" count="0" type="stmt"/>
        <line num="66" count="0" type="stmt"/>
        <line num="67" count="0" type="stmt"/>
        <line num="69" count="0" type="stmt"/>
        <line num="74" count="13" type="stmt"/>
        <line num="91" count="0" type="stmt"/>
        <line num="92" count="0" type="stmt"/>
        <line num="93" count="0" type="stmt"/>
        <line num="94" count="0" type="stmt"/>
        <line num="95" count="0" type="stmt"/>
        <line num="97" count="0" type="cond" truecount="0" falsecount="2"/>
        <line num="98" count="0" type="stmt"/>
        <line num="100" count="0" type="stmt"/>
        <line num="101" count="0" type="stmt"/>
        <line num="102" count="0" type="stmt"/>
        <line num="103" count="0" type="stmt"/>
        <line num="107" count="0" type="stmt"/>
        <line num="108" count="0" type="cond" truecount="0" falsecount="2"/>
        <line num="111" count="0" type="stmt"/>
        <line num="125" count="0" type="stmt"/>
        <line num="126" count="0" type="stmt"/>
        <line num="127" count="0" type="cond" truecount="0" falsecount="2"/>
        <line num="128" count="0" type="stmt"/>
        <line num="129" count="0" type="stmt"/>
        <line num="131" count="0" type="stmt"/>
        <line num="139" count="0" type="cond" truecount="0" falsecount="2"/>
        <line num="140" count="0" type="stmt"/>
        <line num="141" count="0" type="stmt"/>
        <line num="149" count="0" type="stmt"/>
        <line num="150" count="0" type="stmt"/>
        <line num="153" count="0" type="cond" truecount="0" falsecount="2"/>
        <line num="154" count="0" type="stmt"/>
        <line num="156" count="0" type="cond" truecount="0" falsecount="2"/>
        <line num="158" count="0" type="stmt"/>
        <line num="161" count="0" type="stmt"/>
        <line num="168" count="0" type="stmt"/>
        <line num="178" count="0" type="stmt"/>
        <line num="179" count="0" type="cond" truecount="0" falsecount="2"/>
        <line num="180" count="0" type="stmt"/>
        <line num="194" count="0" type="stmt"/>
        <line num="200" count="0" type="cond" truecount="0" falsecount="2"/>
        <line num="204" count="0" type="stmt"/>
        <line num="228" count="0" type="cond" truecount="0" falsecount="2"/>
        <line num="231" count="0" type="stmt"/>
        <line num="249" count="0" type="cond" truecount="0" falsecount="4"/>
        <line num="250" count="0" type="stmt"/>
      </file>
      <file name="DiagramContext.ts" path="/Users/kdanmobile/Documents/private/motife/.claude/worktrees/next-phase-planning-8fadee/src/components/Diagram/DiagramContext.ts">
        <metrics statements="5" coveredstatements="1" conditionals="2" coveredconditionals="0" methods="1" coveredmethods="0"/>
        <line num="4" count="13" type="stmt"/>
        <line num="9" count="0" type="stmt"/>
        <line num="10" count="0" type="cond" truecount="0" falsecount="2"/>
        <line num="11" count="0" type="stmt"/>
        <line num="16" count="0" type="stmt"/>
      </file>
      <file name="DiagramNode.tsx" path="/Users/kdanmobile/Documents/private/motife/.claude/worktrees/next-phase-planning-8fadee/src/components/Diagram/DiagramNode.tsx">
        <metrics statements="5" coveredstatements="1" conditionals="11" coveredconditionals="0" methods="1" coveredmethods="0"/>
        <line num="22" count="13" type="stmt"/>
        <line num="31" count="0" type="stmt"/>
        <line num="32" count="0" type="stmt"/>
        <line num="33" count="0" type="stmt"/>
        <line num="35" count="0" type="stmt"/>
      </file>
    </package>
    <package name="components.FlowPulse">
      <metrics statements="16" coveredstatements="1" conditionals="14" coveredconditionals="0" methods="1" coveredmethods="0"/>
      <file name="FlowPulse.tsx" path="/Users/kdanmobile/Documents/private/motife/.claude/worktrees/next-phase-planning-8fadee/src/components/FlowPulse/FlowPulse.tsx">
        <metrics statements="16" coveredstatements="1" conditionals="14" coveredconditionals="0" methods="1" coveredmethods="0"/>
        <line num="30" count="13" type="stmt"/>
        <line num="31" count="0" type="stmt"/>
        <line num="32" count="0" type="stmt"/>
        <line num="33" count="0" type="stmt"/>
        <line num="35" count="0" type="stmt"/>
        <line num="39" count="0" type="cond" truecount="0" falsecount="2"/>
        <line num="41" count="0" type="stmt"/>
        <line num="42" count="0" type="stmt"/>
        <line num="43" count="0" type="cond" truecount="0" falsecount="4"/>
        <line num="45" count="0" type="cond" truecount="0" falsecount="2"/>
        <line num="46" count="0" type="cond" truecount="0" falsecount="2"/>
        <line num="47" count="0" type="stmt"/>
        <line num="48" count="0" type="stmt"/>
        <line num="49" count="0" type="stmt"/>
        <line num="51" count="0" type="cond" truecount="0" falsecount="2"/>
        <line num="53" count="0" type="stmt"/>
      </file>
    </package>
    <package name="components.Meter">
      <metrics statements="7" coveredstatements="2" conditionals="10" coveredconditionals="0" methods="1" coveredmethods="0"/>
      <file name="Meter.tsx" path="/Users/kdanmobile/Documents/private/motife/.claude/worktrees/next-phase-planning-8fadee/src/components/Meter/Meter.tsx">
        <metrics statements="7" coveredstatements="2" conditionals="10" coveredconditionals="0" methods="1" coveredmethods="0"/>
        <line num="29" count="13" type="stmt"/>
        <line num="31" count="13" type="stmt"/>
        <line num="39" count="0" type="stmt"/>
        <line num="40" count="0" type="stmt"/>
        <line num="41" count="0" type="stmt"/>
        <line num="43" count="0" type="cond" truecount="0" falsecount="2"/>
        <line num="52" count="0" type="stmt"/>
      </file>
    </package>
    <package name="components.Scene">
      <metrics statements="24" coveredstatements="8" conditionals="18" coveredconditionals="0" methods="5" coveredmethods="0"/>
      <file name="Background.tsx" path="/Users/kdanmobile/Documents/private/motife/.claude/worktrees/next-phase-planning-8fadee/src/components/Scene/Background.tsx">
        <metrics statements="5" coveredstatements="1" conditionals="4" coveredconditionals="0" methods="1" coveredmethods="0"/>
        <line num="15" count="13" type="cond" truecount="0" falsecount="2"/>
        <line num="16" count="0" type="stmt"/>
        <line num="17" count="0" type="stmt"/>
        <line num="18" count="0" type="stmt"/>
        <line num="20" count="0" type="stmt"/>
      </file>
[...]
      </file>
      <file name="frames.ts" path="/Users/kdanmobile/Documents/private/motife/.claude/worktrees/next-phase-planning-8fadee/src/critique/frames.ts">
        <metrics statements="13" coveredstatements="13" conditionals="2" coveredconditionals="2" methods="1" coveredmethods="1"/>
        <line num="23" count="2" type="stmt"/>
        <line num="25" count="2" type="stmt"/>
        <line num="28" count="13" type="stmt"/>
        <line num="29" count="13" type="stmt"/>
        <line num="30" count="52" type="stmt"/>
        <line num="31" count="52" type="stmt"/>
        <line num="36" count="52" type="stmt"/>
        <line num="37" count="52" type="stmt"/>
        <line num="38" count="156" type="stmt"/>
        <line num="41" count="156" type="cond" truecount="2" falsecount="0"/>
        <line num="42" count="155" type="stmt"/>
        <line num="43" count="155" type="stmt"/>
        <line num="46" count="13" type="stmt"/>
      </file>
      <file name="report.ts" path="/Users/kdanmobile/Documents/private/motife/.claude/worktrees/next-phase-planning-8fadee/src/critique/report.ts">
        <metrics statements="19" coveredstatements="19" conditionals="6" coveredconditionals="6" methods="4" coveredmethods="4"/>
        <line num="6" count="22" type="stmt"/>
        <line num="7" count="22" type="stmt"/>
        <line num="8" count="22" type="stmt"/>
        <line num="9" count="16" type="cond" truecount="2" falsecount="0"/>
        <line num="10" count="2" type="stmt"/>
        <line num="12" count="22" type="stmt"/>
        <line num="16" count="11" type="stmt"/>
        <line num="17" count="11" type="stmt"/>
        <line num="23" count="11" type="cond" truecount="2" falsecount="0"/>
        <line num="24" count="5" type="stmt"/>
        <line num="25" count="5" type="stmt"/>
        <line num="28" count="8" type="stmt"/>
        <line num="29" count="6" type="stmt"/>
        <line num="30" count="7" type="stmt"/>
        <line num="31" count="11" type="stmt"/>
        <line num="32" count="8" type="cond" truecount="2" falsecount="0"/>
        <line num="33" count="8" type="stmt"/>
        <line num="34" count="8" type="stmt"/>
        <line num="37" count="6" type="stmt"/>
      </file>
    </package>
    <package name="dsl">
      <metrics statements="49" coveredstatements="49" conditionals="0" coveredconditionals="0" methods="5" coveredmethods="5"/>
      <file name="index.ts" path="/Users/kdanmobile/Documents/private/motife/.claude/worktrees/next-phase-planning-8fadee/src/dsl/index.ts">
        <metrics statements="0" coveredstatements="0" conditionals="0" coveredconditionals="0" methods="0" coveredmethods="0"/>
      </file>
      <file name="schema.ts" path="/Users/kdanmobile/Documents/private/motife/.claude/worktrees/next-phase-planning-8fadee/src/dsl/schema.ts">
        <metrics statements="49" coveredstatements="49" conditionals="0" coveredconditionals="0" methods="5" coveredmethods="5"/>
        <line num="36" count="12" type="stmt"/>
        <line num="37" count="12" type="stmt"/>
        <line num="38" count="12" type="stmt"/>
        <line num="39" count="12" type="stmt"/>
        <line num="40" count="12" type="stmt"/>
        <line num="41" count="12" type="stmt"/>
        <line num="42" count="12" type="stmt"/>
        <line num="43" count="12" type="stmt"/>
        <line num="54" count="12" type="stmt"/>
        <line num="61" count="12" type="stmt"/>
        <line num="68" count="12" type="stmt"/>
        <line num="81" count="12" type="stmt"/>
        <line num="94" count="12" type="stmt"/>
        <line num="105" count="12" type="stmt"/>
        <line num="126" count="12" type="stmt"/>
        <line num="137" count="12" type="stmt"/>
        <line num="147" count="6" type="stmt"/>
        <line num="151" count="12" type="stmt"/>
        <line num="162" count="12" type="stmt"/>
        <line num="174" count="12" type="stmt"/>
        <line num="183" count="12" type="stmt"/>
        <line num="193" count="12" type="stmt"/>
        <line num="204" count="12" type="stmt"/>
        <line num="213" count="4" type="stmt"/>
        <line num="217" count="12" type="stmt"/>
        <line num="228" count="12" type="stmt"/>
        <line num="238" count="12" type="stmt"/>
        <line num="246" count="12" type="stmt"/>
        <line num="251" count="12" type="stmt"/>
        <line num="261" count="12" type="stmt"/>
        <line num="280" count="12" type="stmt"/>
        <line num="285" count="12" type="stmt"/>
        <line num="293" count="12" type="stmt"/>
        <line num="300" count="12" type="stmt"/>
        <line num="320" count="12" type="stmt"/>
        <line num="329" count="12" type="stmt"/>
        <line num="340" count="12" type="stmt"/>
        <line num="346" count="12" type="stmt"/>
        <line num="354" count="12" type="stmt"/>
        <line num="358" count="4" type="stmt"/>
        <line num="362" count="12" type="stmt"/>
        <line num="366" count="3" type="stmt"/>
        <line num="370" count="12" type="stmt"/>
        <line num="380" count="12" type="stmt"/>
        <line num="384" count="5" type="stmt"/>
        <line num="388" count="12" type="stmt"/>
        <line num="410" count="12" type="stmt"/>
        <line num="431" count="12" type="stmt"/>
        <line num="468" count="12" type="stmt"/>
      </file>
      <file name="types.ts" path="/Users/kdanmobile/Documents/private/motife/.claude/worktrees/next-phase-planning-8fadee/src/dsl/types.ts">
        <metrics statements="0" coveredstatements="0" conditionals="0" coveredconditionals="0" methods="0" coveredmethods="0"/>
      </file>
    </package>
    <package name="dsl.docs">
      <metrics statements="22" coveredstatements="22" conditionals="0" coveredconditionals="0" methods="0" coveredmethods="0"/>
      <file name="db-index.json" path="/Users/kdanmobile/Documents/private/motife/.claude/worktrees/next-phase-planning-8fadee/src/dsl/docs/db-index.json">
        <metrics statements="7" coveredstatements="7" conditionals="0" coveredconditionals="0" methods="0" coveredmethods="0"/>
        <line num="1" count="4" type="stmt"/>
        <line num="2" count="4" type="stmt"/>
        <line num="3" count="4" type="stmt"/>
        <line num="4" count="4" type="stmt"/>
        <line num="5" count="4" type="stmt"/>
        <line num="6" count="4" type="stmt"/>
        <line num="7" count="4" type="stmt"/>
      </file>
      <file name="jwt-auth.json" path="/Users/kdanmobile/Documents/private/motife/.claude/worktrees/next-phase-planning-8fadee/src/dsl/docs/jwt-auth.json">
        <metrics statements="7" coveredstatements="7" conditionals="0" coveredconditionals="0" methods="0" coveredmethods="0"/>
        <line num="1" count="4" type="stmt"/>
        <line num="2" count="4" type="stmt"/>
        <line num="3" count="4" type="stmt"/>
        <line num="4" count="4" type="stmt"/>
        <line num="5" count="4" type="stmt"/>
        <line num="6" count="4" type="stmt"/>
        <line num="7" count="4" type="stmt"/>
      </file>
      <file name="manifest.ts" path="/Users/kdanmobile/Documents/private/motife/.claude/worktrees/next-phase-planning-8fadee/src/dsl/docs/manifest.ts">
        <metrics statements="1" coveredstatements="1" conditionals="0" coveredconditionals="0" methods="0" coveredmethods="0"/>
        <line num="14" count="4" type="stmt"/>
      </file>
      <file name="mq-backpressure.json" path="/Users/kdanmobile/Documents/private/motife/.claude/worktrees/next-phase-planning-8fadee/src/dsl/docs/mq-backpressure.json">
        <metrics statements="7" coveredstatements="7" conditionals="0" coveredconditionals="0" methods="0" coveredmethods="0"/>
        <line num="1" count="4" type="stmt"/>
        <line num="2" count="4" type="stmt"/>
        <line num="3" count="4" type="stmt"/>
        <line num="4" count="4" type="stmt"/>
        <line num="5" count="4" type="stmt"/>
        <line num="6" count="4" type="stmt"/>
        <line num="7" count="4" type="stmt"/>
      </file>
    </package>
    <package name="remotion">
      <metrics statements="7" coveredstatements="0" conditionals="0" coveredconditionals="0" methods="3" coveredmethods="0"/>
      <file name="Root.tsx" path="/Users/kdanmobile/Documents/private/motife/.claude/worktrees/next-phase-planning-8fadee/src/remotion/Root.tsx">
        <metrics statements="6" coveredstatements="0" conditionals="0" coveredconditionals="0" methods="3" coveredmethods="0"/>
        <line num="24" count="0" type="stmt"/>
        <line num="31" count="0" type="stmt"/>
        <line num="81" count="0" type="stmt"/>
        <line num="86" count="0" type="stmt"/>
        <line num="87" count="0" type="stmt"/>
        <line num="98" count="0" type="stmt"/>
      </file>
      <file name="index.ts" path="/Users/kdanmobile/Documents/private/motife/.claude/worktrees/next-phase-planning-8fadee/src/remotion/index.ts">
        <metrics statements="1" coveredstatements="0" conditionals="0" coveredconditionals="0" methods="0" coveredmethods="0"/>
        <line num="4" count="0" type="stmt"/>
      </file>
    </package>
    <package name="remotion.compositions">
      <metrics statements="26" coveredstatements="16" conditionals="17" coveredconditionals="15" methods="4" coveredmethods="3"/>
      <file name="SceneSeries.tsx" path="/Users/kdanmobile/Documents/private/motife/.claude/worktrees/next-phase-planning-8fadee/src/remotion/compositions/SceneSeries.tsx">
        <metrics statements="7" coveredstatements="0" conditionals="2" coveredconditionals="0" methods="1" coveredmethods="0"/>
        <line num="36" count="0" type="stmt"/>
        <line num="38" count="0" type="stmt"/>
        <line num="41" count="0" type="stmt"/>
        <line num="42" count="0" type="stmt"/>
        <line num="52" count="0" type="cond" truecount="0" falsecount="2"/>
        <line num="53" count="0" type="stmt"/>
        <line num="63" count="0" type="stmt"/>
      </file>
      <file name="timeline.ts" path="/Users/kdanmobile/Documents/private/motife/.claude/worktrees/next-phase-planning-8fadee/src/remotion/compositions/timeline.ts">
        <metrics statements="16" coveredstatements="16" conditionals="15" coveredconditionals="15" methods="3" coveredmethods="3"/>
        <line num="18" count="9" type="stmt"/>
        <line num="57" count="35" type="stmt"/>
        <line num="58" count="35" type="stmt"/>
        <line num="59" count="114" type="stmt"/>
        <line num="60" count="114" type="stmt"/>
        <line num="61" count="114" type="cond" truecount="2" falsecount="0"/>
        <line num="64" count="114" type="cond" truecount="2" falsecount="0"/>
        <line num="66" count="114" type="cond" truecount="2" falsecount="0"/>
        <line num="70" count="7" type="stmt"/>
        <line num="71" count="7" type="cond" truecount="4" falsecount="0"/>
        <line num="72" count="2" type="stmt"/>
        <line num="80" count="112" type="stmt"/>
        <line num="87" count="112" type="stmt"/>
        <line num="88" count="112" type="stmt"/>
        <line num="99" count="12" type="stmt"/>
        <line num="100" count="12" type="cond" truecount="2" falsecount="0"/>
      </file>
      <file name="videoDefaults.ts" path="/Users/kdanmobile/Documents/private/motife/.claude/worktrees/next-phase-planning-8fadee/src/remotion/compositions/videoDefaults.ts">
        <metrics statements="3" coveredstatements="0" conditionals="0" coveredconditionals="0" methods="0" coveredmethods="0"/>
        <line num="7" count="0" type="stmt"/>
        <line num="8" count="0" type="stmt"/>
        <line num="9" count="0" type="stmt"/>
      </file>
    </package>
    <package name="remotion.compositions.gallery">
      <metrics statements="16" coveredstatements="0" conditionals="0" coveredconditionals="0" methods="5" coveredmethods="0"/>
      <file name="ComponentGallery.tsx" path="/Users/kdanmobile/Documents/private/motife/.claude/worktrees/next-phase-planning-8fadee/src/remotion/compositions/gallery/ComponentGallery.tsx">
        <metrics statements="16" coveredstatements="0" conditionals="0" coveredconditionals="0" methods="5" coveredmethods="0"/>
        <line num="29" count="0" type="stmt"/>
        <line num="38" count="0" type="stmt"/>
        <line num="42" count="0" type="stmt"/>
        <line num="44" count="0" type="stmt"/>
        <line num="61" count="0" type="stmt"/>
        <line num="62" count="0" type="stmt"/>
        <line num="83" count="0" type="stmt"/>
        <line num="91" count="0" type="stmt"/>
        <line num="92" count="0" type="stmt"/>
        <line num="110" count="0" type="stmt"/>
        <line num="111" count="0" type="stmt"/>
        <line num="138" count="0" type="stmt"/>
        <line num="139" count="0" type="stmt"/>
        <line num="179" count="0" type="stmt"/>
        <line num="186" count="0" type="stmt"/>
        <line num="187" count="0" type="stmt"/>
      </file>
    </package>
    <package name="tts">
      <metrics statements="95" coveredstatements="51" conditionals="61" coveredconditionals="28" methods="16" coveredmethods="7"/>
      <file name="backfill.ts" path="/Users/kdanmobile/Documents/private/motife/.claude/worktrees/next-phase-planning-8fadee/src/tts/backfill.ts">
        <metrics statements="18" coveredstatements="15" conditionals="18" coveredconditionals="15" methods="1" coveredmethods="1"/>
        <line num="20" count="3" type="stmt"/>
        <line num="21" count="3" type="stmt"/>
        <line num="34" count="6" type="cond" truecount="2" falsecount="0"/>
        <line num="35" count="6" type="cond" truecount="2" falsecount="0"/>
        <line num="37" count="6" type="stmt"/>
        <line num="38" count="6" type="cond" truecount="4" falsecount="1"/>
        <line num="39" count="0" type="stmt"/>
        <line num="42" count="6" type="stmt"/>
        <line num="43" count="22" type="cond" truecount="3" falsecount="1"/>
        <line num="44" count="0" type="stmt"/>
        <line num="46" count="22" type="stmt"/>
        <line num="47" count="22" type="cond" truecount="1" falsecount="1"/>
        <line num="48" count="0" type="stmt"/>
        <line num="50" count="22" type="stmt"/>
        <line num="51" count="22" type="cond" truecount="2" falsecount="0"/>
        <line num="52" count="1" type="stmt"/>
        <line num="57" count="21" type="stmt"/>
        <line num="61" count="5" type="stmt"/>
      </file>
      <file name="elevenlabs.ts" path="/Users/kdanmobile/Documents/private/motife/.claude/worktrees/next-phase-planning-8fadee/src/tts/elevenlabs.ts">
        <metrics statements="14" coveredstatements="0" conditionals="11" coveredconditionals="0" methods="3" coveredmethods="0"/>
        <line num="4" count="0" type="stmt"/>
        <line num="7" count="0" type="stmt"/>
        <line num="8" count="0" type="cond" truecount="0" falsecount="2"/>
        <line num="9" count="0" type="stmt"/>
        <line num="12" count="0" type="cond" truecount="0" falsecount="2"/>
        <line num="13" count="0" type="cond" truecount="0" falsecount="2"/>
        <line num="14" count="0" type="stmt"/>
        <line num="18" count="0" type="cond" truecount="0" falsecount="2"/>
        <line num="19" count="0" type="stmt"/>
        <line num="23" count="0" type="stmt"/>
        <line num="34" count="0" type="cond" truecount="0" falsecount="2"/>
        <line num="35" count="0" type="stmt"/>
        <line num="36" count="0" type="stmt"/>
        <line num="38" count="0" type="stmt"/>
      </file>
      <file name="manifest.ts" path="/Users/kdanmobile/Documents/private/motife/.claude/worktrees/next-phase-planning-8fadee/src/tts/manifest.ts">
        <metrics statements="5" coveredstatements="5" conditionals="2" coveredconditionals="2" methods="2" coveredmethods="2"/>
        <line num="9" count="3" type="stmt"/>
        <line num="24" count="3" type="stmt"/>
        <line num="34" count="36" type="stmt"/>
        <line num="40" count="6" type="stmt"/>
        <line num="41" count="6" type="cond" truecount="2" falsecount="0"/>
      </file>
      <file name="openai.ts" path="/Users/kdanmobile/Documents/private/motife/.claude/worktrees/next-phase-planning-8fadee/src/tts/openai.ts">
        <metrics statements="13" coveredstatements="0" conditionals="9" coveredconditionals="0" methods="3" coveredmethods="0"/>
        <line num="4" count="0" type="stmt"/>
        <line num="5" count="0" type="stmt"/>
        <line num="8" count="0" type="stmt"/>
        <line num="9" count="0" type="cond" truecount="0" falsecount="2"/>
        <line num="10" count="0" type="stmt"/>
        <line num="12" count="0" type="cond" truecount="0" falsecount="2"/>
        <line num="13" count="0" type="cond" truecount="0" falsecount="2"/>
        <line num="14" count="0" type="stmt"/>
        <line num="18" count="0" type="stmt"/>
        <line num="26" count="0" type="cond" truecount="0" falsecount="2"/>
        <line num="27" count="0" type="stmt"/>
        <line num="28" count="0" type="stmt"/>
        <line num="30" count="0" type="stmt"/>
      </file>
      <file name="provider.ts" path="/Users/kdanmobile/Documents/private/motife/.claude/worktrees/next-phase-planning-8fadee/src/tts/provider.ts">
        <metrics statements="7" coveredstatements="0" conditionals="5" coveredconditionals="0" methods="2" coveredmethods="0"/>
        <line num="5" count="0" type="stmt"/>
        <line num="16" count="0" type="stmt"/>
        <line num="22" count="0" type="stmt"/>
        <line num="23" count="0" type="cond" truecount="0" falsecount="3"/>
        <line num="24" count="0" type="cond" truecount="0" falsecount="2"/>
        <line num="25" count="0" type="stmt"/>
        <line num="27" count="0" type="stmt"/>
      </file>
      <file name="synthesize.ts" path="/Users/kdanmobile/Documents/private/motife/.claude/worktrees/next-phase-planning-8fadee/src/tts/synthesize.ts">
        <metrics statements="38" coveredstatements="31" conditionals="16" coveredconditionals="11" methods="5" coveredmethods="4"/>
        <line num="36" count="0" type="stmt"/>
        <line num="37" count="0" type="stmt"/>
        <line num="38" count="0" type="stmt"/>
        <line num="39" count="0" type="cond" truecount="0" falsecount="5"/>
        <line num="40" count="0" type="stmt"/>
        <line num="42" count="0" type="stmt"/>
        <line num="55" count="9" type="stmt"/>
        <line num="57" count="9" type="stmt"/>
        <line num="59" count="9" type="cond" truecount="2" falsecount="0"/>
        <line num="60" count="8" type="stmt"/>
        <line num="61" count="8" type="stmt"/>
        <line num="62" count="8" type="stmt"/>
        <line num="64" count="8" type="stmt"/>
        <line num="65" count="36" type="stmt"/>
        <line num="66" count="36" type="stmt"/>
        <line num="67" count="36" type="stmt"/>
        <line num="69" count="36" type="stmt"/>
        <line num="70" count="36" type="cond" truecount="5" falsecount="0"/>
        <line num="71" count="7" type="stmt"/>
        <line num="72" count="7" type="stmt"/>
        <line num="73" count="7" type="stmt"/>
        <line num="74" count="7" type="stmt"/>
        <line num="77" count="29" type="stmt"/>
        <line num="78" count="29" type="stmt"/>
        <line num="79" count="29" type="stmt"/>
        <line num="80" count="29" type="stmt"/>
        <line num="81" count="29" type="stmt"/>
        <line num="82" count="29" type="stmt"/>
        <line num="85" count="9" type="stmt"/>
        <line num="86" count="9" type="stmt"/>
        <line num="87" count="9" type="stmt"/>
        <line num="91" count="8" type="stmt"/>
        <line num="92" count="8" type="stmt"/>
        <line num="93" count="3" type="stmt"/>
        <line num="95" count="5" type="stmt"/>
        <line num="100" count="7" type="stmt"/>
        <line num="101" count="7" type="stmt"/>
        <line num="103" count="0" type="stmt"/>
      </file>
    </package>
  </project>
</coverage>
