{"/Users/kdanmobile/Documents/private/motife/.claude/worktrees/next-phase-planning-8fadee/src/agent/cli.ts": {"path":"/Users/kdanmobile/Documents/private/motife/.claude/worktrees/next-phase-planning-8fadee/src/agent/cli.ts","statementMap":{"0":{"start":{"line":19,"column":46},"end":{"line":56,"column":null}},"1":{"start":{"line":22,"column":16},"end":{"line":22,"column":null}},"2":{"start":{"line":26,"column":16},"end":{"line":26,"column":null}},"3":{"start":{"line":30,"column":16},"end":{"line":30,"column":null}},"4":{"start":{"line":34,"column":16},"end":{"line":34,"column":null}},"5":{"start":{"line":38,"column":16},"end":{"line":38,"column":null}},"6":{"start":{"line":42,"column":16},"end":{"line":42,"column":null}},"7":{"start":{"line":46,"column":16},"end":{"line":46,"column":null}},"8":{"start":{"line":50,"column":16},"end":{"line":50,"column":null}},"9":{"start":{"line":54,"column":16},"end":{"line":54,"column":null}},"10":{"start":{"line":59,"column":16},"end":{"line":59,"column":null}},"11":{"start":{"line":59,"column":64},"end":{"line":59,"column":75}},"12":{"start":{"line":60,"column":16},"end":{"line":62,"column":null}},"13":{"start":{"line":61,"column":22},"end":{"line":61,"column":null}},"14":{"start":{"line":63,"column":2},"end":{"line":70,"column":null}},"15":{"start":{"line":74,"column":26},"end":{"line":74,"column":null}},"16":{"start":{"line":75,"column":2},"end":{"line":78,"column":null}},"17":{"start":{"line":76,"column":4},"end":{"line":76,"column":null}},"18":{"start":{"line":77,"column":4},"end":{"line":77,"column":null}},"19":{"start":{"line":79,"column":15},"end":{"line":79,"column":null}},"20":{"start":{"line":80,"column":2},"end":{"line":83,"column":null}},"21":{"start":{"line":81,"column":4},"end":{"line":81,"column":null}},"22":{"start":{"line":82,"column":4},"end":{"line":82,"column":null}},"23":{"start":{"line":84,"column":18},"end":{"line":84,"column":null}},"24":{"start":{"line":85,"column":2},"end":{"line":85,"column":null}},"25":{"start":{"line":88,"column":0},"end":{"line":96,"column":null}},"26":{"start":{"line":90,"column":4},"end":{"line":90,"column":null}},"27":{"start":{"line":93,"column":4},"end":{"line":93,"column":null}},"28":{"start":{"line":94,"column":4},"end":{"line":94,"column":null}}},"fnMap":{"0":{"name":"(anonymous_0)","decl":{"start":{"line":22,"column":4},"end":{"line":22,"column":16}},"loc":{"start":{"line":22,"column":16},"end":{"line":22,"column":null}},"line":22},"1":{"name":"(anonymous_1)","decl":{"start":{"line":26,"column":4},"end":{"line":26,"column":16}},"loc":{"start":{"line":26,"column":16},"end":{"line":26,"column":null}},"line":26},"2":{"name":"(anonymous_2)","decl":{"start":{"line":30,"column":4},"end":{"line":30,"column":16}},"loc":{"start":{"line":30,"column":16},"end":{"line":30,"column":null}},"line":30},"3":{"name":"(anonymous_3)","decl":{"start":{"line":34,"column":4},"end":{"line":34,"column":16}},"loc":{"start":{"line":34,"column":16},"end":{"line":34,"column":null}},"line":34},"4":{"name":"(anonymous_4)","decl":{"start":{"line":38,"column":4},"end":{"line":38,"column":16}},"loc":{"start":{"line":38,"column":16},"end":{"line":38,"column":null}},"line":38},"5":{"name":"(anonymous_5)","decl":{"start":{"line":42,"column":4},"end":{"line":42,"column":16}},"loc":{"start":{"line":42,"column":16},"end":{"line":42,"column":null}},"line":42},"6":{"name":"(anonymous_6)","decl":{"start":{"line":46,"column":4},"end":{"line":46,"column":16}},"loc":{"start":{"line":46,"column":16},"end":{"line":46,"column":null}},"line":46},"7":{"name":"(anonymous_7)","decl":{"start":{"line":50,"column":4},"end":{"line":50,"column":16}},"loc":{"start":{"line":50,"column":16},"end":{"line":50,"column":null}},"line":50},"8":{"name":"(anonymous_8)","decl":{"start":{"line":54,"column":4},"end":{"line":54,"column":16}},"loc":{"start":{"line":54,"column":16},"end":{"line":54,"column":null}},"line":54},"9":{"name":"usage","decl":{"start":{"line":58,"column":9},"end":{"line":58,"column":25}},"loc":{"start":{"line":58,"column":25},"end":{"line":71,"column":null}},"line":58},"10":{"name":"(anonymous_10)","decl":{"start":{"line":59,"column":50},"end":{"line":59,"column":55}},"loc":{"start":{"line":59,"column":64},"end":{"line":59,"column":75}},"line":59},"11":{"name":"(anonymous_11)","decl":{"start":{"line":60,"column":41},"end":{"line":60,"column":null}},"loc":{"start":{"line":61,"column":22},"end":{"line":61,"column":null}},"line":61},"12":{"name":"main","decl":{"start":{"line":73,"column":15},"end":{"line":73,"column":39}},"loc":{"start":{"line":73,"column":39},"end":{"line":86,"column":null}},"line":73},"13":{"name":"(anonymous_13)","decl":{"start":{"line":88,"column":7},"end":{"line":88,"column":null}},"loc":{"start":{"line":89,"column":12},"end":{"line":91,"column":null}},"line":89},"14":{"name":"(anonymous_14)","decl":{"start":{"line":91,"column":2},"end":{"line":91,"column":null}},"loc":{"start":{"line":92,"column":20},"end":{"line":95,"column":null}},"line":92}},"branchMap":{"0":{"loc":{"start":{"line":75,"column":2},"end":{"line":78,"column":null}},"type":"if","locations":[{"start":{"line":75,"column":2},"end":{"line":78,"column":null}},{"start":{},"end":{}}],"line":75},"1":{"loc":{"start":{"line":75,"column":6},"end":{"line":75,"column":51}},"type":"binary-expr","locations":[{"start":{"line":75,"column":6},"end":{"line":75,"column":15}},{"start":{"line":75,"column":15},"end":{"line":75,"column":36}},{"start":{"line":75,"column":36},"end":{"line":75,"column":51}}],"line":75},"2":{"loc":{"start":{"line":77,"column":11},"end":{"line":77,"column":null}},"type":"cond-expr","locations":[{"start":{"line":77,"column":18},"end":{"line":77,"column":22}},{"start":{"line":77,"column":22},"end":{"line":77,"column":null}}],"line":77},"3":{"loc":{"start":{"line":80,"column":2},"end":{"line":83,"column":null}},"type":"if","locations":[{"start":{"line":80,"column":2},"end":{"line":83,"column":null}},{"start":{},"end":{}}],"line":80},"4":{"loc":{"start":{"line":93,"column":18},"end":{"line":93,"column":81}},"type":"cond-expr","locations":[{"start":{"line":93,"column":42},"end":{"line":93,"column":70}},{"start":{"line":93,"column":70},"end":{"line":93,"column":81}}],"line":93},"5":{"loc":{"start":{"line":93,"column":42},"end":{"line":93,"column":70}},"type":"binary-expr","locations":[{"start":{"line":93,"column":42},"end":{"line":93,"column":55}},{"start":{"line":93,"column":55},"end":{"line":93,"column":70}}],"line":93}},"s":{"0":0,"1":0,"2":0,"3":0,"4":0,"5":0,"6":0,"7":0,"8":0,"9":0,"10":0,"11":0,"12":0,"13":0,"14":0,"15":0,"16":0,"17":0,"18":0,"19":0,"20":0,"21":0,"22":0,"23":0,"24":0,"25":0,"26":0,"27":0,"28":0},"f":{"0":0,"1":0,"2":0,"3":0,"4":0,"5":0,"6":0,"7":0,"8":0,"9":0,"10":0,"11":0,"12":0,"13":0,"14":0},"b":{"0":[0,0],"1":[0,0,0],"2":[0,0],"3":[0,0],"4":[0,0],"5":[0,0]},"meta":{"lastBranch":6,"lastFunction":15,"lastStatement":29,"seen":{"s:19:46:56:Infinity":0,"f:22:4:22:16":0,"s:22:16:22:Infinity":1,"f:26:4:26:16":1,"s:26:16:26:Infinity":2,"f:30:4:30:16":2,"s:30:16:30:Infinity":3,"f:34:4:34:16":3,"s:34:16:34:Infinity":4,"f:38:4:38:16":4,"s:38:16:38:Infinity":5,"f:42:4:42:16":5,"s:42:16:42:Infinity":6,"f:46:4:46:16":6,"s:46:16:46:Infinity":7,"f:50:4:50:16":7,"s:50:16:50:Infinity":8,"f:54:4:54:16":8,"s:54:16:54:Infinity":9,"f:58:9:58:25":9,"s:59:16:59:Infinity":10,"f:59:50:59:55":10,"s:59:64:59:75":11,"s:60:16:62:Infinity":12,"f:60:41:60:Infinity":11,"s:61:22:61:Infinity":13,"s:63:2:70:Infinity":14,"f:73:15:73:39":12,"s:74:26:74:Infinity":15,"b:75:2:78:Infinity:undefined:undefined:undefined:undefined":0,"s:75:2:78:Infinity":16,"b:75:6:75:15:75:15:75:36:75:36:75:51":1,"s:76:4:76:Infinity":17,"s:77:4:77:Infinity":18,"b:77:18:77:22:77:22:77:Infinity":2,"s:79:15:79:Infinity":19,"b:80:2:83:Infinity:undefined:undefined:undefined:undefined":3,"s:80:2:83:Infinity":20,"s:81:4:81:Infinity":21,"s:82:4:82:Infinity":22,"s:84:18:84:Infinity":23,"s:85:2:85:Infinity":24,"s:88:0:96:Infinity":25,"f:88:7:88:Infinity":13,"s:90:4:90:Infinity":26,"f:91:2:91:Infinity":14,"s:93:4:93:Infinity":27,"b:93:42:93:70:93:70:93:81":4,"b:93:42:93:55:93:55:93:70":5,"s:94:4:94:Infinity":28},"fnNames":{}}}
,"/Users/kdanmobile/Documents/private/motife/.claude/worktrees/next-phase-planning-8fadee/src/agent/docJson.ts": {"path":"/Users/kdanmobile/Documents/private/motife/.claude/worktrees/next-phase-planning-8fadee/src/agent/docJson.ts","statementMap":{"0":{"start":{"line":10,"column":13},"end":{"line":10,"column":null}},"1":{"start":{"line":11,"column":17},"end":{"line":11,"column":null}},"2":{"start":{"line":12,"column":2},"end":{"line":12,"column":null}},"3":{"start":{"line":12,"column":14},"end":{"line":12,"column":null}},"4":{"start":{"line":13,"column":2},"end":{"line":17,"column":null}},"5":{"start":{"line":14,"column":18},"end":{"line":14,"column":null}},"6":{"start":{"line":15,"column":17},"end":{"line":15,"column":null}},"7":{"start":{"line":16,"column":4},"end":{"line":16,"column":null}},"8":{"start":{"line":16,"column":38},"end":{"line":16,"column":null}},"9":{"start":{"line":18,"column":2},"end":{"line":18,"column":null}},"10":{"start":{"line":22,"column":2},"end":{"line":25,"column":null}},"11":{"start":{"line":23,"column":16},"end":{"line":23,"column":null}},"12":{"start":{"line":24,"column":4},"end":{"line":24,"column":null}},"13":{"start":{"line":24,"column":49},"end":{"line":24,"column":null}},"14":{"start":{"line":26,"column":2},"end":{"line":26,"column":null}},"15":{"start":{"line":33,"column":2},"end":{"line":36,"column":null}}},"fnMap":{"0":{"name":"coerceJsonText","decl":{"start":{"line":9,"column":16},"end":{"line":9,"column":31}},"loc":{"start":{"line":9,"column":52},"end":{"line":19,"column":null}},"line":9},"1":{"name":"extractDocId","decl":{"start":{"line":21,"column":16},"end":{"line":21,"column":29}},"loc":{"start":{"line":21,"column":60},"end":{"line":27,"column":null}},"line":21},"2":{"name":"jsonSyntaxIssueText","decl":{"start":{"line":32,"column":16},"end":{"line":32,"column":36}},"loc":{"start":{"line":32,"column":86},"end":{"line":38,"column":null}},"line":32}},"branchMap":{"0":{"loc":{"start":{"line":12,"column":2},"end":{"line":12,"column":null}},"type":"if","locations":[{"start":{"line":12,"column":2},"end":{"line":12,"column":null}},{"start":{},"end":{}}],"line":12},"1":{"loc":{"start":{"line":13,"column":2},"end":{"line":17,"column":null}},"type":"if","locations":[{"start":{"line":13,"column":2},"end":{"line":17,"column":null}},{"start":{},"end":{}}],"line":13},"2":{"loc":{"start":{"line":16,"column":4},"end":{"line":16,"column":null}},"type":"if","locations":[{"start":{"line":16,"column":4},"end":{"line":16,"column":null}},{"start":{},"end":{}}],"line":16},"3":{"loc":{"start":{"line":16,"column":8},"end":{"line":16,"column":38}},"type":"binary-expr","locations":[{"start":{"line":16,"column":8},"end":{"line":16,"column":24}},{"start":{"line":16,"column":24},"end":{"line":16,"column":38}}],"line":16},"4":{"loc":{"start":{"line":22,"column":2},"end":{"line":25,"column":null}},"type":"if","locations":[{"start":{"line":22,"column":2},"end":{"line":25,"column":null}},{"start":{},"end":{}}],"line":22},"5":{"loc":{"start":{"line":22,"column":6},"end":{"line":22,"column":68}},"type":"binary-expr","locations":[{"start":{"line":22,"column":6},"end":{"line":22,"column":35}},{"start":{"line":22,"column":35},"end":{"line":22,"column":53}},{"start":{"line":22,"column":53},"end":{"line":22,"column":68}}],"line":22},"6":{"loc":{"start":{"line":24,"column":4},"end":{"line":24,"column":null}},"type":"if","locations":[{"start":{"line":24,"column":4},"end":{"line":24,"column":null}},{"start":{},"end":{}}],"line":24},"7":{"loc":{"start":{"line":24,"column":8},"end":{"line":24,"column":49}},"type":"binary-expr","locations":[{"start":{"line":24,"column":8},"end":{"line":24,"column":34}},{"start":{"line":24,"column":34},"end":{"line":24,"column":49}}],"line":24}},"s":{"0":35,"1":35,"2":35,"3":2,"4":35,"5":15,"6":15,"7":15,"8":0,"9":35,"10":1,"11":1,"12":1,"13":1,"14":0,"15":11},"f":{"0":35,"1":1,"2":11},"b":{"0":[2,33],"1":[15,20],"2":[0,15],"3":[15,0],"4":[1,0],"5":[1,1,1],"6":[1,0],"7":[1,1]},"meta":{"lastBranch":8,"lastFunction":3,"lastStatement":16,"seen":{"f:9:16:9:31":0,"s:10:13:10:Infinity":0,"s:11:17:11:Infinity":1,"b:12:2:12:Infinity:undefined:undefined:undefined:undefined":0,"s:12:2:12:Infinity":2,"s:12:14:12:Infinity":3,"b:13:2:17:Infinity:undefined:undefined:undefined:undefined":1,"s:13:2:17:Infinity":4,"s:14:18:14:Infinity":5,"s:15:17:15:Infinity":6,"b:16:4:16:Infinity:undefined:undefined:undefined:undefined":2,"s:16:4:16:Infinity":7,"b:16:8:16:24:16:24:16:38":3,"s:16:38:16:Infinity":8,"s:18:2:18:Infinity":9,"f:21:16:21:29":1,"b:22:2:25:Infinity:undefined:undefined:undefined:undefined":4,"s:22:2:25:Infinity":10,"b:22:6:22:35:22:35:22:53:22:53:22:68":5,"s:23:16:23:Infinity":11,"b:24:4:24:Infinity:undefined:undefined:undefined:undefined":6,"s:24:4:24:Infinity":12,"b:24:8:24:34:24:34:24:49":7,"s:24:49:24:Infinity":13,"s:26:2:26:Infinity":14,"f:32:16:32:36":2,"s:33:2:36:Infinity":15},"fnNames":{}}}
,"/Users/kdanmobile/Documents/private/motife/.claude/worktrees/next-phase-planning-8fadee/src/agent/evalConcepts.ts": {"path":"/Users/kdanmobile/Documents/private/motife/.claude/worktrees/next-phase-planning-8fadee/src/agent/evalConcepts.ts","statementMap":{"0":{"start":{"line":13,"column":53},"end":{"line":35,"column":null}}},"fnMap":{},"branchMap":{},"s":{"0":0},"f":{},"b":{},"meta":{"lastBranch":0,"lastFunction":0,"lastStatement":1,"seen":{"s:13:53:35:Infinity":0},"fnNames":{}}}
,"/Users/kdanmobile/Documents/private/motife/.claude/worktrees/next-phase-planning-8fadee/src/agent/fakeLlm.ts": {"path":"/Users/kdanmobile/Documents/private/motife/.claude/worktrees/next-phase-planning-8fadee/src/agent/fakeLlm.ts","statementMap":{"0":{"start":{"line":8,"column":33},"end":{"line":8,"column":null}},"1":{"start":{"line":12,"column":4},"end":{"line":12,"column":null}},"2":{"start":{"line":16,"column":4},"end":{"line":16,"column":null}},"3":{"start":{"line":17,"column":18},"end":{"line":17,"column":null}},"4":{"start":{"line":18,"column":17},"end":{"line":18,"column":null}},"5":{"start":{"line":19,"column":4},"end":{"line":23,"column":null}},"6":{"start":{"line":20,"column":6},"end":{"line":22,"column":null}},"7":{"start":{"line":24,"column":4},"end":{"line":24,"column":null}}},"fnMap":{"0":{"name":"constructor","decl":{"start":{"line":11,"column":2},"end":{"line":11,"column":14}},"loc":{"start":{"line":11,"column":44},"end":{"line":13,"column":null}},"line":11},"1":{"name":"complete","decl":{"start":{"line":15,"column":8},"end":{"line":15,"column":17}},"loc":{"start":{"line":15,"column":61},"end":{"line":25,"column":null}},"line":15}},"branchMap":{"0":{"loc":{"start":{"line":19,"column":4},"end":{"line":23,"column":null}},"type":"if","locations":[{"start":{"line":19,"column":4},"end":{"line":23,"column":null}},{"start":{},"end":{}}],"line":19}},"s":{"0":23,"1":23,"2":31,"3":31,"4":31,"5":31,"6":0,"7":31},"f":{"0":23,"1":31},"b":{"0":[0,31]},"meta":{"lastBranch":1,"lastFunction":2,"lastStatement":8,"seen":{"f:11:2:11:14":0,"s:8:33:8:Infinity":0,"s:12:4:12:Infinity":1,"f:15:8:15:17":1,"s:16:4:16:Infinity":2,"s:17:18:17:Infinity":3,"s:18:17:18:Infinity":4,"b:19:4:23:Infinity:undefined:undefined:undefined:undefined":0,"s:19:4:23:Infinity":5,"s:20:6:22:Infinity":6,"s:24:4:24:Infinity":7},"fnNames":{}}}
,"/Users/kdanmobile/Documents/private/motife/.claude/worktrees/next-phase-planning-8fadee/src/agent/generate.ts": {"path":"/Users/kdanmobile/Documents/private/motife/.claude/worktrees/next-phase-planning-8fadee/src/agent/generate.ts","statementMap":{"0":{"start":{"line":12,"column":36},"end":{"line":12,"column":null}},"1":{"start":{"line":52,"column":22},"end":{"line":52,"column":null}},"2":{"start":{"line":53,"column":33},"end":{"line":56,"column":null}},"3":{"start":{"line":57,"column":36},"end":{"line":57,"column":null}},"4":{"start":{"line":59,"column":2},"end":{"line":105,"column":null}},"5":{"start":{"line":59,"column":21},"end":{"line":59,"column":24}},"6":{"start":{"line":60,"column":21},"end":{"line":60,"column":null}},"7":{"start":{"line":61,"column":17},"end":{"line":61,"column":null}},"8":{"start":{"line":63,"column":36},"end":{"line":63,"column":null}},"9":{"start":{"line":64,"column":77},"end":{"line":64,"column":null}},"10":{"start":{"line":67,"column":4},"end":{"line":72,"column":null}},"11":{"start":{"line":68,"column":6},"end":{"line":68,"column":null}},"12":{"start":{"line":70,"column":6},"end":{"line":70,"column":null}},"13":{"start":{"line":71,"column":6},"end":{"line":71,"column":null}},"14":{"start":{"line":74,"column":4},"end":{"line":85,"column":null}},"15":{"start":{"line":75,"column":21},"end":{"line":75,"column":null}},"16":{"start":{"line":76,"column":6},"end":{"line":84,"column":null}},"17":{"start":{"line":77,"column":8},"end":{"line":81,"column":null}},"18":{"start":{"line":83,"column":8},"end":{"line":83,"column":null}},"19":{"start":{"line":87,"column":34},"end":{"line":87,"column":null}},"20":{"start":{"line":88,"column":4},"end":{"line":88,"column":null}},"21":{"start":{"line":89,"column":4},"end":{"line":89,"column":null}},"22":{"start":{"line":91,"column":4},"end":{"line":93,"column":null}},"23":{"start":{"line":92,"column":6},"end":{"line":92,"column":null}},"24":{"start":{"line":97,"column":4},"end":{"line":97,"column":null}},"25":{"start":{"line":98,"column":4},"end":{"line":104,"column":null}},"26":{"start":{"line":107,"column":2},"end":{"line":111,"column":null}}},"fnMap":{"0":{"name":"generateDsl","decl":{"start":{"line":51,"column":22},"end":{"line":51,"column":34}},"loc":{"start":{"line":51,"column":91},"end":{"line":112,"column":null}},"line":51}},"branchMap":{"0":{"loc":{"start":{"line":52,"column":22},"end":{"line":52,"column":null}},"type":"binary-expr","locations":[{"start":{"line":52,"column":22},"end":{"line":52,"column":45}},{"start":{"line":52,"column":45},"end":{"line":52,"column":null}}],"line":52},"1":{"loc":{"start":{"line":74,"column":4},"end":{"line":85,"column":null}},"type":"if","locations":[{"start":{"line":74,"column":4},"end":{"line":85,"column":null}},{"start":{},"end":{}}],"line":74},"2":{"loc":{"start":{"line":76,"column":6},"end":{"line":84,"column":null}},"type":"if","locations":[{"start":{"line":76,"column":6},"end":{"line":84,"column":null}},{"start":{"line":82,"column":13},"end":{"line":84,"column":null}}],"line":76},"3":{"loc":{"start":{"line":80,"column":12},"end":{"line":80,"column":null}},"type":"cond-expr","locations":[{"start":{"line":80,"column":41},"end":{"line":80,"column":88}},{"start":{"line":80,"column":88},"end":{"line":80,"column":null}}],"line":80},"4":{"loc":{"start":{"line":83,"column":34},"end":{"line":83,"column":68}},"type":"binary-expr","locations":[{"start":{"line":83,"column":34},"end":{"line":83,"column":57}},{"start":{"line":83,"column":57},"end":{"line":83,"column":68}}],"line":83},"5":{"loc":{"start":{"line":91,"column":4},"end":{"line":93,"column":null}},"type":"if","locations":[{"start":{"line":91,"column":4},"end":{"line":93,"column":null}},{"start":{},"end":{}}],"line":91},"6":{"loc":{"start":{"line":109,"column":17},"end":{"line":109,"column":null}},"type":"binary-expr","locations":[{"start":{"line":109,"column":17},"end":{"line":109,"column":62}},{"start":{"line":109,"column":62},"end":{"line":109,"column":null}}],"line":109}},"s":{"0":2,"1":17,"2":17,"3":17,"4":17,"5":17,"6":26,"7":26,"8":26,"9":26,"10":26,"11":26,"12":11,"13":11,"14":26,"15":15,"16":15,"17":14,"18":1,"19":26,"20":26,"21":26,"22":26,"23":14,"24":12,"25":12,"26":3},"f":{"0":17},"b":{"0":[17,16],"1":[15,11],"2":[14,1],"3":[10,4],"4":[1,0],"5":[14,12],"6":[3,0]},"meta":{"lastBranch":7,"lastFunction":1,"lastStatement":27,"seen":{"s:12:36:12:Infinity":0,"f:51:22:51:34":0,"s:52:22:52:Infinity":1,"b:52:22:52:45:52:45:52:Infinity":0,"s:53:33:56:Infinity":2,"s:57:36:57:Infinity":3,"s:59:2:105:Infinity":4,"s:59:21:59:24":5,"s:60:21:60:Infinity":6,"s:61:17:61:Infinity":7,"s:63:36:63:Infinity":8,"s:64:77:64:Infinity":9,"s:67:4:72:Infinity":10,"s:68:6:68:Infinity":11,"s:70:6:70:Infinity":12,"s:71:6:71:Infinity":13,"b:74:4:85:Infinity:undefined:undefined:undefined:undefined":1,"s:74:4:85:Infinity":14,"s:75:21:75:Infinity":15,"b:76:6:84:Infinity:82:13:84:Infinity":2,"s:76:6:84:Infinity":16,"s:77:8:81:Infinity":17,"b:80:41:80:88:80:88:80:Infinity":3,"s:83:8:83:Infinity":18,"b:83:34:83:57:83:57:83:68":4,"s:87:34:87:Infinity":19,"s:88:4:88:Infinity":20,"s:89:4:89:Infinity":21,"b:91:4:93:Infinity:undefined:undefined:undefined:undefined":5,"s:91:4:93:Infinity":22,"s:92:6:92:Infinity":23,"s:97:4:97:Infinity":24,"s:98:4:104:Infinity":25,"s:107:2:111:Infinity":26,"b:109:17:109:62:109:62:109:Infinity":6},"fnNames":{}}}
,"/Users/kdanmobile/Documents/private/motife/.claude/worktrees/next-phase-planning-8fadee/src/agent/llm.ts": {"path":"/Users/kdanmobile/Documents/private/motife/.claude/worktrees/next-phase-planning-8fadee/src/agent/llm.ts","statementMap":{"0":{"start":{"line":38,"column":34},"end":{"line":38,"column":null}},"1":{"start":{"line":41,"column":17},"end":{"line":41,"column":null}},"2":{"start":{"line":42,"column":2},"end":{"line":47,"column":null}},"3":{"start":{"line":43,"column":4},"end":{"line":46,"column":null}},"4":{"start":{"line":48,"column":16},"end":{"line":48,"column":null}},"5":{"start":{"line":49,"column":2},"end":{"line":58,"column":null}},"6":{"start":{"line":51,"column":21},"end":{"line":55,"column":null}},"7":{"start":{"line":56,"column":6},"end":{"line":56,"column":null}},"8":{"start":{"line":62,"column":2},"end":{"line":73,"column":null}},"9":{"start":{"line":64,"column":6},"end":{"line":64,"column":null}},"10":{"start":{"line":66,"column":6},"end":{"line":66,"column":null}},"11":{"start":{"line":68,"column":6},"end":{"line":68,"column":null}},"12":{"start":{"line":70,"column":6},"end":{"line":70,"column":null}},"13":{"start":{"line":72,"column":6},"end":{"line":72,"column":null}},"14":{"start":{"line":78,"column":2},"end":{"line":82,"column":null}},"15":{"start":{"line":81,"column":4},"end":{"line":81,"column":null}},"16":{"start":{"line":83,"column":2},"end":{"line":85,"column":null}},"17":{"start":{"line":84,"column":4},"end":{"line":84,"column":null}},"18":{"start":{"line":86,"column":31},"end":{"line":90,"column":null}},"19":{"start":{"line":87,"column":4},"end":{"line":89,"column":null}},"20":{"start":{"line":91,"column":2},"end":{"line":91,"column":null}}},"fnMap":{"0":{"name":"createLlmClient","decl":{"start":{"line":40,"column":16},"end":{"line":40,"column":32}},"loc":{"start":{"line":40,"column":92},"end":{"line":59,"column":null}},"line":40},"1":{"name":"complete","decl":{"start":{"line":50,"column":10},"end":{"line":50,"column":19}},"loc":{"start":{"line":50,"column":63},"end":{"line":57,"column":null}},"line":50},"2":{"name":"modelFor","decl":{"start":{"line":61,"column":9},"end":{"line":61,"column":18}},"loc":{"start":{"line":61,"column":74},"end":{"line":74,"column":null}},"line":61},"3":{"name":"toModelMessage","decl":{"start":{"line":77,"column":16},"end":{"line":77,"column":31}},"loc":{"start":{"line":77,"column":66},"end":{"line":92,"column":null}},"line":77},"4":{"name":"(anonymous_4)","decl":{"start":{"line":86,"column":47},"end":{"line":86,"column":52}},"loc":{"start":{"line":87,"column":4},"end":{"line":89,"column":null}},"line":87}},"branchMap":{"0":{"loc":{"start":{"line":42,"column":2},"end":{"line":47,"column":null}},"type":"if","locations":[{"start":{"line":42,"column":2},"end":{"line":47,"column":null}},{"start":{},"end":{}}],"line":42},"1":{"loc":{"start":{"line":54,"column":25},"end":{"line":54,"column":null}},"type":"binary-expr","locations":[{"start":{"line":54,"column":25},"end":{"line":54,"column":48}},{"start":{"line":54,"column":48},"end":{"line":54,"column":null}}],"line":54},"2":{"loc":{"start":{"line":62,"column":2},"end":{"line":73,"column":null}},"type":"switch","locations":[{"start":{"line":63,"column":4},"end":{"line":64,"column":null}},{"start":{"line":65,"column":4},"end":{"line":66,"column":null}},{"start":{"line":67,"column":4},"end":{"line":68,"column":null}},{"start":{"line":69,"column":4},"end":{"line":70,"column":null}},{"start":{"line":71,"column":4},"end":{"line":72,"column":null}}],"line":62},"3":{"loc":{"start":{"line":78,"column":2},"end":{"line":82,"column":null}},"type":"if","locations":[{"start":{"line":78,"column":2},"end":{"line":82,"column":null}},{"start":{},"end":{}}],"line":78},"4":{"loc":{"start":{"line":83,"column":2},"end":{"line":85,"column":null}},"type":"if","locations":[{"start":{"line":83,"column":2},"end":{"line":85,"column":null}},{"start":{},"end":{}}],"line":83},"5":{"loc":{"start":{"line":87,"column":4},"end":{"line":89,"column":null}},"type":"cond-expr","locations":[{"start":{"line":88,"column":8},"end":{"line":88,"column":null}},{"start":{"line":89,"column":8},"end":{"line":89,"column":null}}],"line":87}},"s":{"0":1,"1":0,"2":0,"3":0,"4":0,"5":0,"6":0,"7":0,"8":0,"9":0,"10":0,"11":0,"12":0,"13":0,"14":5,"15":3,"16":2,"17":1,"18":1,"19":2,"20":1},"f":{"0":0,"1":0,"2":0,"3":5,"4":2},"b":{"0":[0,0],"1":[0,0],"2":[0,0,0,0,0],"3":[3,2],"4":[1,1],"5":[1,1]},"meta":{"lastBranch":6,"lastFunction":5,"lastStatement":21,"seen":{"s:38:34:38:Infinity":0,"f:40:16:40:32":0,"s:41:17:41:Infinity":1,"b:42:2:47:Infinity:undefined:undefined:undefined:undefined":0,"s:42:2:47:Infinity":2,"s:43:4:46:Infinity":3,"s:48:16:48:Infinity":4,"s:49:2:58:Infinity":5,"f:50:10:50:19":1,"s:51:21:55:Infinity":6,"b:54:25:54:48:54:48:54:Infinity":1,"s:56:6:56:Infinity":7,"f:61:9:61:18":2,"b:63:4:64:Infinity:65:4:66:Infinity:67:4:68:Infinity:69:4:70:Infinity:71:4:72:Infinity":2,"s:62:2:73:Infinity":8,"s:64:6:64:Infinity":9,"s:66:6:66:Infinity":10,"s:68:6:68:Infinity":11,"s:70:6:70:Infinity":12,"s:72:6:72:Infinity":13,"f:77:16:77:31":3,"b:78:2:82:Infinity:undefined:undefined:undefined:undefined":3,"s:78:2:82:Infinity":14,"s:81:4:81:Infinity":15,"b:83:2:85:Infinity:undefined:undefined:undefined:undefined":4,"s:83:2:85:Infinity":16,"s:84:4:84:Infinity":17,"s:86:31:90:Infinity":18,"f:86:47:86:52":4,"s:87:4:89:Infinity":19,"b:88:8:88:Infinity:89:8:89:Infinity":5,"s:91:2:91:Infinity":20},"fnNames":{}}}
,"/Users/kdanmobile/Documents/private/motife/.claude/worktrees/next-phase-planning-8fadee/src/agent/pipeline.ts": {"path":"/Users/kdanmobile/Documents/private/motife/.claude/worktrees/next-phase-planning-8fadee/src/agent/pipeline.ts","statementMap":{"0":{"start":{"line":58,"column":39},"end":{"line":65,"column":null}},"1":{"start":{"line":87,"column":17},"end":{"line":87,"column":null}},"2":{"start":{"line":88,"column":14},"end":{"line":88,"column":null}},"3":{"start":{"line":89,"column":23},"end":{"line":89,"column":null}},"4":{"start":{"line":90,"column":16},"end":{"line":90,"column":null}},"5":{"start":{"line":91,"column":23},"end":{"line":94,"column":null}},"6":{"start":{"line":97,"column":2},"end":{"line":97,"column":null}},"7":{"start":{"line":98,"column":20},"end":{"line":111,"column":null}},"8":{"start":{"line":104,"column":19},"end":{"line":104,"column":null}},"9":{"start":{"line":105,"column":6},"end":{"line":105,"column":null}},"10":{"start":{"line":106,"column":6},"end":{"line":109,"column":null}},"11":{"start":{"line":107,"column":8},"end":{"line":107,"column":null}},"12":{"start":{"line":108,"column":8},"end":{"line":108,"column":null}},"13":{"start":{"line":112,"column":2},"end":{"line":122,"column":null}},"14":{"start":{"line":113,"column":4},"end":{"line":113,"column":null}},"15":{"start":{"line":114,"column":4},"end":{"line":121,"column":null}},"16":{"start":{"line":123,"column":2},"end":{"line":123,"column":null}},"17":{"start":{"line":124,"column":2},"end":{"line":124,"column":null}},"18":{"start":{"line":128,"column":40},"end":{"line":128,"column":null}},"19":{"start":{"line":129,"column":33},"end":{"line":129,"column":null}},"20":{"start":{"line":130,"column":14},"end":{"line":130,"column":null}},"21":{"start":{"line":132,"column":2},"end":{"line":228,"column":null}},"22":{"start":{"line":132,"column":23},"end":{"line":132,"column":26}},"23":{"start":{"line":133,"column":22},"end":{"line":133,"column":null}},"24":{"start":{"line":134,"column":20},"end":{"line":134,"column":null}},"25":{"start":{"line":135,"column":28},"end":{"line":135,"column":null}},"26":{"start":{"line":136,"column":16},"end":{"line":136,"column":null}},"27":{"start":{"line":139,"column":29},"end":{"line":139,"column":null}},"28":{"start":{"line":141,"column":4},"end":{"line":158,"column":null}},"29":{"start":{"line":142,"column":6},"end":{"line":142,"column":null}},"30":{"start":{"line":143,"column":18},"end":{"line":150,"column":null}},"31":{"start":{"line":151,"column":6},"end":{"line":151,"column":null}},"32":{"start":{"line":152,"column":6},"end":{"line":155,"column":null}},"33":{"start":{"line":156,"column":6},"end":{"line":156,"column":null}},"34":{"start":{"line":157,"column":6},"end":{"line":157,"column":null}},"35":{"start":{"line":160,"column":4},"end":{"line":160,"column":null}},"36":{"start":{"line":161,"column":20},"end":{"line":166,"column":null}},"37":{"start":{"line":167,"column":4},"end":{"line":167,"column":null}},"38":{"start":{"line":168,"column":4},"end":{"line":168,"column":null}},"39":{"start":{"line":169,"column":4},"end":{"line":169,"column":null}},"40":{"start":{"line":171,"column":24},"end":{"line":171,"column":null}},"41":{"start":{"line":172,"column":19},"end":{"line":176,"column":null}},"42":{"start":{"line":178,"column":4},"end":{"line":178,"column":null}},"43":{"start":{"line":179,"column":46},"end":{"line":179,"column":null}},"44":{"start":{"line":180,"column":4},"end":{"line":187,"column":null}},"45":{"start":{"line":181,"column":6},"end":{"line":186,"column":null}},"46":{"start":{"line":188,"column":19},"end":{"line":192,"column":null}},"47":{"start":{"line":193,"column":4},"end":{"line":193,"column":null}},"48":{"start":{"line":194,"column":21},"end":{"line":194,"column":null}},"49":{"start":{"line":195,"column":4},"end":{"line":195,"column":null}},"50":{"start":{"line":197,"column":33},"end":{"line":197,"column":null}},"51":{"start":{"line":198,"column":4},"end":{"line":198,"column":null}},"52":{"start":{"line":199,"column":4},"end":{"line":199,"column":null}},"53":{"start":{"line":201,"column":4},"end":{"line":204,"column":null}},"54":{"start":{"line":202,"column":6},"end":{"line":202,"column":null}},"55":{"start":{"line":203,"column":6},"end":{"line":203,"column":null}},"56":{"start":{"line":205,"column":4},"end":{"line":205,"column":null}},"57":{"start":{"line":205,"column":34},"end":{"line":205,"column":null}},"58":{"start":{"line":207,"column":4},"end":{"line":207,"column":null}},"59":{"start":{"line":208,"column":20},"end":{"line":220,"column":null}},"60":{"start":{"line":214,"column":21},"end":{"line":214,"column":null}},"61":{"start":{"line":215,"column":8},"end":{"line":215,"column":null}},"62":{"start":{"line":216,"column":8},"end":{"line":218,"column":null}},"63":{"start":{"line":217,"column":10},"end":{"line":217,"column":null}},"64":{"start":{"line":221,"column":4},"end":{"line":225,"column":null}},"65":{"start":{"line":223,"column":6},"end":{"line":223,"column":null}},"66":{"start":{"line":224,"column":6},"end":{"line":224,"column":null}},"67":{"start":{"line":226,"column":4},"end":{"line":226,"column":null}},"68":{"start":{"line":227,"column":4},"end":{"line":227,"column":null}},"69":{"start":{"line":230,"column":2},"end":{"line":230,"column":null}},"70":{"start":{"line":230,"column":17},"end":{"line":230,"column":null}},"71":{"start":{"line":231,"column":2},"end":{"line":238,"column":null}},"72":{"start":{"line":239,"column":2},"end":{"line":245,"column":null}},"73":{"start":{"line":249,"column":17},"end":{"line":249,"column":null}},"74":{"start":{"line":250,"column":2},"end":{"line":252,"column":null}},"75":{"start":{"line":251,"column":4},"end":{"line":251,"column":null}},"76":{"start":{"line":253,"column":2},"end":{"line":253,"column":null}},"77":{"start":{"line":264,"column":16},"end":{"line":270,"column":null}},"78":{"start":{"line":271,"column":2},"end":{"line":276,"column":null}},"79":{"start":{"line":272,"column":4},"end":{"line":275,"column":null}},"80":{"start":{"line":277,"column":2},"end":{"line":284,"column":null}},"81":{"start":{"line":285,"column":2},"end":{"line":285,"column":null}}},"fnMap":{"0":{"name":"runPipeline","decl":{"start":{"line":83,"column":22},"end":{"line":83,"column":null}},"loc":{"start":{"line":86,"column":27},"end":{"line":246,"column":null}},"line":86},"1":{"name":"(anonymous_1)","decl":{"start":{"line":88,"column":22},"end":{"line":88,"column":36}},"loc":{"start":{"line":88,"column":36},"end":{"line":88,"column":null}},"line":88},"2":{"name":"(anonymous_2)","decl":{"start":{"line":103,"column":15},"end":{"line":103,"column":22}},"loc":{"start":{"line":103,"column":33},"end":{"line":110,"column":null}},"line":103},"3":{"name":"(anonymous_3)","decl":{"start":{"line":213,"column":17},"end":{"line":213,"column":24}},"loc":{"start":{"line":213,"column":35},"end":{"line":219,"column":null}},"line":213},"4":{"name":"mustParse","decl":{"start":{"line":248,"column":9},"end":{"line":248,"column":19}},"loc":{"start":{"line":248,"column":63},"end":{"line":254,"column":null}},"line":248},"5":{"name":"writeReport","decl":{"start":{"line":256,"column":15},"end":{"line":256,"column":null}},"loc":{"start":{"line":263,"column":17},"end":{"line":286,"column":null}},"line":263}},"branchMap":{"0":{"loc":{"start":{"line":85,"column":2},"end":{"line":85,"column":null}},"type":"default-arg","locations":[{"start":{"line":85,"column":44},"end":{"line":85,"column":null}}],"line":85},"1":{"loc":{"start":{"line":88,"column":14},"end":{"line":88,"column":null}},"type":"binary-expr","locations":[{"start":{"line":88,"column":14},"end":{"line":88,"column":36}},{"start":{"line":88,"column":22},"end":{"line":88,"column":null}}],"line":88},"2":{"loc":{"start":{"line":89,"column":23},"end":{"line":89,"column":null}},"type":"binary-expr","locations":[{"start":{"line":89,"column":23},"end":{"line":89,"column":47}},{"start":{"line":89,"column":47},"end":{"line":89,"column":null}}],"line":89},"3":{"loc":{"start":{"line":106,"column":6},"end":{"line":109,"column":null}},"type":"if","locations":[{"start":{"line":106,"column":6},"end":{"line":109,"column":null}},{"start":{},"end":{}}],"line":106},"4":{"loc":{"start":{"line":112,"column":2},"end":{"line":122,"column":null}},"type":"if","locations":[{"start":{"line":112,"column":2},"end":{"line":122,"column":null}},{"start":{},"end":{}}],"line":112},"5":{"loc":{"start":{"line":141,"column":4},"end":{"line":158,"column":null}},"type":"if","locations":[{"start":{"line":141,"column":4},"end":{"line":158,"column":null}},{"start":{},"end":{}}],"line":141},"6":{"loc":{"start":{"line":201,"column":4},"end":{"line":204,"column":null}},"type":"if","locations":[{"start":{"line":201,"column":4},"end":{"line":204,"column":null}},{"start":{},"end":{}}],"line":201},"7":{"loc":{"start":{"line":205,"column":4},"end":{"line":205,"column":null}},"type":"if","locations":[{"start":{"line":205,"column":4},"end":{"line":205,"column":null}},{"start":{},"end":{}}],"line":205},"8":{"loc":{"start":{"line":216,"column":8},"end":{"line":218,"column":null}},"type":"if","locations":[{"start":{"line":216,"column":8},"end":{"line":218,"column":null}},{"start":{},"end":{}}],"line":216},"9":{"loc":{"start":{"line":221,"column":4},"end":{"line":225,"column":null}},"type":"if","locations":[{"start":{"line":221,"column":4},"end":{"line":225,"column":null}},{"start":{},"end":{}}],"line":221},"10":{"loc":{"start":{"line":230,"column":2},"end":{"line":230,"column":null}},"type":"if","locations":[{"start":{"line":230,"column":2},"end":{"line":230,"column":null}},{"start":{},"end":{}}],"line":230},"11":{"loc":{"start":{"line":241,"column":14},"end":{"line":241,"column":null}},"type":"cond-expr","locations":[{"start":{"line":241,"column":26},"end":{"line":241,"column":43}},{"start":{"line":241,"column":43},"end":{"line":241,"column":null}}],"line":241},"12":{"loc":{"start":{"line":250,"column":2},"end":{"line":252,"column":null}},"type":"if","locations":[{"start":{"line":250,"column":2},"end":{"line":252,"column":null}},{"start":{},"end":{}}],"line":250},"13":{"loc":{"start":{"line":269,"column":47},"end":{"line":269,"column":null}},"type":"cond-expr","locations":[{"start":{"line":269,"column":58},"end":{"line":269,"column":63}},{"start":{"line":269,"column":63},"end":{"line":269,"column":null}}],"line":269},"14":{"loc":{"start":{"line":279,"column":4},"end":{"line":283,"column":null}},"type":"cond-expr","locations":[{"start":{"line":280,"column":8},"end":{"line":282,"column":null}},{"start":{"line":283,"column":8},"end":{"line":283,"column":null}}],"line":279},"15":{"loc":{"start":{"line":280,"column":8},"end":{"line":282,"column":null}},"type":"cond-expr","locations":[{"start":{"line":281,"column":10},"end":{"line":281,"column":null}},{"start":{"line":282,"column":10},"end":{"line":282,"column":null}}],"line":280}},"s":{"0":1,"1":7,"2":7,"3":7,"4":7,"5":7,"6":7,"7":7,"8":10,"9":10,"10":10,"11":4,"12":4,"13":7,"14":1,"15":1,"16":6,"17":6,"18":6,"19":6,"20":6,"21":6,"22":6,"23":9,"24":9,"25":9,"26":9,"27":9,"28":9,"29":1,"30":1,"31":1,"32":1,"33":1,"34":1,"35":9,"36":9,"37":9,"38":9,"39":9,"40":9,"41":9,"42":9,"43":9,"44":9,"45":108,"46":9,"47":9,"48":9,"49":9,"50":9,"51":9,"52":9,"53":9,"54":4,"55":4,"56":5,"57":1,"58":4,"59":4,"60":7,"61":7,"62":7,"63":4,"64":4,"65":1,"66":1,"67":3,"68":3,"69":9,"70":6,"71":6,"72":6,"73":19,"74":19,"75":0,"76":19,"77":7,"78":7,"79":9,"80":7,"81":7},"f":{"0":7,"1":50,"2":10,"3":7,"4":19,"5":7},"b":{"0":[7],"1":[7,50],"2":[7,6],"3":[4,6],"4":[1,6],"5":[1,8],"6":[4,5],"7":[1,4],"8":[4,3],"9":[1,3],"10":[6,3],"11":[6,0],"12":[0,19],"13":[6,1],"14":[6,1],"15":[4,2]},"meta":{"lastBranch":16,"lastFunction":6,"lastStatement":82,"seen":{"s:58:39:65:Infinity":0,"f:83:22:83:Infinity":0,"b:85:44:85:Infinity":0,"s:87:17:87:Infinity":1,"s:88:14:88:Infinity":2,"b:88:14:88:36:88:22:88:Infinity":1,"f:88:22:88:36":1,"s:89:23:89:Infinity":3,"b:89:23:89:47:89:47:89:Infinity":2,"s:90:16:90:Infinity":4,"s:91:23:94:Infinity":5,"s:97:2:97:Infinity":6,"s:98:20:111:Infinity":7,"f:103:15:103:22":2,"s:104:19:104:Infinity":8,"s:105:6:105:Infinity":9,"b:106:6:109:Infinity:undefined:undefined:undefined:undefined":3,"s:106:6:109:Infinity":10,"s:107:8:107:Infinity":11,"s:108:8:108:Infinity":12,"b:112:2:122:Infinity:undefined:undefined:undefined:undefined":4,"s:112:2:122:Infinity":13,"s:113:4:113:Infinity":14,"s:114:4:121:Infinity":15,"s:123:2:123:Infinity":16,"s:124:2:124:Infinity":17,"s:128:40:128:Infinity":18,"s:129:33:129:Infinity":19,"s:130:14:130:Infinity":20,"s:132:2:228:Infinity":21,"s:132:23:132:26":22,"s:133:22:133:Infinity":23,"s:134:20:134:Infinity":24,"s:135:28:135:Infinity":25,"s:136:16:136:Infinity":26,"s:139:29:139:Infinity":27,"b:141:4:158:Infinity:undefined:undefined:undefined:undefined":5,"s:141:4:158:Infinity":28,"s:142:6:142:Infinity":29,"s:143:18:150:Infinity":30,"s:151:6:151:Infinity":31,"s:152:6:155:Infinity":32,"s:156:6:156:Infinity":33,"s:157:6:157:Infinity":34,"s:160:4:160:Infinity":35,"s:161:20:166:Infinity":36,"s:167:4:167:Infinity":37,"s:168:4:168:Infinity":38,"s:169:4:169:Infinity":39,"s:171:24:171:Infinity":40,"s:172:19:176:Infinity":41,"s:178:4:178:Infinity":42,"s:179:46:179:Infinity":43,"s:180:4:187:Infinity":44,"s:181:6:186:Infinity":45,"s:188:19:192:Infinity":46,"s:193:4:193:Infinity":47,"s:194:21:194:Infinity":48,"s:195:4:195:Infinity":49,"s:197:33:197:Infinity":50,"s:198:4:198:Infinity":51,"s:199:4:199:Infinity":52,"b:201:4:204:Infinity:undefined:undefined:undefined:undefined":6,"s:201:4:204:Infinity":53,"s:202:6:202:Infinity":54,"s:203:6:203:Infinity":55,"b:205:4:205:Infinity:undefined:undefined:undefined:undefined":7,"s:205:4:205:Infinity":56,"s:205:34:205:Infinity":57,"s:207:4:207:Infinity":58,"s:208:20:220:Infinity":59,"f:213:17:213:24":3,"s:214:21:214:Infinity":60,"s:215:8:215:Infinity":61,"b:216:8:218:Infinity:undefined:undefined:undefined:undefined":8,"s:216:8:218:Infinity":62,"s:217:10:217:Infinity":63,"b:221:4:225:Infinity:undefined:undefined:undefined:undefined":9,"s:221:4:225:Infinity":64,"s:223:6:223:Infinity":65,"s:224:6:224:Infinity":66,"s:226:4:226:Infinity":67,"s:227:4:227:Infinity":68,"b:230:2:230:Infinity:undefined:undefined:undefined:undefined":10,"s:230:2:230:Infinity":69,"s:230:17:230:Infinity":70,"s:231:2:238:Infinity":71,"s:239:2:245:Infinity":72,"b:241:26:241:43:241:43:241:Infinity":11,"f:248:9:248:19":4,"s:249:17:249:Infinity":73,"b:250:2:252:Infinity:undefined:undefined:undefined:undefined":12,"s:250:2:252:Infinity":74,"s:251:4:251:Infinity":75,"s:253:2:253:Infinity":76,"f:256:15:256:Infinity":5,"s:264:16:270:Infinity":77,"b:269:58:269:63:269:63:269:Infinity":13,"s:271:2:276:Infinity":78,"s:272:4:275:Infinity":79,"s:277:2:284:Infinity":80,"b:280:8:282:Infinity:283:8:283:Infinity":14,"b:281:10:281:Infinity:282:10:282:Infinity":15,"s:285:2:285:Infinity":81},"fnNames":{}}}
,"/Users/kdanmobile/Documents/private/motife/.claude/worktrees/next-phase-planning-8fadee/src/agent/prompt.ts": {"path":"/Users/kdanmobile/Documents/private/motife/.claude/worktrees/next-phase-planning-8fadee/src/agent/prompt.ts","statementMap":{"0":{"start":{"line":13,"column":27},"end":{"line":13,"column":null}},"1":{"start":{"line":25,"column":19},"end":{"line":25,"column":null}},"2":{"start":{"line":26,"column":23},"end":{"line":26,"column":null}},"3":{"start":{"line":28,"column":23},"end":{"line":28,"column":null}},"4":{"start":{"line":29,"column":21},"end":{"line":29,"column":null}},"5":{"start":{"line":31,"column":19},"end":{"line":36,"column":null}},"6":{"start":{"line":34,"column":8},"end":{"line":34,"column":null}},"7":{"start":{"line":38,"column":2},"end":{"line":73,"column":null}}},"fnMap":{"0":{"name":"buildSystemPrompt","decl":{"start":{"line":24,"column":22},"end":{"line":24,"column":40}},"loc":{"start":{"line":24,"column":86},"end":{"line":74,"column":null}},"line":24},"1":{"name":"(anonymous_1)","decl":{"start":{"line":32,"column":5},"end":{"line":32,"column":null}},"loc":{"start":{"line":34,"column":8},"end":{"line":34,"column":null}},"line":34}},"branchMap":{"0":{"loc":{"start":{"line":24,"column":40},"end":{"line":24,"column":86}},"type":"default-arg","locations":[{"start":{"line":24,"column":65},"end":{"line":24,"column":86}}],"line":24},"1":{"loc":{"start":{"line":25,"column":19},"end":{"line":25,"column":null}},"type":"binary-expr","locations":[{"start":{"line":25,"column":19},"end":{"line":25,"column":39}},{"start":{"line":25,"column":39},"end":{"line":25,"column":null}}],"line":25},"2":{"loc":{"start":{"line":26,"column":44},"end":{"line":26,"column":80}},"type":"binary-expr","locations":[{"start":{"line":26,"column":44},"end":{"line":26,"column":63}},{"start":{"line":26,"column":63},"end":{"line":26,"column":80}}],"line":26},"3":{"loc":{"start":{"line":70,"column":8},"end":{"line":72,"column":null}},"type":"cond-expr","locations":[{"start":{"line":71,"column":8},"end":{"line":71,"column":null}},{"start":{"line":72,"column":8},"end":{"line":72,"column":null}}],"line":70}},"s":{"0":2,"1":2,"2":2,"3":2,"4":2,"5":2,"6":3,"7":2},"f":{"0":2,"1":3},"b":{"0":[2],"1":[2,1],"2":[2,1],"3":[1,1]},"meta":{"lastBranch":4,"lastFunction":2,"lastStatement":8,"seen":{"s:13:27:13:Infinity":0,"f:24:22:24:40":0,"b:24:65:24:86":0,"s:25:19:25:Infinity":1,"b:25:19:25:39:25:39:25:Infinity":1,"s:26:23:26:Infinity":2,"b:26:44:26:63:26:63:26:80":2,"s:28:23:28:Infinity":3,"s:29:21:29:Infinity":4,"s:31:19:36:Infinity":5,"f:32:5:32:Infinity":1,"s:34:8:34:Infinity":6,"s:38:2:73:Infinity":7,"b:71:8:71:Infinity:72:8:72:Infinity":3},"fnNames":{}}}
,"/Users/kdanmobile/Documents/private/motife/.claude/worktrees/next-phase-planning-8fadee/src/agent/providers.ts": {"path":"/Users/kdanmobile/Documents/private/motife/.claude/worktrees/next-phase-planning-8fadee/src/agent/providers.ts","statementMap":{"0":{"start":{"line":11,"column":30},"end":{"line":11,"column":null}},"1":{"start":{"line":13,"column":60},"end":{"line":19,"column":null}},"2":{"start":{"line":22,"column":63},"end":{"line":28,"column":null}},"3":{"start":{"line":32,"column":55},"end":{"line":32,"column":null}},"4":{"start":{"line":35,"column":2},"end":{"line":35,"column":null}},"5":{"start":{"line":42,"column":16},"end":{"line":42,"column":null}},"6":{"start":{"line":43,"column":2},"end":{"line":43,"column":null}},"7":{"start":{"line":47,"column":14},"end":{"line":47,"column":null}},"8":{"start":{"line":48,"column":2},"end":{"line":52,"column":null}},"9":{"start":{"line":49,"column":4},"end":{"line":51,"column":null}},"10":{"start":{"line":53,"column":2},"end":{"line":53,"column":null}},"11":{"start":{"line":57,"column":2},"end":{"line":57,"column":null}},"12":{"start":{"line":61,"column":14},"end":{"line":61,"column":null}},"13":{"start":{"line":62,"column":2},"end":{"line":66,"column":null}},"14":{"start":{"line":63,"column":4},"end":{"line":65,"column":null}},"15":{"start":{"line":67,"column":2},"end":{"line":67,"column":null}},"16":{"start":{"line":71,"column":2},"end":{"line":71,"column":null}}},"fnMap":{"0":{"name":"isProviderName","decl":{"start":{"line":34,"column":16},"end":{"line":34,"column":31}},"loc":{"start":{"line":34,"column":69},"end":{"line":36,"column":null}},"line":34},"1":{"name":"envValue","decl":{"start":{"line":41,"column":9},"end":{"line":41,"column":18}},"loc":{"start":{"line":41,"column":52},"end":{"line":44,"column":null}},"line":41},"2":{"name":"resolveProvider","decl":{"start":{"line":46,"column":16},"end":{"line":46,"column":32}},"loc":{"start":{"line":46,"column":72},"end":{"line":54,"column":null}},"line":46},"3":{"name":"resolveModel","decl":{"start":{"line":56,"column":16},"end":{"line":56,"column":29}},"loc":{"start":{"line":56,"column":87},"end":{"line":58,"column":null}},"line":56},"4":{"name":"resolveCritiqueProvider","decl":{"start":{"line":60,"column":16},"end":{"line":60,"column":40}},"loc":{"start":{"line":60,"column":80},"end":{"line":68,"column":null}},"line":60},"5":{"name":"resolveCritiqueModel","decl":{"start":{"line":70,"column":16},"end":{"line":70,"column":37}},"loc":{"start":{"line":70,"column":95},"end":{"line":72,"column":null}},"line":70}},"branchMap":{"0":{"loc":{"start":{"line":43,"column":9},"end":{"line":43,"column":null}},"type":"cond-expr","locations":[{"start":{"line":43,"column":54},"end":{"line":43,"column":66}},{"start":{"line":43,"column":66},"end":{"line":43,"column":null}}],"line":43},"1":{"loc":{"start":{"line":43,"column":9},"end":{"line":43,"column":54}},"type":"binary-expr","locations":[{"start":{"line":43,"column":9},"end":{"line":43,"column":32}},{"start":{"line":43,"column":32},"end":{"line":43,"column":54}}],"line":43},"2":{"loc":{"start":{"line":47,"column":14},"end":{"line":47,"column":null}},"type":"binary-expr","locations":[{"start":{"line":47,"column":14},"end":{"line":47,"column":22}},{"start":{"line":47,"column":22},"end":{"line":47,"column":53}},{"start":{"line":47,"column":53},"end":{"line":47,"column":null}}],"line":47},"3":{"loc":{"start":{"line":48,"column":2},"end":{"line":52,"column":null}},"type":"if","locations":[{"start":{"line":48,"column":2},"end":{"line":52,"column":null}},{"start":{},"end":{}}],"line":48},"4":{"loc":{"start":{"line":57,"column":9},"end":{"line":57,"column":null}},"type":"binary-expr","locations":[{"start":{"line":57,"column":9},"end":{"line":57,"column":17}},{"start":{"line":57,"column":17},"end":{"line":57,"column":45}},{"start":{"line":57,"column":45},"end":{"line":57,"column":null}}],"line":57},"5":{"loc":{"start":{"line":61,"column":14},"end":{"line":61,"column":null}},"type":"binary-expr","locations":[{"start":{"line":61,"column":14},"end":{"line":61,"column":22}},{"start":{"line":61,"column":22},"end":{"line":61,"column":62}},{"start":{"line":61,"column":62},"end":{"line":61,"column":null}}],"line":61},"6":{"loc":{"start":{"line":62,"column":2},"end":{"line":66,"column":null}},"type":"if","locations":[{"start":{"line":62,"column":2},"end":{"line":66,"column":null}},{"start":{},"end":{}}],"line":62},"7":{"loc":{"start":{"line":71,"column":9},"end":{"line":71,"column":null}},"type":"binary-expr","locations":[{"start":{"line":71,"column":9},"end":{"line":71,"column":17}},{"start":{"line":71,"column":17},"end":{"line":71,"column":54}},{"start":{"line":71,"column":54},"end":{"line":71,"column":null}}],"line":71}},"s":{"0":2,"1":2,"2":2,"3":2,"4":15,"5":9,"6":9,"7":5,"8":5,"9":2,"10":3,"11":3,"12":4,"13":4,"14":1,"15":3,"16":2},"f":{"0":15,"1":9,"2":5,"3":3,"4":4,"5":2},"b":{"0":[4,5],"1":[9,7],"2":[5,3,1],"3":[2,3],"4":[3,2,1],"5":[4,2,1],"6":[1,3],"7":[2,2,1]},"meta":{"lastBranch":8,"lastFunction":6,"lastStatement":17,"seen":{"s:11:30:11:Infinity":0,"s:13:60:19:Infinity":1,"s:22:63:28:Infinity":2,"s:32:55:32:Infinity":3,"f:34:16:34:31":0,"s:35:2:35:Infinity":4,"f:41:9:41:18":1,"s:42:16:42:Infinity":5,"s:43:2:43:Infinity":6,"b:43:54:43:66:43:66:43:Infinity":0,"b:43:9:43:32:43:32:43:54":1,"f:46:16:46:32":2,"s:47:14:47:Infinity":7,"b:47:14:47:22:47:22:47:53:47:53:47:Infinity":2,"b:48:2:52:Infinity:undefined:undefined:undefined:undefined":3,"s:48:2:52:Infinity":8,"s:49:4:51:Infinity":9,"s:53:2:53:Infinity":10,"f:56:16:56:29":3,"s:57:2:57:Infinity":11,"b:57:9:57:17:57:17:57:45:57:45:57:Infinity":4,"f:60:16:60:40":4,"s:61:14:61:Infinity":12,"b:61:14:61:22:61:22:61:62:61:62:61:Infinity":5,"b:62:2:66:Infinity:undefined:undefined:undefined:undefined":6,"s:62:2:66:Infinity":13,"s:63:4:65:Infinity":14,"s:67:2:67:Infinity":15,"f:70:16:70:37":5,"s:71:2:71:Infinity":16,"b:71:9:71:17:71:17:71:54:71:54:71:Infinity":7},"fnNames":{}}}
,"/Users/kdanmobile/Documents/private/motife/.claude/worktrees/next-phase-planning-8fadee/src/agent/render.ts": {"path":"/Users/kdanmobile/Documents/private/motife/.claude/worktrees/next-phase-planning-8fadee/src/agent/render.ts","statementMap":{"0":{"start":{"line":27,"column":20},"end":{"line":27,"column":null}},"1":{"start":{"line":44,"column":2},"end":{"line":44,"column":null}},"2":{"start":{"line":46,"column":4},"end":{"line":53,"column":null}},"3":{"start":{"line":55,"column":39},"end":{"line":58,"column":null}},"4":{"start":{"line":60,"column":22},"end":{"line":60,"column":null}},"5":{"start":{"line":61,"column":2},"end":{"line":61,"column":null}},"6":{"start":{"line":65,"column":2},"end":{"line":65,"column":null}},"7":{"start":{"line":66,"column":2},"end":{"line":74,"column":null}},"8":{"start":{"line":83,"column":20},"end":{"line":83,"column":null}},"9":{"start":{"line":88,"column":2},"end":{"line":88,"column":null}},"10":{"start":{"line":96,"column":2},"end":{"line":96,"column":null}},"11":{"start":{"line":97,"column":36},"end":{"line":97,"column":null}},"12":{"start":{"line":98,"column":2},"end":{"line":110,"column":null}},"13":{"start":{"line":99,"column":21},"end":{"line":99,"column":null}},"14":{"start":{"line":100,"column":4},"end":{"line":108,"column":null}},"15":{"start":{"line":109,"column":4},"end":{"line":109,"column":null}},"16":{"start":{"line":111,"column":2},"end":{"line":111,"column":null}}},"fnMap":{"0":{"name":"prepareRender","decl":{"start":{"line":35,"column":22},"end":{"line":35,"column":36}},"loc":{"start":{"line":43,"column":27},"end":{"line":62,"column":null}},"line":43},"1":{"name":"renderVideo","decl":{"start":{"line":64,"column":22},"end":{"line":64,"column":34}},"loc":{"start":{"line":64,"column":97},"end":{"line":75,"column":null}},"line":64},"2":{"name":"stillFileName","decl":{"start":{"line":87,"column":16},"end":{"line":87,"column":30}},"loc":{"start":{"line":87,"column":60},"end":{"line":89,"column":null}},"line":87},"3":{"name":"renderCritiqueStills","decl":{"start":{"line":91,"column":22},"end":{"line":91,"column":null}},"loc":{"start":{"line":95,"column":28},"end":{"line":112,"column":null}},"line":95}},"branchMap":{"0":{"loc":{"start":{"line":46,"column":4},"end":{"line":53,"column":null}},"type":"binary-expr","locations":[{"start":{"line":46,"column":4},"end":{"line":46,"column":null}},{"start":{"line":47,"column":5},"end":{"line":53,"column":null}}],"line":46},"1":{"loc":{"start":{"line":52,"column":10},"end":{"line":52,"column":null}},"type":"cond-expr","locations":[{"start":{"line":52,"column":30},"end":{"line":52,"column":65}},{"start":{"line":52,"column":65},"end":{"line":52,"column":null}}],"line":52},"2":{"loc":{"start":{"line":57,"column":8},"end":{"line":57,"column":null}},"type":"cond-expr","locations":[{"start":{"line":57,"column":38},"end":{"line":57,"column":43}},{"start":{"line":57,"column":43},"end":{"line":57,"column":null}}],"line":57}},"s":{"0":1,"1":0,"2":0,"3":0,"4":0,"5":0,"6":0,"7":0,"8":1,"9":108,"10":0,"11":0,"12":0,"13":0,"14":0,"15":0,"16":0},"f":{"0":0,"1":0,"2":108,"3":0},"b":{"0":[0,0],"1":[0,0],"2":[0,0]},"meta":{"lastBranch":3,"lastFunction":4,"lastStatement":17,"seen":{"s:27:20:27:Infinity":0,"f:35:22:35:36":0,"s:44:2:44:Infinity":1,"s:46:4:53:Infinity":2,"b:46:4:46:Infinity:47:5:53:Infinity":0,"b:52:30:52:65:52:65:52:Infinity":1,"s:55:39:58:Infinity":3,"b:57:38:57:43:57:43:57:Infinity":2,"s:60:22:60:Infinity":4,"s:61:2:61:Infinity":5,"f:64:22:64:34":1,"s:65:2:65:Infinity":6,"s:66:2:74:Infinity":7,"s:83:20:83:Infinity":8,"f:87:16:87:30":2,"s:88:2:88:Infinity":9,"f:91:22:91:Infinity":3,"s:96:2:96:Infinity":10,"s:97:36:97:Infinity":11,"s:98:2:110:Infinity":12,"s:99:21:99:Infinity":13,"s:100:4:108:Infinity":14,"s:109:4:109:Infinity":15,"s:111:2:111:Infinity":16},"fnNames":{}}}
,"/Users/kdanmobile/Documents/private/motife/.claude/worktrees/next-phase-planning-8fadee/src/agent/revise.ts": {"path":"/Users/kdanmobile/Documents/private/motife/.claude/worktrees/next-phase-planning-8fadee/src/agent/revise.ts","statementMap":{"0":{"start":{"line":10,"column":2},"end":{"line":23,"column":null}},"1":{"start":{"line":34,"column":2},"end":{"line":40,"column":null}}},"fnMap":{"0":{"name":"buildRevisionPrompt","decl":{"start":{"line":9,"column":16},"end":{"line":9,"column":36}},"loc":{"start":{"line":9,"column":90},"end":{"line":24,"column":null}},"line":9},"1":{"name":"reviseDsl","decl":{"start":{"line":26,"column":22},"end":{"line":26,"column":32}},"loc":{"start":{"line":33,"column":31},"end":{"line":41,"column":null}},"line":33}},"branchMap":{},"s":{"0":4,"1":4},"f":{"0":4,"1":4},"b":{},"meta":{"lastBranch":0,"lastFunction":2,"lastStatement":2,"seen":{"f:9:16:9:36":0,"s:10:2:23:Infinity":0,"f:26:22:26:32":1,"s:34:2:40:Infinity":1},"fnNames":{}}}
,"/Users/kdanmobile/Documents/private/motife/.claude/worktrees/next-phase-planning-8fadee/src/agent/runInputs.ts": {"path":"/Users/kdanmobile/Documents/private/motife/.claude/worktrees/next-phase-planning-8fadee/src/agent/runInputs.ts","statementMap":{"0":{"start":{"line":16,"column":16},"end":{"line":16,"column":null}},"1":{"start":{"line":18,"column":4},"end":{"line":18,"column":null}},"2":{"start":{"line":19,"column":26},"end":{"line":19,"column":null}},"3":{"start":{"line":22,"column":2},"end":{"line":29,"column":null}},"4":{"start":{"line":23,"column":21},"end":{"line":25,"column":null}},"5":{"start":{"line":26,"column":4},"end":{"line":26,"column":null}},"6":{"start":{"line":28,"column":4},"end":{"line":28,"column":null}},"7":{"start":{"line":30,"column":2},"end":{"line":30,"column":null}},"8":{"start":{"line":34,"column":2},"end":{"line":38,"column":null}},"9":{"start":{"line":35,"column":4},"end":{"line":35,"column":null}},"10":{"start":{"line":37,"column":4},"end":{"line":37,"column":null}}},"fnMap":{"0":{"name":"loadRunInputs","decl":{"start":{"line":15,"column":22},"end":{"line":15,"column":36}},"loc":{"start":{"line":15,"column":95},"end":{"line":31,"column":null}},"line":15},"1":{"name":"fileExists","decl":{"start":{"line":33,"column":15},"end":{"line":33,"column":26}},"loc":{"start":{"line":33,"column":62},"end":{"line":39,"column":null}},"line":33}},"branchMap":{"0":{"loc":{"start":{"line":18,"column":4},"end":{"line":18,"column":null}},"type":"binary-expr","locations":[{"start":{"line":18,"column":4},"end":{"line":18,"column":21}},{"start":{"line":18,"column":21},"end":{"line":18,"column":null}}],"line":18},"1":{"loc":{"start":{"line":18,"column":21},"end":{"line":18,"column":null}},"type":"cond-expr","locations":[{"start":{"line":18,"column":59},"end":{"line":18,"column":78}},{"start":{"line":18,"column":78},"end":{"line":18,"column":null}}],"line":18},"2":{"loc":{"start":{"line":26,"column":12},"end":{"line":26,"column":null}},"type":"binary-expr","locations":[{"start":{"line":26,"column":12},"end":{"line":26,"column":24}},{"start":{"line":26,"column":24},"end":{"line":26,"column":null}}],"line":26}},"s":{"0":6,"1":6,"2":6,"3":6,"4":6,"5":3,"6":4,"7":6,"8":5,"9":5,"10":4},"f":{"0":6,"1":5},"b":{"0":[6,5],"1":[1,4],"2":[3,1]},"meta":{"lastBranch":3,"lastFunction":2,"lastStatement":11,"seen":{"f:15:22:15:36":0,"s:16:16:16:Infinity":0,"s:18:4:18:Infinity":1,"b:18:4:18:21:18:21:18:Infinity":0,"b:18:59:18:78:18:78:18:Infinity":1,"s:19:26:19:Infinity":2,"s:22:2:29:Infinity":3,"s:23:21:25:Infinity":4,"s:26:4:26:Infinity":5,"b:26:12:26:24:26:24:26:Infinity":2,"s:28:4:28:Infinity":6,"s:30:2:30:Infinity":7,"f:33:15:33:26":1,"s:34:2:38:Infinity":8,"s:35:4:35:Infinity":9,"s:37:4:37:Infinity":10},"fnNames":{}}}
,"/Users/kdanmobile/Documents/private/motife/.claude/worktrees/next-phase-planning-8fadee/src/agent/rundir.ts": {"path":"/Users/kdanmobile/Documents/private/motife/.claude/worktrees/next-phase-planning-8fadee/src/agent/rundir.ts","statementMap":{"0":{"start":{"line":26,"column":2},"end":{"line":38,"column":null}},"1":{"start":{"line":50,"column":15},"end":{"line":50,"column":null}},"2":{"start":{"line":51,"column":2},"end":{"line":57,"column":null}},"3":{"start":{"line":63,"column":2},"end":{"line":68,"column":null}},"4":{"start":{"line":72,"column":16},"end":{"line":76,"column":null}},"5":{"start":{"line":77,"column":15},"end":{"line":81,"column":null}},"6":{"start":{"line":82,"column":15},"end":{"line":82,"column":null}},"7":{"start":{"line":83,"column":15},"end":{"line":83,"column":null}},"8":{"start":{"line":84,"column":2},"end":{"line":84,"column":null}},"9":{"start":{"line":88,"column":16},"end":{"line":88,"column":null}},"10":{"start":{"line":89,"column":2},"end":{"line":89,"column":null}},"11":{"start":{"line":90,"column":2},"end":{"line":90,"column":null}},"12":{"start":{"line":91,"column":2},"end":{"line":91,"column":null}},"13":{"start":{"line":92,"column":2},"end":{"line":94,"column":null}},"14":{"start":{"line":93,"column":4},"end":{"line":93,"column":null}},"15":{"start":{"line":95,"column":2},"end":{"line":95,"column":null}}},"fnMap":{"0":{"name":"runPaths","decl":{"start":{"line":25,"column":16},"end":{"line":25,"column":25}},"loc":{"start":{"line":25,"column":49},"end":{"line":39,"column":null}},"line":25},"1":{"name":"iterationPaths","decl":{"start":{"line":49,"column":16},"end":{"line":49,"column":31}},"loc":{"start":{"line":49,"column":83},"end":{"line":58,"column":null}},"line":49},"2":{"name":"slugify","decl":{"start":{"line":62,"column":16},"end":{"line":62,"column":24}},"loc":{"start":{"line":62,"column":62},"end":{"line":69,"column":null}},"line":62},"3":{"name":"defaultRunRoot","decl":{"start":{"line":71,"column":16},"end":{"line":71,"column":31}},"loc":{"start":{"line":71,"column":73},"end":{"line":85,"column":null}},"line":71},"4":{"name":"ensureRunDir","decl":{"start":{"line":87,"column":22},"end":{"line":87,"column":35}},"loc":{"start":{"line":87,"column":85},"end":{"line":96,"column":null}},"line":87}},"branchMap":{"0":{"loc":{"start":{"line":62,"column":38},"end":{"line":62,"column":62}},"type":"default-arg","locations":[{"start":{"line":62,"column":50},"end":{"line":62,"column":62}}],"line":62},"1":{"loc":{"start":{"line":71,"column":47},"end":{"line":71,"column":73}},"type":"default-arg","locations":[{"start":{"line":71,"column":53},"end":{"line":71,"column":73}}],"line":71},"2":{"loc":{"start":{"line":83,"column":15},"end":{"line":83,"column":null}},"type":"cond-expr","locations":[{"start":{"line":83,"column":33},"end":{"line":83,"column":62}},{"start":{"line":83,"column":62},"end":{"line":83,"column":null}}],"line":83},"3":{"loc":{"start":{"line":92,"column":2},"end":{"line":94,"column":null}},"type":"if","locations":[{"start":{"line":92,"column":2},"end":{"line":94,"column":null}},{"start":{},"end":{}}],"line":92}},"s":{"0":17,"1":10,"2":10,"3":7,"4":3,"5":3,"6":3,"7":3,"8":3,"9":10,"10":10,"11":10,"12":10,"13":10,"14":9,"15":10},"f":{"0":17,"1":10,"2":7,"3":3,"4":10},"b":{"0":[7],"1":[3],"2":[2,1],"3":[9,1]},"meta":{"lastBranch":4,"lastFunction":5,"lastStatement":16,"seen":{"f:25:16:25:25":0,"s:26:2:38:Infinity":0,"f:49:16:49:31":1,"s:50:15:50:Infinity":1,"s:51:2:57:Infinity":2,"f:62:16:62:24":2,"b:62:50:62:62":0,"s:63:2:68:Infinity":3,"f:71:16:71:31":3,"b:71:53:71:73":1,"s:72:16:76:Infinity":4,"s:77:15:81:Infinity":5,"s:82:15:82:Infinity":6,"s:83:15:83:Infinity":7,"b:83:33:83:62:83:62:83:Infinity":2,"s:84:2:84:Infinity":8,"f:87:22:87:35":4,"s:88:16:88:Infinity":9,"s:89:2:89:Infinity":10,"s:90:2:90:Infinity":11,"s:91:2:91:Infinity":12,"b:92:2:94:Infinity:undefined:undefined:undefined:undefined":3,"s:92:2:94:Infinity":13,"s:93:4:93:Infinity":14,"s:95:2:95:Infinity":15},"fnNames":{}}}
,"/Users/kdanmobile/Documents/private/motife/.claude/worktrees/next-phase-planning-8fadee/src/agent/commands/critique.ts": {"path":"/Users/kdanmobile/Documents/private/motife/.claude/worktrees/next-phase-planning-8fadee/src/agent/commands/critique.ts","statementMap":{"0":{"start":{"line":18,"column":14},"end":{"line":18,"column":null}},"1":{"start":{"line":31,"column":2},"end":{"line":45,"column":null}},"2":{"start":{"line":32,"column":4},"end":{"line":41,"column":null}},"3":{"start":{"line":43,"column":4},"end":{"line":43,"column":null}},"4":{"start":{"line":44,"column":4},"end":{"line":44,"column":null}},"5":{"start":{"line":46,"column":2},"end":{"line":49,"column":null}},"6":{"start":{"line":47,"column":4},"end":{"line":47,"column":null}},"7":{"start":{"line":48,"column":4},"end":{"line":48,"column":null}},"8":{"start":{"line":50,"column":18},"end":{"line":50,"column":null}},"9":{"start":{"line":51,"column":2},"end":{"line":54,"column":null}},"10":{"start":{"line":52,"column":4},"end":{"line":52,"column":null}},"11":{"start":{"line":53,"column":4},"end":{"line":53,"column":null}},"12":{"start":{"line":55,"column":20},"end":{"line":55,"column":null}},"13":{"start":{"line":56,"column":20},"end":{"line":56,"column":null}},"14":{"start":{"line":58,"column":17},"end":{"line":58,"column":null}},"15":{"start":{"line":59,"column":17},"end":{"line":59,"column":null}},"16":{"start":{"line":60,"column":2},"end":{"line":63,"column":null}},"17":{"start":{"line":61,"column":4},"end":{"line":61,"column":null}},"18":{"start":{"line":62,"column":4},"end":{"line":62,"column":null}},"19":{"start":{"line":67,"column":39},"end":{"line":67,"column":null}},"20":{"start":{"line":68,"column":2},"end":{"line":84,"column":null}},"21":{"start":{"line":69,"column":21},"end":{"line":69,"column":null}},"22":{"start":{"line":70,"column":4},"end":{"line":83,"column":null}},"23":{"start":{"line":71,"column":6},"end":{"line":76,"column":null}},"24":{"start":{"line":78,"column":6},"end":{"line":81,"column":null}},"25":{"start":{"line":82,"column":6},"end":{"line":82,"column":null}},"26":{"start":{"line":86,"column":19},"end":{"line":86,"column":null}},"27":{"start":{"line":87,"column":16},"end":{"line":87,"column":null}},"28":{"start":{"line":88,"column":17},"end":{"line":88,"column":null}},"29":{"start":{"line":89,"column":2},"end":{"line":89,"column":null}},"30":{"start":{"line":91,"column":17},"end":{"line":91,"column":null}},"31":{"start":{"line":92,"column":19},"end":{"line":92,"column":null}},"32":{"start":{"line":94,"column":2},"end":{"line":94,"column":null}},"33":{"start":{"line":95,"column":2},"end":{"line":95,"column":null}},"34":{"start":{"line":97,"column":31},"end":{"line":97,"column":null}},"35":{"start":{"line":98,"column":2},"end":{"line":98,"column":null}},"36":{"start":{"line":99,"column":2},"end":{"line":99,"column":null}},"37":{"start":{"line":100,"column":2},"end":{"line":100,"column":null}}},"fnMap":{"0":{"name":"run","decl":{"start":{"line":29,"column":22},"end":{"line":29,"column":26}},"loc":{"start":{"line":29,"column":59},"end":{"line":101,"column":null}},"line":29}},"branchMap":{"0":{"loc":{"start":{"line":46,"column":2},"end":{"line":49,"column":null}},"type":"if","locations":[{"start":{"line":46,"column":2},"end":{"line":49,"column":null}},{"start":{},"end":{}}],"line":46},"1":{"loc":{"start":{"line":51,"column":2},"end":{"line":54,"column":null}},"type":"if","locations":[{"start":{"line":51,"column":2},"end":{"line":54,"column":null}},{"start":{},"end":{}}],"line":51},"2":{"loc":{"start":{"line":55,"column":20},"end":{"line":55,"column":null}},"type":"cond-expr","locations":[{"start":{"line":55,"column":53},"end":{"line":55,"column":57}},{"start":{"line":55,"column":57},"end":{"line":55,"column":null}}],"line":55},"3":{"loc":{"start":{"line":60,"column":2},"end":{"line":63,"column":null}},"type":"if","locations":[{"start":{"line":60,"column":2},"end":{"line":63,"column":null}},{"start":{},"end":{}}],"line":60}},"s":{"0":0,"1":0,"2":0,"3":0,"4":0,"5":0,"6":0,"7":0,"8":0,"9":0,"10":0,"11":0,"12":0,"13":0,"14":0,"15":0,"16":0,"17":0,"18":0,"19":0,"20":0,"21":0,"22":0,"23":0,"24":0,"25":0,"26":0,"27":0,"28":0,"29":0,"30":0,"31":0,"32":0,"33":0,"34":0,"35":0,"36":0,"37":0},"f":{"0":0},"b":{"0":[0,0],"1":[0,0],"2":[0,0],"3":[0,0]},"meta":{"lastBranch":4,"lastFunction":1,"lastStatement":38,"seen":{"s:18:14:18:Infinity":0,"f:29:22:29:26":0,"s:31:2:45:Infinity":1,"s:32:4:41:Infinity":2,"s:43:4:43:Infinity":3,"s:44:4:44:Infinity":4,"b:46:2:49:Infinity:undefined:undefined:undefined:undefined":0,"s:46:2:49:Infinity":5,"s:47:4:47:Infinity":6,"s:48:4:48:Infinity":7,"s:50:18:50:Infinity":8,"b:51:2:54:Infinity:undefined:undefined:undefined:undefined":1,"s:51:2:54:Infinity":9,"s:52:4:52:Infinity":10,"s:53:4:53:Infinity":11,"s:55:20:55:Infinity":12,"b:55:53:55:57:55:57:55:Infinity":2,"s:56:20:56:Infinity":13,"s:58:17:58:Infinity":14,"s:59:17:59:Infinity":15,"b:60:2:63:Infinity:undefined:undefined:undefined:undefined":3,"s:60:2:63:Infinity":16,"s:61:4:61:Infinity":17,"s:62:4:62:Infinity":18,"s:67:39:67:Infinity":19,"s:68:2:84:Infinity":20,"s:69:21:69:Infinity":21,"s:70:4:83:Infinity":22,"s:71:6:76:Infinity":23,"s:78:6:81:Infinity":24,"s:82:6:82:Infinity":25,"s:86:19:86:Infinity":26,"s:87:16:87:Infinity":27,"s:88:17:88:Infinity":28,"s:89:2:89:Infinity":29,"s:91:17:91:Infinity":30,"s:92:19:92:Infinity":31,"s:94:2:94:Infinity":32,"s:95:2:95:Infinity":33,"s:97:31:97:Infinity":34,"s:98:2:98:Infinity":35,"s:99:2:99:Infinity":36,"s:100:2:100:Infinity":37},"fnNames":{}}}
,"/Users/kdanmobile/Documents/private/motife/.claude/worktrees/next-phase-planning-8fadee/src/agent/commands/eval.ts": {"path":"/Users/kdanmobile/Documents/private/motife/.claude/worktrees/next-phase-planning-8fadee/src/agent/commands/eval.ts","statementMap":{"0":{"start":{"line":23,"column":14},"end":{"line":25,"column":null}},"1":{"start":{"line":40,"column":2},"end":{"line":60,"column":null}},"2":{"start":{"line":41,"column":4},"end":{"line":56,"column":null}},"3":{"start":{"line":58,"column":4},"end":{"line":58,"column":null}},"4":{"start":{"line":59,"column":4},"end":{"line":59,"column":null}},"5":{"start":{"line":61,"column":2},"end":{"line":64,"column":null}},"6":{"start":{"line":62,"column":4},"end":{"line":62,"column":null}},"7":{"start":{"line":63,"column":4},"end":{"line":63,"column":null}},"8":{"start":{"line":66,"column":15},"end":{"line":66,"column":null}},"9":{"start":{"line":67,"column":19},"end":{"line":69,"column":null}},"10":{"start":{"line":68,"column":40},"end":{"line":68,"column":67}},"11":{"start":{"line":70,"column":2},"end":{"line":75,"column":null}},"12":{"start":{"line":71,"column":4},"end":{"line":73,"column":null}},"13":{"start":{"line":72,"column":80},"end":{"line":72,"column":86}},"14":{"start":{"line":74,"column":4},"end":{"line":74,"column":null}},"15":{"start":{"line":77,"column":19},"end":{"line":77,"column":null}},"16":{"start":{"line":78,"column":16},"end":{"line":78,"column":null}},"17":{"start":{"line":79,"column":27},"end":{"line":79,"column":null}},"18":{"start":{"line":80,"column":24},"end":{"line":80,"column":null}},"19":{"start":{"line":82,"column":15},"end":{"line":82,"column":null}},"20":{"start":{"line":83,"column":19},"end":{"line":83,"column":null}},"21":{"start":{"line":84,"column":2},"end":{"line":84,"column":null}},"22":{"start":{"line":92,"column":7},"end":{"line":92,"column":null}},"23":{"start":{"line":94,"column":2},"end":{"line":139,"column":null}},"24":{"start":{"line":95,"column":4},"end":{"line":95,"column":null}},"25":{"start":{"line":97,"column":42},"end":{"line":97,"column":null}},"26":{"start":{"line":98,"column":4},"end":{"line":104,"column":null}},"27":{"start":{"line":99,"column":22},"end":{"line":99,"column":null}},"28":{"start":{"line":100,"column":6},"end":{"line":103,"column":null}},"29":{"start":{"line":106,"column":20},"end":{"line":106,"column":null}},"30":{"start":{"line":107,"column":4},"end":{"line":138,"column":null}},"31":{"start":{"line":108,"column":21},"end":{"line":120,"column":null}},"32":{"start":{"line":119,"column":23},"end":{"line":119,"column":null}},"33":{"start":{"line":121,"column":6},"end":{"line":127,"column":null}},"34":{"start":{"line":130,"column":6},"end":{"line":130,"column":null}},"35":{"start":{"line":131,"column":6},"end":{"line":137,"column":null}},"36":{"start":{"line":141,"column":21},"end":{"line":141,"column":null}},"37":{"start":{"line":142,"column":2},"end":{"line":142,"column":null}},"38":{"start":{"line":143,"column":2},"end":{"line":143,"column":null}},"39":{"start":{"line":145,"column":17},"end":{"line":145,"column":null}},"40":{"start":{"line":145,"column":43},"end":{"line":145,"column":63}},"41":{"start":{"line":146,"column":2},"end":{"line":149,"column":null}},"42":{"start":{"line":147,"column":4},"end":{"line":147,"column":null}},"43":{"start":{"line":148,"column":4},"end":{"line":148,"column":null}},"44":{"start":{"line":150,"column":2},"end":{"line":150,"column":null}},"45":{"start":{"line":151,"column":2},"end":{"line":151,"column":null}},"46":{"start":{"line":166,"column":16},"end":{"line":171,"column":null}},"47":{"start":{"line":173,"column":2},"end":{"line":192,"column":null}},"48":{"start":{"line":174,"column":4},"end":{"line":174,"column":null}},"49":{"start":{"line":175,"column":4},"end":{"line":178,"column":null}},"50":{"start":{"line":176,"column":6},"end":{"line":176,"column":null}},"51":{"start":{"line":177,"column":6},"end":{"line":177,"column":null}},"52":{"start":{"line":179,"column":14},"end":{"line":179,"column":null}},"53":{"start":{"line":180,"column":4},"end":{"line":191,"column":null}},"54":{"start":{"line":185,"column":10},"end":{"line":186,"column":null}},"55":{"start":{"line":194,"column":2},"end":{"line":202,"column":null}},"56":{"start":{"line":199,"column":30},"end":{"line":199,"column":64}},"57":{"start":{"line":203,"column":2},"end":{"line":203,"column":null}}},"fnMap":{"0":{"name":"run","decl":{"start":{"line":38,"column":22},"end":{"line":38,"column":26}},"loc":{"start":{"line":38,"column":59},"end":{"line":152,"column":null}},"line":38},"1":{"name":"(anonymous_1)","decl":{"start":{"line":68,"column":20},"end":{"line":68,"column":28}},"loc":{"start":{"line":68,"column":40},"end":{"line":68,"column":67}},"line":68},"2":{"name":"(anonymous_2)","decl":{"start":{"line":72,"column":69},"end":{"line":72,"column":74}},"loc":{"start":{"line":72,"column":80},"end":{"line":72,"column":86}},"line":72},"3":{"name":"(anonymous_3)","decl":{"start":{"line":119,"column":8},"end":{"line":119,"column":14}},"loc":{"start":{"line":119,"column":23},"end":{"line":119,"column":null}},"line":119},"4":{"name":"(anonymous_4)","decl":{"start":{"line":145,"column":25},"end":{"line":145,"column":33}},"loc":{"start":{"line":145,"column":43},"end":{"line":145,"column":63}},"line":145},"5":{"name":"renderEvalReport","decl":{"start":{"line":154,"column":9},"end":{"line":154,"column":null}},"loc":{"start":{"line":165,"column":10},"end":{"line":204,"column":null}},"line":165},"6":{"name":"(anonymous_6)","decl":{"start":{"line":183,"column":22},"end":{"line":183,"column":null}},"loc":{"start":{"line":185,"column":10},"end":{"line":186,"column":null}},"line":185},"7":{"name":"(anonymous_7)","decl":{"start":{"line":199,"column":15},"end":{"line":199,"column":20}},"loc":{"start":{"line":199,"column":30},"end":{"line":199,"column":64}},"line":199}},"branchMap":{"0":{"loc":{"start":{"line":61,"column":2},"end":{"line":64,"column":null}},"type":"if","locations":[{"start":{"line":61,"column":2},"end":{"line":64,"column":null}},{"start":{},"end":{}}],"line":61},"1":{"loc":{"start":{"line":67,"column":19},"end":{"line":69,"column":null}},"type":"cond-expr","locations":[{"start":{"line":68,"column":6},"end":{"line":68,"column":null}},{"start":{"line":69,"column":6},"end":{"line":69,"column":null}}],"line":67},"2":{"loc":{"start":{"line":70,"column":2},"end":{"line":75,"column":null}},"type":"if","locations":[{"start":{"line":70,"column":2},"end":{"line":75,"column":null}},{"start":{},"end":{}}],"line":70},"3":{"loc":{"start":{"line":98,"column":4},"end":{"line":104,"column":null}},"type":"if","locations":[{"start":{"line":98,"column":4},"end":{"line":104,"column":null}},{"start":{},"end":{}}],"line":98},"4":{"loc":{"start":{"line":101,"column":8},"end":{"line":103,"column":null}},"type":"cond-expr","locations":[{"start":{"line":102,"column":12},"end":{"line":102,"column":null}},{"start":{"line":103,"column":12},"end":{"line":103,"column":null}}],"line":101},"5":{"loc":{"start":{"line":116,"column":10},"end":{"line":118,"column":null}},"type":"cond-expr","locations":[{"start":{"line":117,"column":14},"end":{"line":117,"column":null}},{"start":{"line":118,"column":14},"end":{"line":118,"column":null}}],"line":116},"6":{"loc":{"start":{"line":125,"column":15},"end":{"line":125,"column":null}},"type":"cond-expr","locations":[{"start":{"line":125,"column":27},"end":{"line":125,"column":35}},{"start":{"line":125,"column":35},"end":{"line":125,"column":null}}],"line":125},"7":{"loc":{"start":{"line":125,"column":35},"end":{"line":125,"column":null}},"type":"binary-expr","locations":[{"start":{"line":125,"column":35},"end":{"line":125,"column":57}},{"start":{"line":125,"column":57},"end":{"line":125,"column":null}}],"line":125},"8":{"loc":{"start":{"line":146,"column":2},"end":{"line":149,"column":null}},"type":"if","locations":[{"start":{"line":146,"column":2},"end":{"line":149,"column":null}},{"start":{},"end":{}}],"line":146},"9":{"loc":{"start":{"line":175,"column":4},"end":{"line":178,"column":null}},"type":"if","locations":[{"start":{"line":175,"column":4},"end":{"line":178,"column":null}},{"start":{},"end":{}}],"line":175},"10":{"loc":{"start":{"line":175,"column":8},"end":{"line":175,"column":55}},"type":"binary-expr","locations":[{"start":{"line":175,"column":8},"end":{"line":175,"column":32}},{"start":{"line":175,"column":32},"end":{"line":175,"column":55}}],"line":175},"11":{"loc":{"start":{"line":188,"column":20},"end":{"line":188,"column":null}},"type":"cond-expr","locations":[{"start":{"line":188,"column":30},"end":{"line":188,"column":49}},{"start":{"line":188,"column":49},"end":{"line":188,"column":null}}],"line":188}},"s":{"0":0,"1":0,"2":0,"3":0,"4":0,"5":0,"6":0,"7":0,"8":0,"9":0,"10":0,"11":0,"12":0,"13":0,"14":0,"15":0,"16":0,"17":0,"18":0,"19":0,"20":0,"21":0,"22":0,"23":0,"24":0,"25":0,"26":0,"27":0,"28":0,"29":0,"30":0,"31":0,"32":0,"33":0,"34":0,"35":0,"36":0,"37":0,"38":0,"39":0,"40":0,"41":0,"42":0,"43":0,"44":0,"45":0,"46":0,"47":0,"48":0,"49":0,"50":0,"51":0,"52":0,"53":0,"54":0,"55":0,"56":0,"57":0},"f":{"0":0,"1":0,"2":0,"3":0,"4":0,"5":0,"6":0,"7":0},"b":{"0":[0,0],"1":[0,0],"2":[0,0],"3":[0,0],"4":[0,0],"5":[0,0],"6":[0,0],"7":[0,0],"8":[0,0],"9":[0,0],"10":[0,0],"11":[0,0]},"meta":{"lastBranch":12,"lastFunction":8,"lastStatement":58,"seen":{"s:23:14:25:Infinity":0,"f:38:22:38:26":0,"s:40:2:60:Infinity":1,"s:41:4:56:Infinity":2,"s:58:4:58:Infinity":3,"s:59:4:59:Infinity":4,"b:61:2:64:Infinity:undefined:undefined:undefined:undefined":0,"s:61:2:64:Infinity":5,"s:62:4:62:Infinity":6,"s:63:4:63:Infinity":7,"s:66:15:66:Infinity":8,"s:67:19:69:Infinity":9,"b:68:6:68:Infinity:69:6:69:Infinity":1,"f:68:20:68:28":1,"s:68:40:68:67":10,"b:70:2:75:Infinity:undefined:undefined:undefined:undefined":2,"s:70:2:75:Infinity":11,"s:71:4:73:Infinity":12,"f:72:69:72:74":2,"s:72:80:72:86":13,"s:74:4:74:Infinity":14,"s:77:19:77:Infinity":15,"s:78:16:78:Infinity":16,"s:79:27:79:Infinity":17,"s:80:24:80:Infinity":18,"s:82:15:82:Infinity":19,"s:83:19:83:Infinity":20,"s:84:2:84:Infinity":21,"s:92:7:92:Infinity":22,"s:94:2:139:Infinity":23,"s:95:4:95:Infinity":24,"s:97:42:97:Infinity":25,"b:98:4:104:Infinity:undefined:undefined:undefined:undefined":3,"s:98:4:104:Infinity":26,"s:99:22:99:Infinity":27,"s:100:6:103:Infinity":28,"b:102:12:102:Infinity:103:12:103:Infinity":4,"s:106:20:106:Infinity":29,"s:107:4:138:Infinity":30,"s:108:21:120:Infinity":31,"b:117:14:117:Infinity:118:14:118:Infinity":5,"f:119:8:119:14":3,"s:119:23:119:Infinity":32,"s:121:6:127:Infinity":33,"b:125:27:125:35:125:35:125:Infinity":6,"b:125:35:125:57:125:57:125:Infinity":7,"s:130:6:130:Infinity":34,"s:131:6:137:Infinity":35,"s:141:21:141:Infinity":36,"s:142:2:142:Infinity":37,"s:143:2:143:Infinity":38,"s:145:17:145:Infinity":39,"f:145:25:145:33":4,"s:145:43:145:63":40,"b:146:2:149:Infinity:undefined:undefined:undefined:undefined":8,"s:146:2:149:Infinity":41,"s:147:4:147:Infinity":42,"s:148:4:148:Infinity":43,"s:150:2:150:Infinity":44,"s:151:2:151:Infinity":45,"f:154:9:154:Infinity":5,"s:166:16:171:Infinity":46,"s:173:2:192:Infinity":47,"s:174:4:174:Infinity":48,"b:175:4:178:Infinity:undefined:undefined:undefined:undefined":9,"s:175:4:178:Infinity":49,"b:175:8:175:32:175:32:175:55":10,"s:176:6:176:Infinity":50,"s:177:6:177:Infinity":51,"s:179:14:179:Infinity":52,"s:180:4:191:Infinity":53,"f:183:22:183:Infinity":6,"s:185:10:186:Infinity":54,"b:188:30:188:49:188:49:188:Infinity":11,"s:194:2:202:Infinity":55,"f:199:15:199:20":7,"s:199:30:199:64":56,"s:203:2:203:Infinity":57},"fnNames":{}}}
[...]
,"/Users/kdanmobile/Documents/private/motife/.claude/worktrees/next-phase-planning-8fadee/src/tts/elevenlabs.ts": {"path":"/Users/kdanmobile/Documents/private/motife/.claude/worktrees/next-phase-planning-8fadee/src/tts/elevenlabs.ts","statementMap":{"0":{"start":{"line":4,"column":22},"end":{"line":4,"column":null}},"1":{"start":{"line":7,"column":17},"end":{"line":7,"column":null}},"2":{"start":{"line":8,"column":2},"end":{"line":10,"column":null}},"3":{"start":{"line":9,"column":4},"end":{"line":9,"column":null}},"4":{"start":{"line":12,"column":16},"end":{"line":12,"column":null}},"5":{"start":{"line":13,"column":2},"end":{"line":17,"column":null}},"6":{"start":{"line":14,"column":4},"end":{"line":16,"column":null}},"7":{"start":{"line":18,"column":16},"end":{"line":18,"column":null}},"8":{"start":{"line":19,"column":2},"end":{"line":40,"column":null}},"9":{"start":{"line":23,"column":23},"end":{"line":33,"column":null}},"10":{"start":{"line":34,"column":6},"end":{"line":37,"column":null}},"11":{"start":{"line":35,"column":23},"end":{"line":35,"column":null}},"12":{"start":{"line":35,"column":57},"end":{"line":35,"column":59}},"13":{"start":{"line":36,"column":8},"end":{"line":36,"column":null}},"14":{"start":{"line":38,"column":6},"end":{"line":38,"column":null}}},"fnMap":{"0":{"name":"createElevenLabsTts","decl":{"start":{"line":6,"column":16},"end":{"line":6,"column":36}},"loc":{"start":{"line":6,"column":99},"end":{"line":41,"column":null}},"line":6},"1":{"name":"synthesize","decl":{"start":{"line":22,"column":10},"end":{"line":22,"column":21}},"loc":{"start":{"line":22,"column":35},"end":{"line":39,"column":null}},"line":22},"2":{"name":"(anonymous_2)","decl":{"start":{"line":35,"column":45},"end":{"line":35,"column":57}},"loc":{"start":{"line":35,"column":57},"end":{"line":35,"column":59}},"line":35}},"branchMap":{"0":{"loc":{"start":{"line":6,"column":36},"end":{"line":6,"column":99}},"type":"default-arg","locations":[{"start":{"line":6,"column":82},"end":{"line":6,"column":99}}],"line":6},"1":{"loc":{"start":{"line":8,"column":2},"end":{"line":10,"column":null}},"type":"if","locations":[{"start":{"line":8,"column":2},"end":{"line":10,"column":null}},{"start":{},"end":{}}],"line":8},"2":{"loc":{"start":{"line":12,"column":16},"end":{"line":12,"column":null}},"type":"binary-expr","locations":[{"start":{"line":12,"column":16},"end":{"line":12,"column":33}},{"start":{"line":12,"column":33},"end":{"line":12,"column":null}}],"line":12},"3":{"loc":{"start":{"line":13,"column":2},"end":{"line":17,"column":null}},"type":"if","locations":[{"start":{"line":13,"column":2},"end":{"line":17,"column":null}},{"start":{},"end":{}}],"line":13},"4":{"loc":{"start":{"line":18,"column":16},"end":{"line":18,"column":null}},"type":"binary-expr","locations":[{"start":{"line":18,"column":16},"end":{"line":18,"column":33}},{"start":{"line":18,"column":33},"end":{"line":18,"column":null}}],"line":18},"5":{"loc":{"start":{"line":34,"column":6},"end":{"line":37,"column":null}},"type":"if","locations":[{"start":{"line":34,"column":6},"end":{"line":37,"column":null}},{"start":{},"end":{}}],"line":34}},"s":{"0":0,"1":0,"2":0,"3":0,"4":0,"5":0,"6":0,"7":0,"8":0,"9":0,"10":0,"11":0,"12":0,"13":0,"14":0},"f":{"0":0,"1":0,"2":0},"b":{"0":[0],"1":[0,0],"2":[0,0],"3":[0,0],"4":[0,0],"5":[0,0]},"meta":{"lastBranch":6,"lastFunction":3,"lastStatement":15,"seen":{"s:4:22:4:Infinity":0,"f:6:16:6:36":0,"b:6:82:6:99":0,"s:7:17:7:Infinity":1,"b:8:2:10:Infinity:undefined:undefined:undefined:undefined":1,"s:8:2:10:Infinity":2,"s:9:4:9:Infinity":3,"s:12:16:12:Infinity":4,"b:12:16:12:33:12:33:12:Infinity":2,"b:13:2:17:Infinity:undefined:undefined:undefined:undefined":3,"s:13:2:17:Infinity":5,"s:14:4:16:Infinity":6,"s:18:16:18:Infinity":7,"b:18:16:18:33:18:33:18:Infinity":4,"s:19:2:40:Infinity":8,"f:22:10:22:21":1,"s:23:23:33:Infinity":9,"b:34:6:37:Infinity:undefined:undefined:undefined:undefined":5,"s:34:6:37:Infinity":10,"s:35:23:35:Infinity":11,"f:35:45:35:57":2,"s:35:57:35:59":12,"s:36:8:36:Infinity":13,"s:38:6:38:Infinity":14},"fnNames":{}}}
,"/Users/kdanmobile/Documents/private/motife/.claude/worktrees/next-phase-planning-8fadee/src/tts/manifest.ts": {"path":"/Users/kdanmobile/Documents/private/motife/.claude/worktrees/next-phase-planning-8fadee/src/tts/manifest.ts","statementMap":{"0":{"start":{"line":9,"column":40},"end":{"line":22,"column":null}},"1":{"start":{"line":24,"column":35},"end":{"line":28,"column":null}},"2":{"start":{"line":34,"column":2},"end":{"line":34,"column":null}},"3":{"start":{"line":40,"column":17},"end":{"line":40,"column":null}},"4":{"start":{"line":41,"column":2},"end":{"line":41,"column":null}}},"fnMap":{"0":{"name":"narrationHash","decl":{"start":{"line":33,"column":16},"end":{"line":33,"column":30}},"loc":{"start":{"line":33,"column":90},"end":{"line":35,"column":null}},"line":33},"1":{"name":"parseAudioManifest","decl":{"start":{"line":39,"column":16},"end":{"line":39,"column":35}},"loc":{"start":{"line":39,"column":73},"end":{"line":42,"column":null}},"line":39}},"branchMap":{"0":{"loc":{"start":{"line":41,"column":9},"end":{"line":41,"column":null}},"type":"cond-expr","locations":[{"start":{"line":41,"column":26},"end":{"line":41,"column":40}},{"start":{"line":41,"column":40},"end":{"line":41,"column":null}}],"line":41}},"s":{"0":3,"1":3,"2":36,"3":6,"4":6},"f":{"0":36,"1":6},"b":{"0":[5,1]},"meta":{"lastBranch":1,"lastFunction":2,"lastStatement":5,"seen":{"s:9:40:22:Infinity":0,"s:24:35:28:Infinity":1,"f:33:16:33:30":0,"s:34:2:34:Infinity":2,"f:39:16:39:35":1,"s:40:17:40:Infinity":3,"s:41:2:41:Infinity":4,"b:41:26:41:40:41:40:41:Infinity":0},"fnNames":{}}}
,"/Users/kdanmobile/Documents/private/motife/.claude/worktrees/next-phase-planning-8fadee/src/tts/openai.ts": {"path":"/Users/kdanmobile/Documents/private/motife/.claude/worktrees/next-phase-planning-8fadee/src/tts/openai.ts","statementMap":{"0":{"start":{"line":4,"column":22},"end":{"line":4,"column":null}},"1":{"start":{"line":5,"column":22},"end":{"line":5,"column":null}},"2":{"start":{"line":8,"column":17},"end":{"line":8,"column":null}},"3":{"start":{"line":9,"column":2},"end":{"line":11,"column":null}},"4":{"start":{"line":10,"column":4},"end":{"line":10,"column":null}},"5":{"start":{"line":12,"column":16},"end":{"line":12,"column":null}},"6":{"start":{"line":13,"column":16},"end":{"line":13,"column":null}},"7":{"start":{"line":14,"column":2},"end":{"line":32,"column":null}},"8":{"start":{"line":18,"column":23},"end":{"line":25,"column":null}},"9":{"start":{"line":26,"column":6},"end":{"line":29,"column":null}},"10":{"start":{"line":27,"column":23},"end":{"line":27,"column":null}},"11":{"start":{"line":27,"column":57},"end":{"line":27,"column":59}},"12":{"start":{"line":28,"column":8},"end":{"line":28,"column":null}},"13":{"start":{"line":30,"column":6},"end":{"line":30,"column":null}}},"fnMap":{"0":{"name":"createOpenAiTts","decl":{"start":{"line":7,"column":16},"end":{"line":7,"column":32}},"loc":{"start":{"line":7,"column":95},"end":{"line":33,"column":null}},"line":7},"1":{"name":"synthesize","decl":{"start":{"line":17,"column":10},"end":{"line":17,"column":21}},"loc":{"start":{"line":17,"column":35},"end":{"line":31,"column":null}},"line":17},"2":{"name":"(anonymous_2)","decl":{"start":{"line":27,"column":45},"end":{"line":27,"column":57}},"loc":{"start":{"line":27,"column":57},"end":{"line":27,"column":59}},"line":27}},"branchMap":{"0":{"loc":{"start":{"line":7,"column":32},"end":{"line":7,"column":95}},"type":"default-arg","locations":[{"start":{"line":7,"column":78},"end":{"line":7,"column":95}}],"line":7},"1":{"loc":{"start":{"line":9,"column":2},"end":{"line":11,"column":null}},"type":"if","locations":[{"start":{"line":9,"column":2},"end":{"line":11,"column":null}},{"start":{},"end":{}}],"line":9},"2":{"loc":{"start":{"line":12,"column":16},"end":{"line":12,"column":null}},"type":"binary-expr","locations":[{"start":{"line":12,"column":16},"end":{"line":12,"column":33}},{"start":{"line":12,"column":33},"end":{"line":12,"column":null}}],"line":12},"3":{"loc":{"start":{"line":13,"column":16},"end":{"line":13,"column":null}},"type":"binary-expr","locations":[{"start":{"line":13,"column":16},"end":{"line":13,"column":33}},{"start":{"line":13,"column":33},"end":{"line":13,"column":null}}],"line":13},"4":{"loc":{"start":{"line":26,"column":6},"end":{"line":29,"column":null}},"type":"if","locations":[{"start":{"line":26,"column":6},"end":{"line":29,"column":null}},{"start":{},"end":{}}],"line":26}},"s":{"0":0,"1":0,"2":0,"3":0,"4":0,"5":0,"6":0,"7":0,"8":0,"9":0,"10":0,"11":0,"12":0,"13":0},"f":{"0":0,"1":0,"2":0},"b":{"0":[0],"1":[0,0],"2":[0,0],"3":[0,0],"4":[0,0]},"meta":{"lastBranch":5,"lastFunction":3,"lastStatement":14,"seen":{"s:4:22:4:Infinity":0,"s:5:22:5:Infinity":1,"f:7:16:7:32":0,"b:7:78:7:95":0,"s:8:17:8:Infinity":2,"b:9:2:11:Infinity:undefined:undefined:undefined:undefined":1,"s:9:2:11:Infinity":3,"s:10:4:10:Infinity":4,"s:12:16:12:Infinity":5,"b:12:16:12:33:12:33:12:Infinity":2,"s:13:16:13:Infinity":6,"b:13:16:13:33:13:33:13:Infinity":3,"s:14:2:32:Infinity":7,"f:17:10:17:21":1,"s:18:23:25:Infinity":8,"b:26:6:29:Infinity:undefined:undefined:undefined:undefined":4,"s:26:6:29:Infinity":9,"s:27:23:27:Infinity":10,"f:27:45:27:57":2,"s:27:57:27:59":11,"s:28:8:28:Infinity":12,"s:30:6:30:Infinity":13},"fnNames":{}}}
,"/Users/kdanmobile/Documents/private/motife/.claude/worktrees/next-phase-planning-8fadee/src/tts/provider.ts": {"path":"/Users/kdanmobile/Documents/private/motife/.claude/worktrees/next-phase-planning-8fadee/src/tts/provider.ts","statementMap":{"0":{"start":{"line":5,"column":34},"end":{"line":5,"column":null}},"1":{"start":{"line":16,"column":2},"end":{"line":16,"column":null}},"2":{"start":{"line":22,"column":17},"end":{"line":22,"column":null}},"3":{"start":{"line":23,"column":14},"end":{"line":23,"column":null}},"4":{"start":{"line":24,"column":2},"end":{"line":26,"column":null}},"5":{"start":{"line":25,"column":4},"end":{"line":25,"column":null}},"6":{"start":{"line":27,"column":2},"end":{"line":27,"column":null}}},"fnMap":{"0":{"name":"isTtsProviderName","decl":{"start":{"line":15,"column":16},"end":{"line":15,"column":34}},"loc":{"start":{"line":15,"column":75},"end":{"line":17,"column":null}},"line":15},"1":{"name":"resolveTtsProviderName","decl":{"start":{"line":19,"column":16},"end":{"line":19,"column":39}},"loc":{"start":{"line":19,"column":82},"end":{"line":28,"column":null}},"line":19}},"branchMap":{"0":{"loc":{"start":{"line":23,"column":14},"end":{"line":23,"column":null}},"type":"binary-expr","locations":[{"start":{"line":23,"column":14},"end":{"line":23,"column":23}},{"start":{"line":23,"column":23},"end":{"line":23,"column":79}},{"start":{"line":23,"column":79},"end":{"line":23,"column":null}}],"line":23},"1":{"loc":{"start":{"line":24,"column":2},"end":{"line":26,"column":null}},"type":"if","locations":[{"start":{"line":24,"column":2},"end":{"line":26,"column":null}},{"start":{},"end":{}}],"line":24}},"s":{"0":0,"1":0,"2":0,"3":0,"4":0,"5":0,"6":0},"f":{"0":0,"1":0},"b":{"0":[0,0,0],"1":[0,0]},"meta":{"lastBranch":2,"lastFunction":2,"lastStatement":7,"seen":{"s:5:34:5:Infinity":0,"f:15:16:15:34":0,"s:16:2:16:Infinity":1,"f:19:16:19:39":1,"s:22:17:22:Infinity":2,"s:23:14:23:Infinity":3,"b:23:14:23:23:23:23:23:79:23:79:23:Infinity":0,"b:24:2:26:Infinity:undefined:undefined:undefined:undefined":1,"s:24:2:26:Infinity":4,"s:25:4:25:Infinity":5,"s:27:2:27:Infinity":6},"fnNames":{}}}
,"/Users/kdanmobile/Documents/private/motife/.claude/worktrees/next-phase-planning-8fadee/src/tts/synthesize.ts": {"path":"/Users/kdanmobile/Documents/private/motife/.claude/worktrees/next-phase-planning-8fadee/src/tts/synthesize.ts","statementMap":{"0":{"start":{"line":36,"column":24},"end":{"line":36,"column":null}},"1":{"start":{"line":37,"column":19},"end":{"line":37,"column":null}},"2":{"start":{"line":38,"column":19},"end":{"line":38,"column":null}},"3":{"start":{"line":39,"column":2},"end":{"line":41,"column":null}},"4":{"start":{"line":40,"column":4},"end":{"line":40,"column":null}},"5":{"start":{"line":42,"column":2},"end":{"line":42,"column":null}},"6":{"start":{"line":55,"column":6},"end":{"line":55,"column":null}},"7":{"start":{"line":57,"column":2},"end":{"line":57,"column":null}},"8":{"start":{"line":59,"column":19},"end":{"line":59,"column":null}},"9":{"start":{"line":60,"column":53},"end":{"line":60,"column":null}},"10":{"start":{"line":61,"column":32},"end":{"line":61,"column":null}},"11":{"start":{"line":62,"column":27},"end":{"line":62,"column":null}},"12":{"start":{"line":64,"column":2},"end":{"line":83,"column":null}},"13":{"start":{"line":65,"column":17},"end":{"line":65,"column":null}},"14":{"start":{"line":66,"column":16},"end":{"line":66,"column":null}},"15":{"start":{"line":67,"column":21},"end":{"line":67,"column":null}},"16":{"start":{"line":69,"column":18},"end":{"line":69,"column":null}},"17":{"start":{"line":70,"column":4},"end":{"line":75,"column":null}},"18":{"start":{"line":71,"column":6},"end":{"line":71,"column":null}},"19":{"start":{"line":72,"column":6},"end":{"line":72,"column":null}},"20":{"start":{"line":73,"column":6},"end":{"line":73,"column":null}},"21":{"start":{"line":74,"column":6},"end":{"line":74,"column":null}},"22":{"start":{"line":77,"column":4},"end":{"line":77,"column":null}},"23":{"start":{"line":78,"column":22},"end":{"line":78,"column":null}},"24":{"start":{"line":79,"column":4},"end":{"line":79,"column":null}},"25":{"start":{"line":80,"column":30},"end":{"line":80,"column":null}},"26":{"start":{"line":81,"column":4},"end":{"line":81,"column":null}},"27":{"start":{"line":82,"column":4},"end":{"line":82,"column":null}},"28":{"start":{"line":85,"column":34},"end":{"line":85,"column":null}},"29":{"start":{"line":86,"column":2},"end":{"line":86,"column":null}},"30":{"start":{"line":87,"column":2},"end":{"line":87,"column":null}},"31":{"start":{"line":91,"column":2},"end":{"line":96,"column":null}},"32":{"start":{"line":92,"column":16},"end":{"line":92,"column":null}},"33":{"start":{"line":93,"column":4},"end":{"line":93,"column":null}},"34":{"start":{"line":95,"column":4},"end":{"line":95,"column":null}},"35":{"start":{"line":100,"column":2},"end":{"line":104,"column":null}},"36":{"start":{"line":101,"column":4},"end":{"line":101,"column":null}},"37":{"start":{"line":103,"column":4},"end":{"line":103,"column":null}}},"fnMap":{"0":{"name":"measureWithMusicMetadata","decl":{"start":{"line":35,"column":15},"end":{"line":35,"column":40}},"loc":{"start":{"line":35,"column":75},"end":{"line":43,"column":null}},"line":35},"1":{"name":"synthesizeDoc","decl":{"start":{"line":45,"column":22},"end":{"line":45,"column":36}},"loc":{"start":{"line":45,"column":97},"end":{"line":88,"column":null}},"line":45},"2":{"name":"(anonymous_2)","decl":{"start":{"line":54,"column":4},"end":{"line":54,"column":16}},"loc":{"start":{"line":54,"column":16},"end":{"line":54,"column":null}},"line":54},"3":{"name":"readManifest","decl":{"start":{"line":90,"column":15},"end":{"line":90,"column":28}},"loc":{"start":{"line":90,"column":81},"end":{"line":97,"column":null}},"line":90},"4":{"name":"fileExists","decl":{"start":{"line":99,"column":15},"end":{"line":99,"column":26}},"loc":{"start":{"line":99,"column":62},"end":{"line":105,"column":null}},"line":99}},"branchMap":{"0":{"loc":{"start":{"line":39,"column":2},"end":{"line":41,"column":null}},"type":"if","locations":[{"start":{"line":39,"column":2},"end":{"line":41,"column":null}},{"start":{},"end":{}}],"line":39},"1":{"loc":{"start":{"line":39,"column":6},"end":{"line":39,"column":83}},"type":"binary-expr","locations":[{"start":{"line":39,"column":6},"end":{"line":39,"column":38}},{"start":{"line":39,"column":38},"end":{"line":39,"column":68}},{"start":{"line":39,"column":68},"end":{"line":39,"column":83}}],"line":39},"2":{"loc":{"start":{"line":51,"column":4},"end":{"line":51,"column":null}},"type":"default-arg","locations":[{"start":{"line":51,"column":12},"end":{"line":51,"column":null}}],"line":51},"3":{"loc":{"start":{"line":52,"column":4},"end":{"line":52,"column":null}},"type":"default-arg","locations":[{"start":{"line":52,"column":18},"end":{"line":52,"column":null}}],"line":52},"4":{"loc":{"start":{"line":53,"column":4},"end":{"line":53,"column":null}},"type":"default-arg","locations":[{"start":{"line":53,"column":29},"end":{"line":53,"column":null}}],"line":53},"5":{"loc":{"start":{"line":54,"column":4},"end":{"line":54,"column":null}},"type":"default-arg","locations":[{"start":{"line":54,"column":4},"end":{"line":54,"column":null}}],"line":54},"6":{"loc":{"start":{"line":59,"column":19},"end":{"line":59,"column":null}},"type":"cond-expr","locations":[{"start":{"line":59,"column":27},"end":{"line":59,"column":34}},{"start":{"line":59,"column":34},"end":{"line":59,"column":null}}],"line":59},"7":{"loc":{"start":{"line":70,"column":4},"end":{"line":75,"column":null}},"type":"if","locations":[{"start":{"line":70,"column":4},"end":{"line":75,"column":null}},{"start":{},"end":{}}],"line":70},"8":{"loc":{"start":{"line":70,"column":8},"end":{"line":70,"column":79}},"type":"binary-expr","locations":[{"start":{"line":70,"column":8},"end":{"line":70,"column":17}},{"start":{"line":70,"column":17},"end":{"line":70,"column":50}},{"start":{"line":70,"column":50},"end":{"line":70,"column":79}}],"line":70}},"s":{"0":0,"1":0,"2":0,"3":0,"4":0,"5":0,"6":9,"7":9,"8":9,"9":8,"10":8,"11":8,"12":8,"13":36,"14":36,"15":36,"16":36,"17":36,"18":7,"19":7,"20":7,"21":7,"22":29,"23":29,"24":29,"25":29,"26":29,"27":29,"28":9,"29":9,"30":9,"31":8,"32":8,"33":3,"34":5,"35":7,"36":7,"37":0},"f":{"0":0,"1":9,"2":36,"3":8,"4":7},"b":{"0":[0,0],"1":[0,0,0],"2":[9],"3":[9],"4":[9],"5":[36],"6":[1,8],"7":[7,29],"8":[36,12,7]},"meta":{"lastBranch":9,"lastFunction":5,"lastStatement":38,"seen":{"f:35:15:35:40":0,"s:36:24:36:Infinity":0,"s:37:19:37:Infinity":1,"s:38:19:38:Infinity":2,"b:39:2:41:Infinity:undefined:undefined:undefined:undefined":0,"s:39:2:41:Infinity":3,"b:39:6:39:38:39:38:39:68:39:68:39:83":1,"s:40:4:40:Infinity":4,"s:42:2:42:Infinity":5,"f:45:22:45:36":1,"s:55:6:55:Infinity":6,"b:51:12:51:Infinity":2,"b:52:18:52:Infinity":3,"b:53:29:53:Infinity":4,"b:54:4:54:Infinity":5,"f:54:4:54:16":2,"s:57:2:57:Infinity":7,"s:59:19:59:Infinity":8,"b:59:27:59:34:59:34:59:Infinity":6,"s:60:53:60:Infinity":9,"s:61:32:61:Infinity":10,"s:62:27:62:Infinity":11,"s:64:2:83:Infinity":12,"s:65:17:65:Infinity":13,"s:66:16:66:Infinity":14,"s:67:21:67:Infinity":15,"s:69:18:69:Infinity":16,"b:70:4:75:Infinity:undefined:undefined:undefined:undefined":7,"s:70:4:75:Infinity":17,"b:70:8:70:17:70:17:70:50:70:50:70:79":8,"s:71:6:71:Infinity":18,"s:72:6:72:Infinity":19,"s:73:6:73:Infinity":20,"s:74:6:74:Infinity":21,"s:77:4:77:Infinity":22,"s:78:22:78:Infinity":23,"s:79:4:79:Infinity":24,"s:80:30:80:Infinity":25,"s:81:4:81:Infinity":26,"s:82:4:82:Infinity":27,"s:85:34:85:Infinity":28,"s:86:2:86:Infinity":29,"s:87:2:87:Infinity":30,"f:90:15:90:28":3,"s:91:2:96:Infinity":31,"s:92:16:92:Infinity":32,"s:93:4:93:Infinity":33,"s:95:4:95:Infinity":34,"f:99:15:99:26":4,"s:100:2:104:Infinity":35,"s:101:4:101:Infinity":36,"s:103:4:103:Infinity":37},"fnNames":{}}}
}
